[ 2016-04-23T09:08:21+08:00 ] 127.0.0.1 /linux/3-31/index.php
INFO: [ app_init ] --START--
INFO: Run Behavior\BuildLiteBehavior [ RunTime:0.000044s ]
INFO: [ app_init ] --END-- [ RunTime:0.001962s ]
INFO: [ app_begin ] --START--
INFO: Run Behavior\ReadHtmlCacheBehavior [ RunTime:0.004533s ]
INFO: [ app_begin ] --END-- [ RunTime:0.004885s ]
NOTIC: [2048] Declaration of Home\Controller\IndexController::show() should be compatible with that of Think\Controller::show() D:\web\apache\htdocs\linux\3-31\Apps\Home\Controller\IndexController.class.php 第 139 行.
SQL: SHOW COLUMNS FROM `type` [ RunTime:0.0340s ]
SQL: SHOW COLUMNS FROM `type` [ RunTime:0.0077s ]
SQL: SELECT * FROM `type`  [ RunTime:0.0013s ]
INFO: [ view_parse ] --START--
INFO: [ template_filter ] --START--
INFO: Run Behavior\ContentReplaceBehavior [ RunTime:0.000077s ]
INFO: [ template_filter ] --END-- [ RunTime:0.000175s ]
INFO: Run Behavior\ParseTemplateBehavior [ RunTime:0.044525s ]
INFO: [ view_parse ] --END-- [ RunTime:0.044672s ]
INFO: [ view_filter ] --START--
INFO: Run Behavior\WriteHtmlCacheBehavior [ RunTime:0.016300s ]
INFO: [ view_filter ] --END-- [ RunTime:0.016403s ]
INFO: [ app_end ] --START--
INFO: Run Behavior\ShowPageTraceBehavior [ RunTime:0.010189s ]
INFO: [ app_end ] --END-- [ RunTime:0.010306s ]

[ 2016-04-23T09:08:30+08:00 ] 127.0.0.1 /linux/3-31/index.php/Home/Index/add/
INFO: [ app_init ] --START--
INFO: Run Behavior\BuildLiteBehavior [ RunTime:0.000016s ]
INFO: [ app_init ] --END-- [ RunTime:0.000553s ]
INFO: [ app_begin ] --START--
INFO: Run Behavior\ReadHtmlCacheBehavior [ RunTime:0.001267s ]
INFO: [ app_begin ] --END-- [ RunTime:0.001368s ]
NOTIC: [2048] Declaration of Home\Controller\IndexController::show() should be compatible with that of Think\Controller::show() D:\web\apache\htdocs\linux\3-31\Apps\Home\Controller\IndexController.class.php 第 139 行.
NOTIC: [2] call_user_func() expects parameter 1 to be a valid callback, no array or string given D:\web\apache\htdocs\linux\3-31\ThinkPHP\Library\Think\Upload.class.php 第 170 行.
NOTIC: [2048] Declaration of Home\Model\ImageModel::add() should be compatible with that of Think\Model::add() D:\web\apache\htdocs\linux\3-31\Apps\Home\Model\ImageModel.class.php 第 4 行.
NOTIC: [2048] Declaration of Home\Model\ImageModel::delete() should be compatible with that of Think\Model::delete() D:\web\apache\htdocs\linux\3-31\Apps\Home\Model\ImageModel.class.php 第 4 行.
SQL: SHOW COLUMNS FROM `image` [ RunTime:0.0360s ]
SQL: SHOW COLUMNS FROM `image` [ RunTime:0.0083s ]
SQL: INSERT INTO `image` (`f_name`,`t_id`,`f_face`) VALUES ('山楂树之恋','2','./Public/uploads/2016-04-23/571acb0e4755e.jpg') [ RunTime:0.0276s ]
INFO: [ view_parse ] --START--
INFO: [ template_filter ] --START--
INFO: Run Behavior\ContentReplaceBehavior [ RunTime:0.000087s ]
INFO: [ template_filter ] --END-- [ RunTime:0.000206s ]
INFO: Run Behavior\ParseTemplateBehavior [ RunTime:0.024592s ]
INFO: [ view_parse ] --END-- [ RunTime:0.024789s ]
INFO: [ view_filter ] --START--
INFO: Run Behavior\WriteHtmlCacheBehavior [ RunTime:0.002937s ]
INFO: [ view_filter ] --END-- [ RunTime:0.003086s ]
INFO: [ app_end ] --START--
INFO: Run Behavior\ShowPageTraceBehavior [ RunTime:0.003373s ]
INFO: [ app_end ] --END-- [ RunTime:0.003526s ]

[ 2016-04-23T09:08:31+08:00 ] 127.0.0.1 /linux/3-31/index.php/Home/Index/show.html
INFO: [ app_init ] --START--
INFO: Run Behavior\BuildLiteBehavior [ RunTime:0.000016s ]
INFO: [ app_init ] --END-- [ RunTime:0.000653s ]
INFO: [ app_begin ] --START--
INFO: Run Behavior\ReadHtmlCacheBehavior [ RunTime:0.001588s ]
INFO: [ app_begin ] --END-- [ RunTime:0.001700s ]
NOTIC: [2048] Declaration of Home\Controller\IndexController::show() should be compatible with that of Think\Controller::show() D:\web\apache\htdocs\linux\3-31\Apps\Home\Controller\IndexController.class.php 第 139 行.
SQL: SHOW COLUMNS FROM `image` [ RunTime:0.0046s ]
SQL: SELECT COUNT(*) AS tp_count FROM `image` INNER JOIN Type on Image.t_id=Type.t_id  WHERE ( f_name like '%%' && t_type like '%%'  ) LIMIT 1   [ RunTime:0.0006s ]
SQL: SELECT * FROM `image` INNER JOIN Type on Image.t_id=Type.t_id  WHERE ( f_name like '%%' && t_type like '%%'  ) LIMIT 0,3   [ RunTime:0.0005s ]
INFO: [ view_parse ] --START--
INFO: [ template_filter ] --START--
INFO: Run Behavior\ContentReplaceBehavior [ RunTime:0.000061s ]
INFO: [ template_filter ] --END-- [ RunTime:0.000126s ]
INFO: Run Behavior\ParseTemplateBehavior [ RunTime:0.071907s ]
INFO: [ view_parse ] --END-- [ RunTime:0.072016s ]
INFO: [ view_filter ] --START--
INFO: Run Behavior\WriteHtmlCacheBehavior [ RunTime:0.001625s ]
INFO: [ view_filter ] --END-- [ RunTime:0.001714s ]
INFO: [ app_end ] --START--
INFO: Run Behavior\ShowPageTraceBehavior [ RunTime:0.001632s ]
INFO: [ app_end ] --END-- [ RunTime:0.001686s ]

[ 2016-04-23T09:08:33+08:00 ] 127.0.0.1 /linux/3-31/index.php/Home/Index/show?page=2&search1=&search2=
INFO: [ app_init ] --START--
INFO: Run Behavior\BuildLiteBehavior [ RunTime:0.000013s ]
INFO: [ app_init ] --END-- [ RunTime:0.000364s ]
INFO: [ app_begin ] --START--
INFO: Run Behavior\ReadHtmlCacheBehavior [ RunTime:0.000724s ]
INFO: [ app_begin ] --END-- [ RunTime:0.000817s ]
NOTIC: [2048] Declaration of Home\Controller\IndexController::show() should be compatible with that of Think\Controller::show() D:\web\apache\htdocs\linux\3-31\Apps\Home\Controller\IndexController.class.php 第 139 行.
SQL: SHOW COLUMNS FROM `image` [ RunTime:0.0046s ]
SQL: SELECT COUNT(*) AS tp_count FROM `image` INNER JOIN Type on Image.t_id=Type.t_id  WHERE ( f_name like '%%' && t_type like '%%'  ) LIMIT 1   [ RunTime:0.0005s ]
SQL: SELECT * FROM `image` INNER JOIN Type on Image.t_id=Type.t_id  WHERE ( f_name like '%%' && t_type like '%%'  ) LIMIT 3,3   [ RunTime:0.0005s ]
INFO: [ view_parse ] --START--
INFO: [ template_filter ] --START--
INFO: Run Behavior\ContentReplaceBehavior [ RunTime:0.000084s ]
INFO: [ template_filter ] --END-- [ RunTime:0.000166s ]
INFO: Run Behavior\ParseTemplateBehavior [ RunTime:0.009716s ]
INFO: [ view_parse ] --END-- [ RunTime:0.009798s ]
INFO: [ view_filter ] --START--
INFO: Run Behavior\WriteHtmlCacheBehavior [ RunTime:0.000499s ]
INFO: [ view_filter ] --END-- [ RunTime:0.000552s ]
INFO: [ app_end ] --START--
INFO: Run Behavior\ShowPageTraceBehavior [ RunTime:0.000827s ]
INFO: [ app_end ] --END-- [ RunTime:0.000893s ]

[ 2016-04-23T09:09:27+08:00 ] 127.0.0.1 /linux/3-31/index.php/Home/Index/show?page=3&search1=&search2=
INFO: [ app_init ] --START--
INFO: Run Behavior\BuildLiteBehavior [ RunTime:0.000013s ]
INFO: [ app_init ] --END-- [ RunTime:0.000364s ]
INFO: [ app_begin ] --START--
INFO: Run Behavior\ReadHtmlCacheBehavior [ RunTime:0.000851s ]
INFO: [ app_begin ] --END-- [ RunTime:0.000922s ]
NOTIC: [2048] Declaration of Home\Controller\IndexController::show() should be compatible with that of Think\Controller::show() D:\web\apache\htdocs\linux\3-31\Apps\Home\Controller\IndexController.class.php 第 139 行.
SQL: SHOW COLUMNS FROM `image` [ RunTime:0.0045s ]
SQL: SELECT COUNT(*) AS tp_count FROM `image` INNER JOIN Type on Image.t_id=Type.t_id  WHERE ( f_name like '%%' && t_type like '%%'  ) LIMIT 1   [ RunTime:0.0009s ]
SQL: SELECT * FROM `image` INNER JOIN Type on Image.t_id=Type.t_id  WHERE ( f_name like '%%' && t_type like '%%'  ) LIMIT 6,3   [ RunTime:0.0004s ]
INFO: [ view_parse ] --START--
INFO: [ template_filter ] --START--
INFO: Run Behavior\ContentReplaceBehavior [ RunTime:0.000057s ]
INFO: [ template_filter ] --END-- [ RunTime:0.000118s ]
INFO: Run Behavior\ParseTemplateBehavior [ RunTime:0.008436s ]
INFO: [ view_parse ] --END-- [ RunTime:0.008522s ]
INFO: [ view_filter ] --START--
INFO: Run Behavior\WriteHtmlCacheBehavior [ RunTime:0.000456s ]
INFO: [ view_filter ] --END-- [ RunTime:0.000519s ]
INFO: [ app_end ] --START--
INFO: Run Behavior\ShowPageTraceBehavior [ RunTime:0.000730s ]
INFO: [ app_end ] --END-- [ RunTime:0.000779s ]

[ 2016-04-23T09:09:29+08:00 ] 127.0.0.1 /linux/3-31/index.php/Home/Index/show?page=4&search1=&search2=
INFO: [ app_init ] --START--
INFO: Run Behavior\BuildLiteBehavior [ RunTime:0.000015s ]
INFO: [ app_init ] --END-- [ RunTime:0.000437s ]
INFO: [ app_begin ] --START--
INFO: Run Behavior\ReadHtmlCacheBehavior [ RunTime:0.000841s ]
INFO: [ app_begin ] --END-- [ RunTime:0.000916s ]
NOTIC: [2048] Declaration of Home\Controller\IndexController::show() should be compatible with that of Think\Controller::show() D:\web\apache\htdocs\linux\3-31\Apps\Home\Controller\IndexController.class.php 第 139 行.
SQL: SHOW COLUMNS FROM `image` [ RunTime:0.0050s ]
SQL: SELECT COUNT(*) AS tp_count FROM `image` INNER JOIN Type on Image.t_id=Type.t_id  WHERE ( f_name like '%%' && t_type like '%%'  ) LIMIT 1   [ RunTime:0.0006s ]
SQL: SELECT * FROM `image` INNER JOIN Type on Image.t_id=Type.t_id  WHERE ( f_name like '%%' && t_type like '%%'  ) LIMIT 9,3   [ RunTime:0.0003s ]
INFO: [ view_parse ] --START--
INFO: [ template_filter ] --START--
INFO: Run Behavior\ContentReplaceBehavior [ RunTime:0.000062s ]
INFO: [ template_filter ] --END-- [ RunTime:0.000134s ]
INFO: Run Behavior\ParseTemplateBehavior [ RunTime:0.010153s ]
INFO: [ view_parse ] --END-- [ RunTime:0.010241s ]
INFO: [ view_filter ] --START--
INFO: Run Behavior\WriteHtmlCacheBehavior [ RunTime:0.000453s ]
INFO: [ view_filter ] --END-- [ RunTime:0.000512s ]
INFO: [ app_end ] --START--
INFO: Run Behavior\ShowPageTraceBehavior [ RunTime:0.000749s ]
INFO: [ app_end ] --END-- [ RunTime:0.000815s ]

[ 2016-04-23T09:09:37+08:00 ] 127.0.0.1 /linux/3-31/index.php/Home/Index/show?page=1&search1=%E6%88%98%E7%81%AB&search2=
INFO: [ app_init ] --START--
INFO: Run Behavior\BuildLiteBehavior [ RunTime:0.000014s ]
INFO: [ app_init ] --END-- [ RunTime:0.000394s ]
INFO: [ app_begin ] --START--
INFO: Run Behavior\ReadHtmlCacheBehavior [ RunTime:0.000707s ]
INFO: [ app_begin ] --END-- [ RunTime:0.000783s ]
NOTIC: [2048] Declaration of Home\Controller\IndexController::show() should be compatible with that of Think\Controller::show() D:\web\apache\htdocs\linux\3-31\Apps\Home\Controller\IndexController.class.php 第 139 行.
SQL: SHOW COLUMNS FROM `image` [ RunTime:0.0052s ]
SQL: SELECT COUNT(*) AS tp_count FROM `image` INNER JOIN Type on Image.t_id=Type.t_id  WHERE ( f_name like '%战火%' && t_type like '%%'  ) LIMIT 1   [ RunTime:0.0013s ]
SQL: SELECT * FROM `image` INNER JOIN Type on Image.t_id=Type.t_id  WHERE ( f_name like '%战火%' && t_type like '%%'  ) LIMIT 0,3   [ RunTime:0.0005s ]
INFO: [ view_parse ] --START--
INFO: [ template_filter ] --START--
INFO: Run Behavior\ContentReplaceBehavior [ RunTime:0.000059s ]
INFO: [ template_filter ] --END-- [ RunTime:0.000116s ]
INFO: Run Behavior\ParseTemplateBehavior [ RunTime:0.009253s ]
INFO: [ view_parse ] --END-- [ RunTime:0.009349s ]
INFO: [ view_filter ] --START--
INFO: Run Behavior\WriteHtmlCacheBehavior [ RunTime:0.000471s ]
INFO: [ view_filter ] --END-- [ RunTime:0.000552s ]
INFO: [ app_end ] --START--
INFO: Run Behavior\ShowPageTraceBehavior [ RunTime:0.001373s ]
INFO: [ app_end ] --END-- [ RunTime:0.001495s ]

[ 2016-04-23T09:09:44+08:00 ] 127.0.0.1 /linux/3-31/index.php/Home/Index/show?page=1&search1=%E6%88%98%E7%81%AB&search2=%E6%A2%A6%E5%B9%BB
INFO: [ app_init ] --START--
INFO: Run Behavior\BuildLiteBehavior [ RunTime:0.000015s ]
INFO: [ app_init ] --END-- [ RunTime:0.000471s ]
INFO: [ app_begin ] --START--
INFO: Run Behavior\ReadHtmlCacheBehavior [ RunTime:0.000644s ]
INFO: [ app_begin ] --END-- [ RunTime:0.000711s ]
NOTIC: [2048] Declaration of Home\Controller\IndexController::show() should be compatible with that of Think\Controller::show() D:\web\apache\htdocs\linux\3-31\Apps\Home\Controller\IndexController.class.php 第 139 行.
SQL: SHOW COLUMNS FROM `image` [ RunTime:0.0052s ]
SQL: SELECT COUNT(*) AS tp_count FROM `image` INNER JOIN Type on Image.t_id=Type.t_id  WHERE ( f_name like '%战火%' && t_type like '%梦幻%'  ) LIMIT 1   [ RunTime:0.0009s ]
SQL: SELECT * FROM `image` INNER JOIN Type on Image.t_id=Type.t_id  WHERE ( f_name like '%战火%' && t_type like '%梦幻%'  ) LIMIT 0,3   [ RunTime:0.0004s ]
INFO: [ view_parse ] --START--
INFO: [ template_filter ] --START--
INFO: Run Behavior\ContentReplaceBehavior [ RunTime:0.000081s ]
INFO: [ template_filter ] --END-- [ RunTime:0.000170s ]
INFO: Run Behavior\ParseTemplateBehavior [ RunTime:0.008535s ]
INFO: [ view_parse ] --END-- [ RunTime:0.008626s ]
INFO: [ view_filter ] --START--
INFO: Run Behavior\WriteHtmlCacheBehavior [ RunTime:0.000402s ]
INFO: [ view_filter ] --END-- [ RunTime:0.000453s ]
INFO: [ app_end ] --START--
INFO: Run Behavior\ShowPageTraceBehavior [ RunTime:0.000683s ]
INFO: [ app_end ] --END-- [ RunTime:0.000734s ]

[ 2016-04-23T09:09:48+08:00 ] 127.0.0.1 /linux/3-31/index.php/Home/Index/show.html
INFO: [ app_init ] --START--
INFO: Run Behavior\BuildLiteBehavior [ RunTime:0.000014s ]
INFO: [ app_init ] --END-- [ RunTime:0.000348s ]
INFO: [ app_begin ] --START--
INFO: Run Behavior\ReadHtmlCacheBehavior [ RunTime:0.000791s ]
INFO: [ app_begin ] --END-- [ RunTime:0.000862s ]
NOTIC: [2048] Declaration of Home\Controller\IndexController::show() should be compatible with that of Think\Controller::show() D:\web\apache\htdocs\linux\3-31\Apps\Home\Controller\IndexController.class.php 第 139 行.
SQL: SHOW COLUMNS FROM `image` [ RunTime:0.0046s ]
SQL: SELECT COUNT(*) AS tp_count FROM `image` INNER JOIN Type on Image.t_id=Type.t_id  WHERE ( f_name like '%%' && t_type like '%%'  ) LIMIT 1   [ RunTime:0.0008s ]
SQL: SELECT * FROM `image` INNER JOIN Type on Image.t_id=Type.t_id  WHERE ( f_name like '%%' && t_type like '%%'  ) LIMIT 0,3   [ RunTime:0.0012s ]
INFO: [ view_parse ] --START--
INFO: [ template_filter ] --START--
INFO: Run Behavior\ContentReplaceBehavior [ RunTime:0.000059s ]
INFO: [ template_filter ] --END-- [ RunTime:0.000128s ]
INFO: Run Behavior\ParseTemplateBehavior [ RunTime:0.008430s ]
INFO: [ view_parse ] --END-- [ RunTime:0.008516s ]
INFO: [ view_filter ] --START--
INFO: Run Behavior\WriteHtmlCacheBehavior [ RunTime:0.000393s ]
INFO: [ view_filter ] --END-- [ RunTime:0.000452s ]
INFO: [ app_end ] --START--
INFO: Run Behavior\ShowPageTraceBehavior [ RunTime:0.000736s ]
INFO: [ app_end ] --END-- [ RunTime:0.000785s ]

[ 2016-04-23T09:10:32+08:00 ] 127.0.0.1 /linux/3-31/index.php/Home/Index/show.html
INFO: [ app_init ] --START--
INFO: Run Behavior\BuildLiteBehavior [ RunTime:0.000014s ]
INFO: [ app_init ] --END-- [ RunTime:0.000445s ]
INFO: [ app_begin ] --START--
INFO: Run Behavior\ReadHtmlCacheBehavior [ RunTime:0.000796s ]
INFO: [ app_begin ] --END-- [ RunTime:0.000874s ]
NOTIC: [2048] Declaration of Home\Controller\IndexController::show() should be compatible with that of Think\Controller::show() D:\web\apache\htdocs\linux\3-31\Apps\Home\Controller\IndexController.class.php 第 99 行.
SQL: SHOW COLUMNS FROM `image` [ RunTime:0.0043s ]
SQL: SELECT COUNT(*) AS tp_count FROM `image` INNER JOIN Type on Image.t_id=Type.t_id  WHERE ( f_name like '%%' && t_type like '%%'  ) LIMIT 1   [ RunTime:0.0010s ]
SQL: SELECT * FROM `image` INNER JOIN Type on Image.t_id=Type.t_id  WHERE ( f_name like '%%' && t_type like '%%'  ) LIMIT 0,3   [ RunTime:0.0004s ]
INFO: [ view_parse ] --START--
INFO: [ template_filter ] --START--
INFO: Run Behavior\ContentReplaceBehavior [ RunTime:0.000064s ]
INFO: [ template_filter ] --END-- [ RunTime:0.000136s ]
INFO: Run Behavior\ParseTemplateBehavior [ RunTime:0.009007s ]
INFO: [ view_parse ] --END-- [ RunTime:0.009087s ]
INFO: [ view_filter ] --START--
INFO: Run Behavior\WriteHtmlCacheBehavior [ RunTime:0.000443s ]
INFO: [ view_filter ] --END-- [ RunTime:0.000508s ]
INFO: [ app_end ] --START--
INFO: Run Behavior\ShowPageTraceBehavior [ RunTime:0.000753s ]
INFO: [ app_end ] --END-- [ RunTime:0.000813s ]

[ 2016-04-23T09:10:33+08:00 ] 127.0.0.1 /linux/3-31/index.php/Home/Index/show.html
INFO: [ app_init ] --START--
INFO: Run Behavior\BuildLiteBehavior [ RunTime:0.000018s ]
INFO: [ app_init ] --END-- [ RunTime:0.000408s ]
INFO: [ app_begin ] --START--
INFO: Run Behavior\ReadHtmlCacheBehavior [ RunTime:0.000793s ]
INFO: [ app_begin ] --END-- [ RunTime:0.000878s ]
NOTIC: [2048] Declaration of Home\Controller\IndexController::show() should be compatible with that of Think\Controller::show() D:\web\apache\htdocs\linux\3-31\Apps\Home\Controller\IndexController.class.php 第 99 行.
SQL: SHOW COLUMNS FROM `image` [ RunTime:0.0055s ]
SQL: SELECT COUNT(*) AS tp_count FROM `image` INNER JOIN Type on Image.t_id=Type.t_id  WHERE ( f_name like '%%' && t_type like '%%'  ) LIMIT 1   [ RunTime:0.0008s ]
SQL: SELECT * FROM `image` INNER JOIN Type on Image.t_id=Type.t_id  WHERE ( f_name like '%%' && t_type like '%%'  ) LIMIT 0,3   [ RunTime:0.0005s ]
INFO: [ view_parse ] --START--
INFO: [ template_filter ] --START--
INFO: Run Behavior\ContentReplaceBehavior [ RunTime:0.000060s ]
INFO: [ template_filter ] --END-- [ RunTime:0.000137s ]
INFO: Run Behavior\ParseTemplateBehavior [ RunTime:0.008344s ]
INFO: [ view_parse ] --END-- [ RunTime:0.008454s ]
INFO: [ view_filter ] --START--
INFO: Run Behavior\WriteHtmlCacheBehavior [ RunTime:0.000448s ]
INFO: [ view_filter ] --END-- [ RunTime:0.000503s ]
INFO: [ app_end ] --START--
INFO: Run Behavior\ShowPageTraceBehavior [ RunTime:0.000687s ]
INFO: [ app_end ] --END-- [ RunTime:0.000740s ]

[ 2016-04-23T09:10:35+08:00 ] 127.0.0.1 /linux/3-31/index.php/Home/Index/show?page=1&search1=&search2=
INFO: [ app_init ] --START--
INFO: Run Behavior\BuildLiteBehavior [ RunTime:0.000015s ]
INFO: [ app_init ] --END-- [ RunTime:0.000396s ]
INFO: [ app_begin ] --START--
INFO: Run Behavior\ReadHtmlCacheBehavior [ RunTime:0.000690s ]
INFO: [ app_begin ] --END-- [ RunTime:0.000754s ]
NOTIC: [2048] Declaration of Home\Controller\IndexController::show() should be compatible with that of Think\Controller::show() D:\web\apache\htdocs\linux\3-31\Apps\Home\Controller\IndexController.class.php 第 99 行.
SQL: SHOW COLUMNS FROM `image` [ RunTime:0.0049s ]
SQL: SELECT COUNT(*) AS tp_count FROM `image` INNER JOIN Type on Image.t_id=Type.t_id  WHERE ( f_name like '%%' && t_type like '%%'  ) LIMIT 1   [ RunTime:0.0009s ]
SQL: SELECT * FROM `image` INNER JOIN Type on Image.t_id=Type.t_id  WHERE ( f_name like '%%' && t_type like '%%'  ) LIMIT 0,3   [ RunTime:0.0005s ]
INFO: [ view_parse ] --START--
INFO: [ template_filter ] --START--
INFO: Run Behavior\ContentReplaceBehavior [ RunTime:0.000063s ]
INFO: [ template_filter ] --END-- [ RunTime:0.000137s ]
INFO: Run Behavior\ParseTemplateBehavior [ RunTime:0.008828s ]
INFO: [ view_parse ] --END-- [ RunTime:0.008927s ]
INFO: [ view_filter ] --START--
INFO: Run Behavior\WriteHtmlCacheBehavior [ RunTime:0.000455s ]
INFO: [ view_filter ] --END-- [ RunTime:0.000518s ]
INFO: [ app_end ] --START--
INFO: Run Behavior\ShowPageTraceBehavior [ RunTime:0.000742s ]
INFO: [ app_end ] --END-- [ RunTime:0.000797s ]

[ 2016-04-23T09:10:36+08:00 ] 127.0.0.1 /linux/3-31/index.php/Home/Index/show?page=2&search1=&search2=
INFO: [ app_init ] --START--
INFO: Run Behavior\BuildLiteBehavior [ RunTime:0.000014s ]
INFO: [ app_init ] --END-- [ RunTime:0.000340s ]
INFO: [ app_begin ] --START--
INFO: Run Behavior\ReadHtmlCacheBehavior [ RunTime:0.000684s ]
INFO: [ app_begin ] --END-- [ RunTime:0.000746s ]
NOTIC: [2048] Declaration of Home\Controller\IndexController::show() should be compatible with that of Think\Controller::show() D:\web\apache\htdocs\linux\3-31\Apps\Home\Controller\IndexController.class.php 第 99 行.
SQL: SHOW COLUMNS FROM `image` [ RunTime:0.0043s ]
SQL: SELECT COUNT(*) AS tp_count FROM `image` INNER JOIN Type on Image.t_id=Type.t_id  WHERE ( f_name like '%%' && t_type like '%%'  ) LIMIT 1   [ RunTime:0.0007s ]
SQL: SELECT * FROM `image` INNER JOIN Type on Image.t_id=Type.t_id  WHERE ( f_name like '%%' && t_type like '%%'  ) LIMIT 3,3   [ RunTime:0.0004s ]
INFO: [ view_parse ] --START--
INFO: [ template_filter ] --START--
INFO: Run Behavior\ContentReplaceBehavior [ RunTime:0.000065s ]
INFO: [ template_filter ] --END-- [ RunTime:0.000167s ]
INFO: Run Behavior\ParseTemplateBehavior [ RunTime:0.008946s ]
INFO: [ view_parse ] --END-- [ RunTime:0.009054s ]
INFO: [ view_filter ] --START--
INFO: Run Behavior\WriteHtmlCacheBehavior [ RunTime:0.000458s ]
INFO: [ view_filter ] --END-- [ RunTime:0.000521s ]
INFO: [ app_end ] --START--
INFO: Run Behavior\ShowPageTraceBehavior [ RunTime:0.000730s ]
INFO: [ app_end ] --END-- [ RunTime:0.000782s ]

[ 2016-04-23T09:10:37+08:00 ] 127.0.0.1 /linux/3-31/index.php/Home/Index/show?page=5&search1=&search2=
INFO: [ app_init ] --START--
INFO: Run Behavior\BuildLiteBehavior [ RunTime:0.000014s ]
INFO: [ app_init ] --END-- [ RunTime:0.000393s ]
INFO: [ app_begin ] --START--
INFO: Run Behavior\ReadHtmlCacheBehavior [ RunTime:0.000690s ]
INFO: [ app_begin ] --END-- [ RunTime:0.000769s ]
NOTIC: [2048] Declaration of Home\Controller\IndexController::show() should be compatible with that of Think\Controller::show() D:\web\apache\htdocs\linux\3-31\Apps\Home\Controller\IndexController.class.php 第 99 行.
SQL: SHOW COLUMNS FROM `image` [ RunTime:0.0052s ]
SQL: SELECT COUNT(*) AS tp_count FROM `image` INNER JOIN Type on Image.t_id=Type.t_id  WHERE ( f_name like '%%' && t_type like '%%'  ) LIMIT 1   [ RunTime:0.0011s ]
SQL: SELECT * FROM `image` INNER JOIN Type on Image.t_id=Type.t_id  WHERE ( f_name like '%%' && t_type like '%%'  ) LIMIT 12,3   [ RunTime:0.0005s ]
INFO: [ view_parse ] --START--
INFO: [ template_filter ] --START--
INFO: Run Behavior\ContentReplaceBehavior [ RunTime:0.000063s ]
INFO: [ template_filter ] --END-- [ RunTime:0.000140s ]
INFO: Run Behavior\ParseTemplateBehavior [ RunTime:0.008667s ]
INFO: [ view_parse ] --END-- [ RunTime:0.008790s ]
INFO: [ view_filter ] --START--
INFO: Run Behavior\WriteHtmlCacheBehavior [ RunTime:0.000450s ]
INFO: [ view_filter ] --END-- [ RunTime:0.000503s ]
INFO: [ app_end ] --START--
INFO: Run Behavior\ShowPageTraceBehavior [ RunTime:0.000898s ]
INFO: [ app_end ] --END-- [ RunTime:0.000971s ]

[ 2016-04-23T09:10:39+08:00 ] 127.0.0.1 /linux/3-31/index.php/Home/Index/show?page=4&search1=&search2=
INFO: [ app_init ] --START--
INFO: Run Behavior\BuildLiteBehavior [ RunTime:0.000014s ]
INFO: [ app_init ] --END-- [ RunTime:0.000373s ]
INFO: [ app_begin ] --START--
INFO: Run Behavior\ReadHtmlCacheBehavior [ RunTime:0.000720s ]
INFO: [ app_begin ] --END-- [ RunTime:0.000783s ]
NOTIC: [2048] Declaration of Home\Controller\IndexController::show() should be compatible with that of Think\Controller::show() D:\web\apache\htdocs\linux\3-31\Apps\Home\Controller\IndexController.class.php 第 99 行.
SQL: SHOW COLUMNS FROM `image` [ RunTime:0.0043s ]
SQL: SELECT COUNT(*) AS tp_count FROM `image` INNER JOIN Type on Image.t_id=Type.t_id  WHERE ( f_name like '%%' && t_type like '%%'  ) LIMIT 1   [ RunTime:0.0009s ]
SQL: SELECT * FROM `image` INNER JOIN Type on Image.t_id=Type.t_id  WHERE ( f_name like '%%' && t_type like '%%'  ) LIMIT 9,3   [ RunTime:0.0006s ]
INFO: [ view_parse ] --START--
INFO: [ template_filter ] --START--
INFO: Run Behavior\ContentReplaceBehavior [ RunTime:0.000078s ]
INFO: [ template_filter ] --END-- [ RunTime:0.000226s ]
INFO: Run Behavior\ParseTemplateBehavior [ RunTime:0.008637s ]
INFO: [ view_parse ] --END-- [ RunTime:0.008761s ]
INFO: [ view_filter ] --START--
INFO: Run Behavior\WriteHtmlCacheBehavior [ RunTime:0.000497s ]
INFO: [ view_filter ] --END-- [ RunTime:0.000556s ]
INFO: [ app_end ] --START--
INFO: Run Behavior\ShowPageTraceBehavior [ RunTime:0.000709s ]
INFO: [ app_end ] --END-- [ RunTime:0.000763s ]

[ 2016-04-23T09:10:51+08:00 ] 127.0.0.1 /linux/3-31/index.php/Home/Index/show?page=1&search1=%E6%88%98%E7%81%AB&search2=%E6%A2%A6%E5%B9%BB
INFO: [ app_init ] --START--
INFO: Run Behavior\BuildLiteBehavior [ RunTime:0.000015s ]
INFO: [ app_init ] --END-- [ RunTime:0.000438s ]
INFO: [ app_begin ] --START--
INFO: Run Behavior\ReadHtmlCacheBehavior [ RunTime:0.000581s ]
INFO: [ app_begin ] --END-- [ RunTime:0.000640s ]
NOTIC: [2048] Declaration of Home\Controller\IndexController::show() should be compatible with that of Think\Controller::show() D:\web\apache\htdocs\linux\3-31\Apps\Home\Controller\IndexController.class.php 第 99 行.
SQL: SHOW COLUMNS FROM `image` [ RunTime:0.0043s ]
SQL: SELECT COUNT(*) AS tp_count FROM `image` INNER JOIN Type on Image.t_id=Type.t_id  WHERE ( f_name like '%战火%' && t_type like '%梦幻%'  ) LIMIT 1   [ RunTime:0.0009s ]
SQL: SELECT * FROM `image` INNER JOIN Type on Image.t_id=Type.t_id  WHERE ( f_name like '%战火%' && t_type like '%梦幻%'  ) LIMIT 0,3   [ RunTime:0.0004s ]
INFO: [ view_parse ] --START--
INFO: [ template_filter ] --START--
INFO: Run Behavior\ContentReplaceBehavior [ RunTime:0.000076s ]
INFO: [ template_filter ] --END-- [ RunTime:0.000157s ]
INFO: Run Behavior\ParseTemplateBehavior [ RunTime:0.010060s ]
INFO: [ view_parse ] --END-- [ RunTime:0.010175s ]
INFO: [ view_filter ] --START--
INFO: Run Behavior\WriteHtmlCacheBehavior [ RunTime:0.000478s ]
INFO: [ view_filter ] --END-- [ RunTime:0.000529s ]
INFO: [ app_end ] --START--
INFO: Run Behavior\ShowPageTraceBehavior [ RunTime:0.000685s ]
INFO: [ app_end ] --END-- [ RunTime:0.000735s ]

[ 2016-04-23T09:10:54+08:00 ] 127.0.0.1 /linux/3-31/index.php/Home/Index/show.html
INFO: [ app_init ] --START--
INFO: Run Behavior\BuildLiteBehavior [ RunTime:0.000014s ]
INFO: [ app_init ] --END-- [ RunTime:0.000338s ]
INFO: [ app_begin ] --START--
INFO: Run Behavior\ReadHtmlCacheBehavior [ RunTime:0.000569s ]
INFO: [ app_begin ] --END-- [ RunTime:0.000638s ]
NOTIC: [2048] Declaration of Home\Controller\IndexController::show() should be compatible with that of Think\Controller::show() D:\web\apache\htdocs\linux\3-31\Apps\Home\Controller\IndexController.class.php 第 99 行.
SQL: SHOW COLUMNS FROM `image` [ RunTime:0.0048s ]
SQL: SELECT COUNT(*) AS tp_count FROM `image` INNER JOIN Type on Image.t_id=Type.t_id  WHERE ( f_name like '%%' && t_type like '%%'  ) LIMIT 1   [ RunTime:0.0007s ]
SQL: SELECT * FROM `image` INNER JOIN Type on Image.t_id=Type.t_id  WHERE ( f_name like '%%' && t_type like '%%'  ) LIMIT 0,3   [ RunTime:0.0004s ]
INFO: [ view_parse ] --START--
INFO: [ template_filter ] --START--
INFO: Run Behavior\ContentReplaceBehavior [ RunTime:0.000059s ]
INFO: [ template_filter ] --END-- [ RunTime:0.000129s ]
INFO: Run Behavior\ParseTemplateBehavior [ RunTime:0.008879s ]
INFO: [ view_parse ] --END-- [ RunTime:0.008957s ]
INFO: [ view_filter ] --START--
INFO: Run Behavior\WriteHtmlCacheBehavior [ RunTime:0.000451s ]
INFO: [ view_filter ] --END-- [ RunTime:0.000547s ]
INFO: [ app_end ] --START--
INFO: Run Behavior\ShowPageTraceBehavior [ RunTime:0.001113s ]
INFO: [ app_end ] --END-- [ RunTime:0.001179s ]

