[ 2016-04-04T20:51:01+08:00 ] 127.0.0.1 /linux/3-31/index.php
INFO: [ app_init ] --START--
INFO: Run Behavior\BuildLiteBehavior [ RunTime:0.000031s ]
INFO: [ app_init ] --END-- [ RunTime:0.012308s ]
INFO: [ app_begin ] --START--
INFO: Run Behavior\ReadHtmlCacheBehavior [ RunTime:0.000894s ]
INFO: [ app_begin ] --END-- [ RunTime:0.000964s ]
NOTIC: [2048] Declaration of Home\Controller\IndexController::show() should be compatible with that of Think\Controller::show() D:\web\apache\htdocs\linux\3-31\Apps\Home\Controller\IndexController.class.php 第 139 行.
SQL: SHOW COLUMNS FROM `type` [ RunTime:0.0535s ]
SQL: SHOW COLUMNS FROM `type` [ RunTime:0.0053s ]
SQL: SELECT * FROM `type`  [ RunTime:0.0008s ]
INFO: [ view_parse ] --START--
INFO: [ template_filter ] --START--
INFO: Run Behavior\ContentReplaceBehavior [ RunTime:0.000064s ]
INFO: [ template_filter ] --END-- [ RunTime:0.000142s ]
INFO: Run Behavior\ParseTemplateBehavior [ RunTime:0.082407s ]
INFO: [ view_parse ] --END-- [ RunTime:0.082598s ]
INFO: [ view_filter ] --START--
INFO: Run Behavior\WriteHtmlCacheBehavior [ RunTime:0.017219s ]
INFO: [ view_filter ] --END-- [ RunTime:0.017406s ]
INFO: [ app_end ] --START--
INFO: Run Behavior\ShowPageTraceBehavior [ RunTime:0.013395s ]
INFO: [ app_end ] --END-- [ RunTime:0.013651s ]

[ 2016-04-04T20:51:48+08:00 ] 127.0.0.1 /linux/3-31/index.php
INFO: [ app_init ] --START--
INFO: Run Behavior\BuildLiteBehavior [ RunTime:0.000017s ]
INFO: [ app_init ] --END-- [ RunTime:0.000402s ]
INFO: [ app_begin ] --START--
INFO: Run Behavior\ReadHtmlCacheBehavior [ RunTime:0.000825s ]
INFO: [ app_begin ] --END-- [ RunTime:0.000906s ]
NOTIC: [2048] Declaration of Home\Controller\IndexController::show() should be compatible with that of Think\Controller::show() D:\web\apache\htdocs\linux\3-31\Apps\Home\Controller\IndexController.class.php 第 139 行.
SQL: SHOW COLUMNS FROM `type` [ RunTime:0.0045s ]
SQL: SHOW COLUMNS FROM `type` [ RunTime:0.0044s ]
SQL: SELECT * FROM `type`  [ RunTime:0.0007s ]
INFO: [ view_parse ] --START--
INFO: [ template_filter ] --START--
INFO: Run Behavior\ContentReplaceBehavior [ RunTime:0.000070s ]
INFO: [ template_filter ] --END-- [ RunTime:0.000168s ]
INFO: Run Behavior\ParseTemplateBehavior [ RunTime:0.008100s ]
INFO: [ view_parse ] --END-- [ RunTime:0.008216s ]
INFO: [ view_filter ] --START--
INFO: Run Behavior\WriteHtmlCacheBehavior [ RunTime:0.001719s ]
INFO: [ view_filter ] --END-- [ RunTime:0.001812s ]
INFO: [ app_end ] --START--
INFO: Run Behavior\ShowPageTraceBehavior [ RunTime:0.003389s ]
INFO: [ app_end ] --END-- [ RunTime:0.003501s ]

[ 2016-04-04T20:51:57+08:00 ] 127.0.0.1 /linux/3-31/index.php/Home/Index/add/
INFO: [ app_init ] --START--
INFO: Run Behavior\BuildLiteBehavior [ RunTime:0.000018s ]
INFO: [ app_init ] --END-- [ RunTime:0.000501s ]
INFO: [ app_begin ] --START--
INFO: Run Behavior\ReadHtmlCacheBehavior [ RunTime:0.000764s ]
INFO: [ app_begin ] --END-- [ RunTime:0.000868s ]
NOTIC: [2048] Declaration of Home\Controller\IndexController::show() should be compatible with that of Think\Controller::show() D:\web\apache\htdocs\linux\3-31\Apps\Home\Controller\IndexController.class.php 第 139 行.
NOTIC: [2] call_user_func() expects parameter 1 to be a valid callback, no array or string given D:\web\apache\htdocs\linux\3-31\ThinkPHP\Library\Think\Upload.class.php 第 170 行.
NOTIC: [2048] Declaration of Home\Model\ImageModel::add() should be compatible with that of Think\Model::add() D:\web\apache\htdocs\linux\3-31\Apps\Home\Model\ImageModel.class.php 第 4 行.
NOTIC: [2048] Declaration of Home\Model\ImageModel::delete() should be compatible with that of Think\Model::delete() D:\web\apache\htdocs\linux\3-31\Apps\Home\Model\ImageModel.class.php 第 4 行.
SQL: SHOW COLUMNS FROM `image` [ RunTime:0.0147s ]
SQL: SHOW COLUMNS FROM `image` [ RunTime:0.0049s ]
SQL: INSERT INTO `image` (`f_name`,`t_id`,`f_face`) VALUES ('山楂树之恋','3','./Public/uploads/2016-04-04/5702636d63335.jpg') [ RunTime:0.0389s ]
INFO: [ view_parse ] --START--
INFO: [ template_filter ] --START--
INFO: Run Behavior\ContentReplaceBehavior [ RunTime:0.000222s ]
INFO: [ template_filter ] --END-- [ RunTime:0.000545s ]
INFO: Run Behavior\ParseTemplateBehavior [ RunTime:0.023926s ]
INFO: [ view_parse ] --END-- [ RunTime:0.024069s ]
INFO: [ view_filter ] --START--
INFO: Run Behavior\WriteHtmlCacheBehavior [ RunTime:0.001717s ]
INFO: [ view_filter ] --END-- [ RunTime:0.001793s ]
INFO: [ app_end ] --START--
INFO: Run Behavior\ShowPageTraceBehavior [ RunTime:0.001866s ]
INFO: [ app_end ] --END-- [ RunTime:0.001945s ]

[ 2016-04-04T20:51:58+08:00 ] 127.0.0.1 /linux/3-31/index.php/Home/Index/show.html
INFO: [ app_init ] --START--
INFO: Run Behavior\BuildLiteBehavior [ RunTime:0.000016s ]
INFO: [ app_init ] --END-- [ RunTime:0.000520s ]
INFO: [ app_begin ] --START--
INFO: Run Behavior\ReadHtmlCacheBehavior [ RunTime:0.001202s ]
INFO: [ app_begin ] --END-- [ RunTime:0.001289s ]
NOTIC: [2048] Declaration of Home\Controller\IndexController::show() should be compatible with that of Think\Controller::show() D:\web\apache\htdocs\linux\3-31\Apps\Home\Controller\IndexController.class.php 第 139 行.
SQL: SHOW COLUMNS FROM `image` [ RunTime:0.0042s ]
SQL: SELECT COUNT(*) AS tp_count FROM `image` INNER JOIN Type on Image.t_id=Type.t_id  WHERE ( f_name like '%%' && t_type like '%%'  ) LIMIT 1   [ RunTime:0.0005s ]
SQL: SELECT * FROM `image` INNER JOIN Type on Image.t_id=Type.t_id  WHERE ( f_name like '%%' && t_type like '%%'  ) LIMIT 0,3   [ RunTime:0.0003s ]
INFO: [ view_parse ] --START--
INFO: [ template_filter ] --START--
INFO: Run Behavior\ContentReplaceBehavior [ RunTime:0.000071s ]
INFO: [ template_filter ] --END-- [ RunTime:0.000140s ]
INFO: Run Behavior\ParseTemplateBehavior [ RunTime:0.033737s ]
INFO: [ view_parse ] --END-- [ RunTime:0.033846s ]
INFO: [ view_filter ] --START--
INFO: Run Behavior\WriteHtmlCacheBehavior [ RunTime:0.001474s ]
INFO: [ view_filter ] --END-- [ RunTime:0.001581s ]
INFO: [ app_end ] --START--
INFO: Run Behavior\ShowPageTraceBehavior [ RunTime:0.001486s ]
INFO: [ app_end ] --END-- [ RunTime:0.001561s ]

[ 2016-04-04T20:52:19+08:00 ] 127.0.0.1 /linux/3-31/index.php/Home/Index/show?page=1&search1=%E5%B1%B1%E6%A5%82%E6%A0%91%E4%B9%8B%E6%81%8B&search2=%E5%A8%B1%E4%B9%90
INFO: [ app_init ] --START--
INFO: Run Behavior\BuildLiteBehavior [ RunTime:0.000015s ]
INFO: [ app_init ] --END-- [ RunTime:0.000409s ]
INFO: [ app_begin ] --START--
INFO: Run Behavior\ReadHtmlCacheBehavior [ RunTime:0.000536s ]
INFO: [ app_begin ] --END-- [ RunTime:0.000618s ]
NOTIC: [2048] Declaration of Home\Controller\IndexController::show() should be compatible with that of Think\Controller::show() D:\web\apache\htdocs\linux\3-31\Apps\Home\Controller\IndexController.class.php 第 139 行.
SQL: SHOW COLUMNS FROM `image` [ RunTime:0.0051s ]
SQL: SELECT COUNT(*) AS tp_count FROM `image` INNER JOIN Type on Image.t_id=Type.t_id  WHERE ( f_name like '%山楂树之恋%' && t_type like '%娱乐%'  ) LIMIT 1   [ RunTime:0.0006s ]
SQL: SELECT * FROM `image` INNER JOIN Type on Image.t_id=Type.t_id  WHERE ( f_name like '%山楂树之恋%' && t_type like '%娱乐%'  ) LIMIT 0,3   [ RunTime:0.0010s ]
INFO: [ view_parse ] --START--
INFO: [ template_filter ] --START--
INFO: Run Behavior\ContentReplaceBehavior [ RunTime:0.000371s ]
INFO: [ template_filter ] --END-- [ RunTime:0.000529s ]
INFO: Run Behavior\ParseTemplateBehavior [ RunTime:0.035155s ]
INFO: [ view_parse ] --END-- [ RunTime:0.035288s ]
INFO: [ view_filter ] --START--
INFO: Run Behavior\WriteHtmlCacheBehavior [ RunTime:0.000384s ]
INFO: [ view_filter ] --END-- [ RunTime:0.000453s ]
INFO: [ app_end ] --START--
INFO: Run Behavior\ShowPageTraceBehavior [ RunTime:0.000578s ]
INFO: [ app_end ] --END-- [ RunTime:0.000632s ]

