[ 2016-05-04T10:59:04+08:00 ] 127.0.0.1 /linux/3-31/index.php
INFO: [ app_init ] --START--
INFO: Run Behavior\BuildLiteBehavior [ RunTime:0.000016s ]
INFO: [ app_init ] --END-- [ RunTime:0.010434s ]
INFO: [ app_begin ] --START--
INFO: Run Behavior\ReadHtmlCacheBehavior [ RunTime:0.001454s ]
INFO: [ app_begin ] --END-- [ RunTime:0.001602s ]
NOTIC: [2048] Declaration of Home\Controller\IndexController::show() should be compatible with that of Think\Controller::show() D:\web\apache\htdocs\linux\3-31\Apps\Home\Controller\IndexController.class.php 第 99 行.
SQL: SHOW COLUMNS FROM `type` [ RunTime:0.0426s ]
SQL: SHOW COLUMNS FROM `type` [ RunTime:0.0046s ]
SQL: SELECT * FROM `type`  [ RunTime:0.0009s ]
INFO: [ view_parse ] --START--
INFO: [ template_filter ] --START--
INFO: Run Behavior\ContentReplaceBehavior [ RunTime:0.000055s ]
INFO: [ template_filter ] --END-- [ RunTime:0.000136s ]
INFO: Run Behavior\ParseTemplateBehavior [ RunTime:0.097901s ]
INFO: [ view_parse ] --END-- [ RunTime:0.098036s ]
INFO: [ view_filter ] --START--
INFO: Run Behavior\WriteHtmlCacheBehavior [ RunTime:0.024377s ]
INFO: [ view_filter ] --END-- [ RunTime:0.024443s ]
INFO: [ app_end ] --START--
INFO: Run Behavior\ShowPageTraceBehavior [ RunTime:0.014087s ]
INFO: [ app_end ] --END-- [ RunTime:0.014161s ]

