[ 2016-03-30T20:43:19+08:00 ] 127.0.0.1 /linux/3-30/index.php
INFO: [ app_init ] --START--
INFO: Run Behavior\BuildLiteBehavior [ RunTime:0.000026s ]
INFO: [ app_init ] --END-- [ RunTime:0.000117s ]
INFO: [ app_begin ] --START--
INFO: Run Behavior\ReadHtmlCacheBehavior [ RunTime:0.001207s ]
INFO: [ app_begin ] --END-- [ RunTime:0.001323s ]
INFO: [ view_parse ] --START--
INFO: [ template_filter ] --START--
INFO: Run Behavior\ContentReplaceBehavior [ RunTime:0.000053s ]
INFO: [ template_filter ] --END-- [ RunTime:0.000127s ]
INFO: Run Behavior\ParseTemplateBehavior [ RunTime:0.013310s ]
INFO: [ view_parse ] --END-- [ RunTime:0.013380s ]
INFO: [ view_filter ] --START--
INFO: Run Behavior\WriteHtmlCacheBehavior [ RunTime:0.000332s ]
INFO: [ view_filter ] --END-- [ RunTime:0.000380s ]
INFO: [ app_end ] --START--
INFO: Run Behavior\ShowPageTraceBehavior [ RunTime:0.000553s ]
INFO: [ app_end ] --END-- [ RunTime:0.000609s ]

[ 2016-03-30T21:11:44+08:00 ] 127.0.0.1 /linux/3-30/index.php
INFO: [ app_init ] --START--
INFO: Run Behavior\BuildLiteBehavior [ RunTime:0.000066s ]
INFO: [ app_init ] --END-- [ RunTime:0.001617s ]
INFO: [ app_begin ] --START--
INFO: Run Behavior\ReadHtmlCacheBehavior [ RunTime:0.000832s ]
INFO: [ app_begin ] --END-- [ RunTime:0.000934s ]
NOTIC: [2048] Declaration of Home\Model\Ri30Model::delete() should be compatible with that of Think\Model::delete() D:\web\apache\htdocs\linux\3-30\Apps\Home\Model\Ri30Model.class.php 第 4 行.
SQL: SHOW COLUMNS FROM `ri30` [ RunTime:0.0069s ]
SQL: SHOW COLUMNS FROM `ri30` [ RunTime:0.0056s ]
SQL: SELECT * FROM `ri30`  [ RunTime:0.0007s ]
INFO: [ view_parse ] --START--
INFO: [ template_filter ] --START--
INFO: Run Behavior\ContentReplaceBehavior [ RunTime:0.000073s ]
INFO: [ template_filter ] --END-- [ RunTime:0.000183s ]

[ 2016-03-30T21:13:07+08:00 ] 127.0.0.1 /linux/3-30/index.php
INFO: [ app_init ] --START--
INFO: Run Behavior\BuildLiteBehavior [ RunTime:0.000103s ]
INFO: [ app_init ] --END-- [ RunTime:0.001643s ]
INFO: [ app_begin ] --START--
INFO: Run Behavior\ReadHtmlCacheBehavior [ RunTime:0.000631s ]
INFO: [ app_begin ] --END-- [ RunTime:0.000723s ]
NOTIC: [2048] Declaration of Home\Model\Ri30Model::delete() should be compatible with that of Think\Model::delete() D:\web\apache\htdocs\linux\3-30\Apps\Home\Model\Ri30Model.class.php 第 4 行.
SQL: SHOW COLUMNS FROM `ri30` [ RunTime:0.0057s ]
SQL: SHOW COLUMNS FROM `ri30` [ RunTime:0.0085s ]
SQL: SELECT * FROM `ri30`  [ RunTime:0.0073s ]
INFO: [ view_parse ] --START--
INFO: [ template_filter ] --START--
INFO: Run Behavior\ContentReplaceBehavior [ RunTime:0.000067s ]
INFO: [ template_filter ] --END-- [ RunTime:0.000175s ]

[ 2016-03-30T21:13:08+08:00 ] 127.0.0.1 /linux/3-30/index.php
INFO: [ app_init ] --START--
INFO: Run Behavior\BuildLiteBehavior [ RunTime:0.000019s ]
INFO: [ app_init ] --END-- [ RunTime:0.000484s ]
INFO: [ app_begin ] --START--
INFO: Run Behavior\ReadHtmlCacheBehavior [ RunTime:0.000603s ]
INFO: [ app_begin ] --END-- [ RunTime:0.000684s ]
NOTIC: [2048] Declaration of Home\Model\Ri30Model::delete() should be compatible with that of Think\Model::delete() D:\web\apache\htdocs\linux\3-30\Apps\Home\Model\Ri30Model.class.php 第 4 行.
SQL: SHOW COLUMNS FROM `ri30` [ RunTime:0.0066s ]
SQL: SHOW COLUMNS FROM `ri30` [ RunTime:0.0064s ]
SQL: SELECT * FROM `ri30`  [ RunTime:0.0013s ]
INFO: [ view_parse ] --START--
INFO: [ template_filter ] --START--
INFO: Run Behavior\ContentReplaceBehavior [ RunTime:0.000045s ]
INFO: [ template_filter ] --END-- [ RunTime:0.000111s ]

[ 2016-03-30T21:13:11+08:00 ] 127.0.0.1 /linux/3-30/index.php
INFO: [ app_init ] --START--
INFO: Run Behavior\BuildLiteBehavior [ RunTime:0.000027s ]
INFO: [ app_init ] --END-- [ RunTime:0.000637s ]
INFO: [ app_begin ] --START--
INFO: Run Behavior\ReadHtmlCacheBehavior [ RunTime:0.000837s ]
INFO: [ app_begin ] --END-- [ RunTime:0.000969s ]
NOTIC: [2048] Declaration of Home\Model\Ri30Model::delete() should be compatible with that of Think\Model::delete() D:\web\apache\htdocs\linux\3-30\Apps\Home\Model\Ri30Model.class.php 第 4 行.
SQL: SHOW COLUMNS FROM `ri30` [ RunTime:0.0053s ]
SQL: SHOW COLUMNS FROM `ri30` [ RunTime:0.0096s ]
SQL: SELECT * FROM `ri30`  [ RunTime:0.0006s ]
INFO: [ view_parse ] --START--
INFO: [ template_filter ] --START--
INFO: Run Behavior\ContentReplaceBehavior [ RunTime:0.000125s ]
INFO: [ template_filter ] --END-- [ RunTime:0.000291s ]

[ 2016-03-30T21:14:38+08:00 ] 127.0.0.1 /linux/3-30/index.php
INFO: [ app_init ] --START--
INFO: Run Behavior\BuildLiteBehavior [ RunTime:0.000021s ]
INFO: [ app_init ] --END-- [ RunTime:0.000929s ]
INFO: [ app_begin ] --START--
INFO: Run Behavior\ReadHtmlCacheBehavior [ RunTime:0.000667s ]
INFO: [ app_begin ] --END-- [ RunTime:0.000739s ]
NOTIC: [2048] Declaration of Home\Model\Ri30Model::delete() should be compatible with that of Think\Model::delete() D:\web\apache\htdocs\linux\3-30\Apps\Home\Model\Ri30Model.class.php 第 4 行.
SQL: SHOW COLUMNS FROM `ri30` [ RunTime:0.0047s ]
SQL: SHOW COLUMNS FROM `ri30` [ RunTime:0.0052s ]
SQL: SELECT * FROM `ri30`  [ RunTime:0.0014s ]
INFO: [ view_parse ] --START--
INFO: [ template_filter ] --START--
INFO: Run Behavior\ContentReplaceBehavior [ RunTime:0.000046s ]
INFO: [ template_filter ] --END-- [ RunTime:0.000117s ]
INFO: Run Behavior\ParseTemplateBehavior [ RunTime:0.007755s ]
INFO: [ view_parse ] --END-- [ RunTime:0.007871s ]
INFO: [ view_filter ] --START--
INFO: Run Behavior\WriteHtmlCacheBehavior [ RunTime:0.000483s ]
INFO: [ view_filter ] --END-- [ RunTime:0.000555s ]
INFO: [ app_end ] --START--
INFO: Run Behavior\ShowPageTraceBehavior [ RunTime:0.000640s ]
INFO: [ app_end ] --END-- [ RunTime:0.000703s ]

[ 2016-03-30T21:14:40+08:00 ] 127.0.0.1 /linux/3-30/index.php
INFO: [ app_init ] --START--
INFO: Run Behavior\BuildLiteBehavior [ RunTime:0.000018s ]
INFO: [ app_init ] --END-- [ RunTime:0.000434s ]
INFO: [ app_begin ] --START--
INFO: Run Behavior\ReadHtmlCacheBehavior [ RunTime:0.000492s ]
INFO: [ app_begin ] --END-- [ RunTime:0.000556s ]
NOTIC: [2048] Declaration of Home\Model\Ri30Model::delete() should be compatible with that of Think\Model::delete() D:\web\apache\htdocs\linux\3-30\Apps\Home\Model\Ri30Model.class.php 第 4 行.
SQL: SHOW COLUMNS FROM `ri30` [ RunTime:0.0055s ]
SQL: SHOW COLUMNS FROM `ri30` [ RunTime:0.0059s ]
SQL: SELECT * FROM `ri30`  [ RunTime:0.0009s ]
INFO: [ view_parse ] --START--
INFO: [ template_filter ] --START--
INFO: Run Behavior\ContentReplaceBehavior [ RunTime:0.000045s ]
INFO: [ template_filter ] --END-- [ RunTime:0.000111s ]
INFO: Run Behavior\ParseTemplateBehavior [ RunTime:0.008561s ]
INFO: [ view_parse ] --END-- [ RunTime:0.008647s ]
INFO: [ view_filter ] --START--
INFO: Run Behavior\WriteHtmlCacheBehavior [ RunTime:0.000252s ]
INFO: [ view_filter ] --END-- [ RunTime:0.000301s ]
INFO: [ app_end ] --START--
INFO: Run Behavior\ShowPageTraceBehavior [ RunTime:0.000484s ]
INFO: [ app_end ] --END-- [ RunTime:0.000537s ]

[ 2016-03-30T21:17:31+08:00 ] 127.0.0.1 /linux/3-30/index.php
INFO: [ app_init ] --START--
INFO: Run Behavior\BuildLiteBehavior [ RunTime:0.000088s ]
INFO: [ app_init ] --END-- [ RunTime:0.007242s ]
INFO: [ app_begin ] --START--
INFO: Run Behavior\ReadHtmlCacheBehavior [ RunTime:0.001202s ]
INFO: [ app_begin ] --END-- [ RunTime:0.001550s ]
NOTIC: [2048] Declaration of Home\Model\Ri30Model::delete() should be compatible with that of Think\Model::delete() D:\web\apache\htdocs\linux\3-30\Apps\Home\Model\Ri30Model.class.php 第 4 行.
SQL: SHOW COLUMNS FROM `ri30` [ RunTime:0.0061s ]
SQL: SHOW COLUMNS FROM `ri30` [ RunTime:0.0100s ]
SQL: SELECT * FROM `ri30`  [ RunTime:0.0013s ]
INFO: [ view_parse ] --START--
INFO: [ template_filter ] --START--
INFO: Run Behavior\ContentReplaceBehavior [ RunTime:0.000049s ]
INFO: [ template_filter ] --END-- [ RunTime:0.000109s ]
INFO: Run Behavior\ParseTemplateBehavior [ RunTime:0.007070s ]
INFO: [ view_parse ] --END-- [ RunTime:0.007150s ]
INFO: [ view_filter ] --START--
INFO: Run Behavior\WriteHtmlCacheBehavior [ RunTime:0.000382s ]
INFO: [ view_filter ] --END-- [ RunTime:0.000437s ]
INFO: [ app_end ] --START--
INFO: Run Behavior\ShowPageTraceBehavior [ RunTime:0.000577s ]
INFO: [ app_end ] --END-- [ RunTime:0.000632s ]

[ 2016-03-30T21:17:33+08:00 ] 127.0.0.1 /linux/3-30/index.php
INFO: [ app_init ] --START--
INFO: Run Behavior\BuildLiteBehavior [ RunTime:0.000015s ]
INFO: [ app_init ] --END-- [ RunTime:0.000386s ]
INFO: [ app_begin ] --START--
INFO: Run Behavior\ReadHtmlCacheBehavior [ RunTime:0.000476s ]
INFO: [ app_begin ] --END-- [ RunTime:0.000552s ]
NOTIC: [2048] Declaration of Home\Model\Ri30Model::delete() should be compatible with that of Think\Model::delete() D:\web\apache\htdocs\linux\3-30\Apps\Home\Model\Ri30Model.class.php 第 4 行.
SQL: SHOW COLUMNS FROM `ri30` [ RunTime:0.0061s ]
SQL: SHOW COLUMNS FROM `ri30` [ RunTime:0.0050s ]
SQL: SELECT * FROM `ri30`  [ RunTime:0.0009s ]
INFO: [ view_parse ] --START--
INFO: [ template_filter ] --START--
INFO: Run Behavior\ContentReplaceBehavior [ RunTime:0.000199s ]
INFO: [ template_filter ] --END-- [ RunTime:0.000695s ]
INFO: Run Behavior\ParseTemplateBehavior [ RunTime:0.019164s ]
INFO: [ view_parse ] --END-- [ RunTime:0.019280s ]
INFO: [ view_filter ] --START--
INFO: Run Behavior\WriteHtmlCacheBehavior [ RunTime:0.000616s ]
INFO: [ view_filter ] --END-- [ RunTime:0.000692s ]
INFO: [ app_end ] --START--
INFO: Run Behavior\ShowPageTraceBehavior [ RunTime:0.000723s ]
INFO: [ app_end ] --END-- [ RunTime:0.000804s ]

[ 2016-03-30T21:17:35+08:00 ] 127.0.0.1 /linux/3-30/index.php/Home/Index/delete/id/15
INFO: [ app_init ] --START--
INFO: Run Behavior\BuildLiteBehavior [ RunTime:0.000014s ]
INFO: [ app_init ] --END-- [ RunTime:0.000354s ]
INFO: [ app_begin ] --START--
INFO: Run Behavior\ReadHtmlCacheBehavior [ RunTime:0.000835s ]
INFO: [ app_begin ] --END-- [ RunTime:0.000962s ]
NOTIC: [2048] Declaration of Home\Model\Ri30Model::delete() should be compatible with that of Think\Model::delete() D:\web\apache\htdocs\linux\3-30\Apps\Home\Model\Ri30Model.class.php 第 4 行.
SQL: SHOW COLUMNS FROM `ri30` [ RunTime:0.0179s ]
SQL: SHOW COLUMNS FROM `ri30` [ RunTime:0.0080s ]
SQL: DELETE FROM `ri30` WHERE ( id='15' ) [ RunTime:0.0836s ]
INFO: [ view_parse ] --START--
INFO: [ template_filter ] --START--
INFO: Run Behavior\ContentReplaceBehavior [ RunTime:0.000101s ]
INFO: [ template_filter ] --END-- [ RunTime:0.000254s ]
INFO: Run Behavior\ParseTemplateBehavior [ RunTime:0.008833s ]
INFO: [ view_parse ] --END-- [ RunTime:0.008960s ]
INFO: [ view_filter ] --START--
INFO: Run Behavior\WriteHtmlCacheBehavior [ RunTime:0.000935s ]
INFO: [ view_filter ] --END-- [ RunTime:0.001146s ]
INFO: [ app_end ] --START--
INFO: Run Behavior\ShowPageTraceBehavior [ RunTime:0.001156s ]
INFO: [ app_end ] --END-- [ RunTime:0.001318s ]

[ 2016-03-30T21:17:36+08:00 ] 127.0.0.1 /linux/3-30/index.php
INFO: [ app_init ] --START--
INFO: Run Behavior\BuildLiteBehavior [ RunTime:0.000021s ]
INFO: [ app_init ] --END-- [ RunTime:0.000516s ]
INFO: [ app_begin ] --START--
INFO: Run Behavior\ReadHtmlCacheBehavior [ RunTime:0.000718s ]
INFO: [ app_begin ] --END-- [ RunTime:0.000863s ]
NOTIC: [2048] Declaration of Home\Model\Ri30Model::delete() should be compatible with that of Think\Model::delete() D:\web\apache\htdocs\linux\3-30\Apps\Home\Model\Ri30Model.class.php 第 4 行.
SQL: SHOW COLUMNS FROM `ri30` [ RunTime:0.0082s ]
SQL: SHOW COLUMNS FROM `ri30` [ RunTime:0.0047s ]
SQL: SELECT * FROM `ri30`  [ RunTime:0.0022s ]
INFO: [ view_parse ] --START--
INFO: [ template_filter ] --START--
INFO: Run Behavior\ContentReplaceBehavior [ RunTime:0.000071s ]
INFO: [ template_filter ] --END-- [ RunTime:0.000226s ]
INFO: Run Behavior\ParseTemplateBehavior [ RunTime:0.021264s ]
INFO: [ view_parse ] --END-- [ RunTime:0.021403s ]
INFO: [ view_filter ] --START--
INFO: Run Behavior\WriteHtmlCacheBehavior [ RunTime:0.000670s ]
INFO: [ view_filter ] --END-- [ RunTime:0.000806s ]
INFO: [ app_end ] --START--
INFO: Run Behavior\ShowPageTraceBehavior [ RunTime:0.002057s ]
INFO: [ app_end ] --END-- [ RunTime:0.002184s ]

[ 2016-03-30T21:18:09+08:00 ] 127.0.0.1 /linux/3-30/index.php/Home/Index/delete/id/12
INFO: [ app_init ] --START--
INFO: Run Behavior\BuildLiteBehavior [ RunTime:0.000031s ]
INFO: [ app_init ] --END-- [ RunTime:0.000733s ]
INFO: [ app_begin ] --START--
INFO: Run Behavior\ReadHtmlCacheBehavior [ RunTime:0.000730s ]
INFO: [ app_begin ] --END-- [ RunTime:0.000851s ]
NOTIC: [2048] Declaration of Home\Model\Ri30Model::delete() should be compatible with that of Think\Model::delete() D:\web\apache\htdocs\linux\3-30\Apps\Home\Model\Ri30Model.class.php 第 4 行.
SQL: SHOW COLUMNS FROM `ri30` [ RunTime:0.0048s ]
SQL: SHOW COLUMNS FROM `ri30` [ RunTime:0.0087s ]
SQL: DELETE FROM `ri30` WHERE ( id='12' ) [ RunTime:0.0298s ]
INFO: [ view_parse ] --START--
INFO: [ template_filter ] --START--
INFO: Run Behavior\ContentReplaceBehavior [ RunTime:0.000047s ]
INFO: [ template_filter ] --END-- [ RunTime:0.000110s ]
INFO: Run Behavior\ParseTemplateBehavior [ RunTime:0.005980s ]
INFO: [ view_parse ] --END-- [ RunTime:0.006069s ]
INFO: [ view_filter ] --START--
INFO: Run Behavior\WriteHtmlCacheBehavior [ RunTime:0.000240s ]
INFO: [ view_filter ] --END-- [ RunTime:0.000289s ]
INFO: [ app_end ] --START--
INFO: Run Behavior\ShowPageTraceBehavior [ RunTime:0.000451s ]
INFO: [ app_end ] --END-- [ RunTime:0.000508s ]

[ 2016-03-30T21:18:10+08:00 ] 127.0.0.1 /linux/3-30/index.php
INFO: [ app_init ] --START--
INFO: Run Behavior\BuildLiteBehavior [ RunTime:0.000023s ]
INFO: [ app_init ] --END-- [ RunTime:0.000618s ]
INFO: [ app_begin ] --START--
INFO: Run Behavior\ReadHtmlCacheBehavior [ RunTime:0.000645s ]
INFO: [ app_begin ] --END-- [ RunTime:0.000747s ]
NOTIC: [2048] Declaration of Home\Model\Ri30Model::delete() should be compatible with that of Think\Model::delete() D:\web\apache\htdocs\linux\3-30\Apps\Home\Model\Ri30Model.class.php 第 4 行.
SQL: SHOW COLUMNS FROM `ri30` [ RunTime:0.0046s ]
SQL: SHOW COLUMNS FROM `ri30` [ RunTime:0.0071s ]
SQL: SELECT * FROM `ri30`  [ RunTime:0.0010s ]
INFO: [ view_parse ] --START--
INFO: [ template_filter ] --START--
INFO: Run Behavior\ContentReplaceBehavior [ RunTime:0.000045s ]
INFO: [ template_filter ] --END-- [ RunTime:0.000101s ]
INFO: Run Behavior\ParseTemplateBehavior [ RunTime:0.006113s ]
INFO: [ view_parse ] --END-- [ RunTime:0.006181s ]
INFO: [ view_filter ] --START--
INFO: Run Behavior\WriteHtmlCacheBehavior [ RunTime:0.000230s ]
INFO: [ view_filter ] --END-- [ RunTime:0.000276s ]
INFO: [ app_end ] --START--
INFO: Run Behavior\ShowPageTraceBehavior [ RunTime:0.000455s ]
INFO: [ app_end ] --END-- [ RunTime:0.000505s ]

[ 2016-03-30T21:21:31+08:00 ] 127.0.0.1 /linux/3-30/index.php
INFO: [ app_init ] --START--
INFO: Run Behavior\BuildLiteBehavior [ RunTime:0.000025s ]
INFO: [ app_init ] --END-- [ RunTime:0.000668s ]
INFO: [ app_begin ] --START--
INFO: Run Behavior\ReadHtmlCacheBehavior [ RunTime:0.000729s ]
INFO: [ app_begin ] --END-- [ RunTime:0.000818s ]
SQL: SHOW COLUMNS FROM `ri30` [ RunTime:0.0053s ]
SQL: SELECT COUNT(*) AS tp_count FROM `ri30` LIMIT 1   [ RunTime:0.0010s ]
SQL: SELECT * FROM `ri30` LIMIT 0,3   [ RunTime:0.0005s ]
INFO: [ view_parse ] --START--
INFO: [ template_filter ] --START--
INFO: Run Behavior\ContentReplaceBehavior [ RunTime:0.000050s ]
INFO: [ template_filter ] --END-- [ RunTime:0.000124s ]
INFO: Run Behavior\ParseTemplateBehavior [ RunTime:0.008242s ]
INFO: [ view_parse ] --END-- [ RunTime:0.008331s ]
INFO: [ view_filter ] --START--
INFO: Run Behavior\WriteHtmlCacheBehavior [ RunTime:0.000358s ]
INFO: [ view_filter ] --END-- [ RunTime:0.000411s ]
INFO: [ app_end ] --START--
INFO: Run Behavior\ShowPageTraceBehavior [ RunTime:0.000590s ]
INFO: [ app_end ] --END-- [ RunTime:0.000649s ]

[ 2016-03-30T21:21:33+08:00 ] 127.0.0.1 /linux/3-30/index.php/Home/Index/index/p/2.html
INFO: [ app_init ] --START--
INFO: Run Behavior\BuildLiteBehavior [ RunTime:0.000015s ]
INFO: [ app_init ] --END-- [ RunTime:0.000382s ]
INFO: [ app_begin ] --START--
INFO: Run Behavior\ReadHtmlCacheBehavior [ RunTime:0.000528s ]
INFO: [ app_begin ] --END-- [ RunTime:0.000601s ]
SQL: SHOW COLUMNS FROM `ri30` [ RunTime:0.0090s ]
SQL: SELECT COUNT(*) AS tp_count FROM `ri30` LIMIT 1   [ RunTime:0.0009s ]
SQL: SELECT * FROM `ri30` LIMIT 3,3   [ RunTime:0.0004s ]
INFO: [ view_parse ] --START--
INFO: [ template_filter ] --START--
INFO: Run Behavior\ContentReplaceBehavior [ RunTime:0.000139s ]
INFO: [ template_filter ] --END-- [ RunTime:0.000339s ]
INFO: Run Behavior\ParseTemplateBehavior [ RunTime:0.024035s ]
INFO: [ view_parse ] --END-- [ RunTime:0.024198s ]
INFO: [ view_filter ] --START--
INFO: Run Behavior\WriteHtmlCacheBehavior [ RunTime:0.000491s ]
INFO: [ view_filter ] --END-- [ RunTime:0.000585s ]
INFO: [ app_end ] --START--
INFO: Run Behavior\ShowPageTraceBehavior [ RunTime:0.001193s ]
INFO: [ app_end ] --END-- [ RunTime:0.001311s ]

