[ 2016-04-22T19:10:04+08:00 ] 127.0.0.1 /linux/3-30/index.php
INFO: [ app_init ] --START--
INFO: Run Behavior\BuildLiteBehavior [ RunTime:0.000047s ]
INFO: [ app_init ] --END-- [ RunTime:0.015436s ]
INFO: [ app_begin ] --START--
INFO: Run Behavior\ReadHtmlCacheBehavior [ RunTime:0.019443s ]
INFO: [ app_begin ] --END-- [ RunTime:0.019761s ]
SQL: SHOW COLUMNS FROM `ri30` [ RunTime:0.0328s ]
SQL: SELECT COUNT(*) AS tp_count FROM `ri30` WHERE ( username like '%%' and sex like '%%' ) LIMIT 1   [ RunTime:0.0011s ]
SQL: SELECT * FROM `ri30` WHERE ( username like '%%' and sex like '%%' ) LIMIT 0,3   [ RunTime:0.0006s ]
INFO: [ view_parse ] --START--
INFO: [ template_filter ] --START--
INFO: Run Behavior\ContentReplaceBehavior [ RunTime:0.000100s ]
INFO: [ template_filter ] --END-- [ RunTime:0.000205s ]
INFO: Run Behavior\ParseTemplateBehavior [ RunTime:0.037642s ]
INFO: [ view_parse ] --END-- [ RunTime:0.037801s ]
INFO: [ view_filter ] --START--
INFO: Run Behavior\WriteHtmlCacheBehavior [ RunTime:0.009911s ]
INFO: [ view_filter ] --END-- [ RunTime:0.010017s ]
INFO: [ app_end ] --START--
INFO: Run Behavior\ShowPageTraceBehavior [ RunTime:0.016314s ]
INFO: [ app_end ] --END-- [ RunTime:0.016417s ]

