[ 2016-03-11T07:38:28+08:00 ] 127.0.0.1 /linux/3-10/index.php/Home/Index/show/p/4.html
INFO: [ app_init ] --START--
INFO: Run Behavior\BuildLiteBehavior [ RunTime:0.000021s ]
INFO: [ app_init ] --END-- [ RunTime:0.000478s ]

[ 2016-03-11T07:38:33+08:00 ] 127.0.0.1 /linux/3-10/index.php/Home/Index/show/p/3.html
INFO: [ app_init ] --START--
INFO: Run Behavior\BuildLiteBehavior [ RunTime:0.000030s ]
INFO: [ app_init ] --END-- [ RunTime:0.000537s ]

[ 2016-03-11T07:38:38+08:00 ] 127.0.0.1 /linux/3-10/index.php/Home/Index/show/p/3.html
INFO: [ app_init ] --START--
INFO: Run Behavior\BuildLiteBehavior [ RunTime:0.000015s ]
INFO: [ app_init ] --END-- [ RunTime:0.000339s ]

[ 2016-03-11T07:38:41+08:00 ] 127.0.0.1 /linux/3-10/index.php/Home/Index/show/p/4.html
INFO: [ app_init ] --START--
INFO: Run Behavior\BuildLiteBehavior [ RunTime:0.000016s ]
INFO: [ app_init ] --END-- [ RunTime:0.000339s ]

[ 2016-03-11T08:17:33+08:00 ] 127.0.0.1 /linux/3-10/index.php/Home/Index/show.html
INFO: [ app_init ] --START--
INFO: Run Behavior\BuildLiteBehavior [ RunTime:0.000025s ]
INFO: [ app_init ] --END-- [ RunTime:0.000573s ]

[ 2016-03-11T08:17:36+08:00 ] 127.0.0.1 /linux/3-10/index.php/Home/Index/show.html
INFO: [ app_init ] --START--
INFO: Run Behavior\BuildLiteBehavior [ RunTime:0.000016s ]
INFO: [ app_init ] --END-- [ RunTime:0.000388s ]

[ 2016-03-11T08:17:56+08:00 ] 127.0.0.1 /linux/3-10/index.php/Home/Index/show.html
INFO: [ app_init ] --START--
INFO: Run Behavior\BuildLiteBehavior [ RunTime:0.000057s ]
INFO: [ app_init ] --END-- [ RunTime:0.000831s ]

[ 2016-03-11T08:18:00+08:00 ] 127.0.0.1 /linux/3-10/index.php/Home/Index/show.html?search=&search1=%E5%B7%B2%E4%B8%8B%E6%9E%B6
INFO: [ app_init ] --START--
INFO: Run Behavior\BuildLiteBehavior [ RunTime:0.000026s ]
INFO: [ app_init ] --END-- [ RunTime:0.000587s ]

[ 2016-03-11T08:18:19+08:00 ] 127.0.0.1 /linux/3-10/index.php/Home/Index/show.html?search=&search1=%E5%B7%B2%E4%B8%8B%E6%9E%B6
INFO: [ app_init ] --START--
INFO: Run Behavior\BuildLiteBehavior [ RunTime:0.000017s ]
INFO: [ app_init ] --END-- [ RunTime:0.000415s ]

[ 2016-03-11T08:18:21+08:00 ] 127.0.0.1 /linux/3-10/index.php/Home/Index/show.html?search=&search1=%E5%B7%B2%E4%B8%8B%E6%9E%B6
INFO: [ app_init ] --START--
INFO: Run Behavior\BuildLiteBehavior [ RunTime:0.000025s ]
INFO: [ app_init ] --END-- [ RunTime:0.000539s ]

[ 2016-03-11T08:19:05+08:00 ] 127.0.0.1 /linux/3-10/index.php/Home/Index/show.html?search=&search1=%E5%B7%B2%E4%B8%8B%E6%9E%B6
INFO: [ app_init ] --START--
INFO: Run Behavior\BuildLiteBehavior [ RunTime:0.000024s ]
INFO: [ app_init ] --END-- [ RunTime:0.000610s ]

[ 2016-03-11T08:19:08+08:00 ] 127.0.0.1 /linux/3-10/index.php/Home/Index/show.html?search=&search1=%E5%B7%B2%E4%B8%8B%E6%9E%B6
INFO: [ app_init ] --START--
INFO: Run Behavior\BuildLiteBehavior [ RunTime:0.000018s ]
INFO: [ app_init ] --END-- [ RunTime:0.000491s ]

[ 2016-03-11T08:19:55+08:00 ] 127.0.0.1 /linux/3-10/index.php/Home/Index/show.html?search=&search1=%E5%B7%B2%E4%B8%8B%E6%9E%B6
INFO: [ app_init ] --START--
INFO: Run Behavior\BuildLiteBehavior [ RunTime:0.000016s ]
INFO: [ app_init ] --END-- [ RunTime:0.000464s ]

[ 2016-03-11T08:20:00+08:00 ] 127.0.0.1 /linux/3-10/index.php/Home/Index/show.html?search=asd+&search1=%E5%B7%B2%E4%B8%8B%E6%9E%B6
INFO: [ app_init ] --START--
INFO: Run Behavior\BuildLiteBehavior [ RunTime:0.000023s ]
INFO: [ app_init ] --END-- [ RunTime:0.000566s ]

[ 2016-03-11T08:20:43+08:00 ] 127.0.0.1 /linux/3-10/index.php/Home/Index/show.html?search=asd+&search1=%E5%B7%B2%E4%B8%8B%E6%9E%B6
INFO: [ app_init ] --START--
INFO: Run Behavior\BuildLiteBehavior [ RunTime:0.000030s ]
INFO: [ app_init ] --END-- [ RunTime:0.000639s ]

[ 2016-03-11T08:20:47+08:00 ] 127.0.0.1 /linux/3-10/index.php/Home/Index/show.html?search=&search1=%E4%B8%8A%E6%9E%B6%E4%B8%AD
INFO: [ app_init ] --START--
INFO: Run Behavior\BuildLiteBehavior [ RunTime:0.000021s ]
INFO: [ app_init ] --END-- [ RunTime:0.000444s ]

[ 2016-03-11T08:22:41+08:00 ] 127.0.0.1 /linux/3-10/index.php/Home/Index/show.html?search=&search1=%E4%B8%8A%E6%9E%B6%E4%B8%AD
INFO: [ app_init ] --START--
INFO: Run Behavior\BuildLiteBehavior [ RunTime:0.000016s ]
INFO: [ app_init ] --END-- [ RunTime:0.000424s ]

[ 2016-03-11T08:22:44+08:00 ] 127.0.0.1 /linux/3-10/index.php/Home/Index/show.html?search=&search1=%E5%B7%B2%E4%B8%8B%E6%9E%B6
INFO: [ app_init ] --START--
INFO: Run Behavior\BuildLiteBehavior [ RunTime:0.000017s ]
INFO: [ app_init ] --END-- [ RunTime:0.000368s ]

[ 2016-03-11T08:22:48+08:00 ] 127.0.0.1 /linux/3-10/index.php/Home/Index/show.html?search=sadfs&search1=%E5%B7%B2%E4%B8%8B%E6%9E%B6
INFO: [ app_init ] --START--
INFO: Run Behavior\BuildLiteBehavior [ RunTime:0.000026s ]
INFO: [ app_init ] --END-- [ RunTime:0.000437s ]

[ 2016-03-11T08:23:58+08:00 ] 127.0.0.1 /linux/3-10/index.php/Home/Index/show.html?search=sadfs&search1=%E5%B7%B2%E4%B8%8B%E6%9E%B6
INFO: [ app_init ] --START--
INFO: Run Behavior\BuildLiteBehavior [ RunTime:0.000018s ]
INFO: [ app_init ] --END-- [ RunTime:0.000664s ]

[ 2016-03-11T08:24:03+08:00 ] 127.0.0.1 /linux/3-10/index.php/Home/Index/show.html?search=adsa+&search1=%E5%B7%B2%E4%B8%8B%E6%9E%B6
INFO: [ app_init ] --START--
INFO: Run Behavior\BuildLiteBehavior [ RunTime:0.000025s ]
INFO: [ app_init ] --END-- [ RunTime:0.000515s ]

[ 2016-03-11T08:24:52+08:00 ] 127.0.0.1 /linux/3-10/index.php/Home/Index/show.html?search=asdsa&search1=%E5%B7%B2%E4%B8%8B%E6%9E%B6
INFO: [ app_init ] --START--
INFO: Run Behavior\BuildLiteBehavior [ RunTime:0.000022s ]
INFO: [ app_init ] --END-- [ RunTime:0.000641s ]

[ 2016-03-11T08:26:47+08:00 ] 127.0.0.1 /linux/3-10/index.php/Home/Index/show.html?search=asdsa&search1=%E5%B7%B2%E4%B8%8B%E6%9E%B6
INFO: [ app_init ] --START--
INFO: Run Behavior\BuildLiteBehavior [ RunTime:0.000019s ]
INFO: [ app_init ] --END-- [ RunTime:0.000478s ]

[ 2016-03-11T08:27:26+08:00 ] 127.0.0.1 /linux/3-10/index.php/Home/Index/show.html?search=asdsa&search1=%E5%B7%B2%E4%B8%8B%E6%9E%B6
INFO: [ app_init ] --START--
INFO: Run Behavior\BuildLiteBehavior [ RunTime:0.000019s ]
INFO: [ app_init ] --END-- [ RunTime:0.000657s ]

[ 2016-03-11T08:27:30+08:00 ] 127.0.0.1 /linux/3-10/index.php/Home/Index/search/%E6%9D%A8%E5%B9%82/search1/
INFO: [ app_init ] --START--
INFO: Run Behavior\BuildLiteBehavior [ RunTime:0.000015s ]
INFO: [ app_init ] --END-- [ RunTime:0.000339s ]

[ 2016-03-11T08:27:31+08:00 ] 127.0.0.1 /linux/3-10/index.php/Home/Index/search/%E6%9D%A8%E5%B9%82/search1/
INFO: [ app_init ] --START--
INFO: Run Behavior\BuildLiteBehavior [ RunTime:0.000019s ]
INFO: [ app_init ] --END-- [ RunTime:0.000435s ]

[ 2016-03-11T08:27:37+08:00 ] 127.0.0.1 /linux/3-10/index.php/Home/Index/search/%E4%BC%8A%E5%88%A9/search1/%E5%B7%B2%E4%B8%8B%E6%9E%B6
INFO: [ app_init ] --START--
INFO: Run Behavior\BuildLiteBehavior [ RunTime:0.000013s ]
INFO: [ app_init ] --END-- [ RunTime:0.000341s ]

[ 2016-03-11T08:27:38+08:00 ] 127.0.0.1 /linux/3-10/index.php/Home/Index/search/%E4%BC%8A%E5%88%A9/search1/%E5%B7%B2%E4%B8%8B%E6%9E%B6
INFO: [ app_init ] --START--
INFO: Run Behavior\BuildLiteBehavior [ RunTime:0.000014s ]
INFO: [ app_init ] --END-- [ RunTime:0.000346s ]

[ 2016-03-11T08:27:38+08:00 ] 127.0.0.1 /linux/3-10/index.php/Home/Index/search/%E4%BC%8A%E5%88%A9/search1/%E5%B7%B2%E4%B8%8B%E6%9E%B6
INFO: [ app_init ] --START--
INFO: Run Behavior\BuildLiteBehavior [ RunTime:0.000015s ]
INFO: [ app_init ] --END-- [ RunTime:0.000351s ]

[ 2016-03-11T08:27:41+08:00 ] 127.0.0.1 /linux/3-10/index.php/Home/Index/search/%E4%BC%8A%E5%88%A9/search1/%E5%B7%B2%E4%B8%8B%E6%9E%B6
INFO: [ app_init ] --START--
INFO: Run Behavior\BuildLiteBehavior [ RunTime:0.000014s ]
INFO: [ app_init ] --END-- [ RunTime:0.000324s ]

[ 2016-03-11T08:28:03+08:00 ] 127.0.0.1 /linux/3-10/index.php/Home/Index/show.html?search=asdsa&search1=%E5%B7%B2%E4%B8%8B%E6%9E%B6
INFO: [ app_init ] --START--
INFO: Run Behavior\BuildLiteBehavior [ RunTime:0.000028s ]
INFO: [ app_init ] --END-- [ RunTime:0.000629s ]

[ 2016-03-11T08:28:07+08:00 ] 127.0.0.1 /linux/3-10/index.php/Home/Index/search/%E4%BC%8A%E5%88%A9/&search1/%E5%B7%B2%E4%B8%8B%E6%9E%B6
INFO: [ app_init ] --START--
INFO: Run Behavior\BuildLiteBehavior [ RunTime:0.000013s ]
INFO: [ app_init ] --END-- [ RunTime:0.000297s ]

[ 2016-03-11T08:28:08+08:00 ] 127.0.0.1 /linux/3-10/index.php/Home/Index/search/%E4%BC%8A%E5%88%A9/&search1/%E5%B7%B2%E4%B8%8B%E6%9E%B6
INFO: [ app_init ] --START--
INFO: Run Behavior\BuildLiteBehavior [ RunTime:0.000018s ]
INFO: [ app_init ] --END-- [ RunTime:0.000407s ]

[ 2016-03-11T08:28:08+08:00 ] 127.0.0.1 /linux/3-10/index.php/Home/Index/search/%E4%BC%8A%E5%88%A9/&search1/%E5%B7%B2%E4%B8%8B%E6%9E%B6
INFO: [ app_init ] --START--
INFO: Run Behavior\BuildLiteBehavior [ RunTime:0.000013s ]
INFO: [ app_init ] --END-- [ RunTime:0.000310s ]

[ 2016-03-11T08:28:08+08:00 ] 127.0.0.1 /linux/3-10/index.php/Home/Index/search/%E4%BC%8A%E5%88%A9/&search1/%E5%B7%B2%E4%B8%8B%E6%9E%B6
INFO: [ app_init ] --START--
INFO: Run Behavior\BuildLiteBehavior [ RunTime:0.000015s ]
INFO: [ app_init ] --END-- [ RunTime:0.000375s ]

[ 2016-03-11T08:28:08+08:00 ] 127.0.0.1 /linux/3-10/index.php/Home/Index/search/%E4%BC%8A%E5%88%A9/&search1/%E5%B7%B2%E4%B8%8B%E6%9E%B6
INFO: [ app_init ] --START--
INFO: Run Behavior\BuildLiteBehavior [ RunTime:0.000024s ]
INFO: [ app_init ] --END-- [ RunTime:0.000493s ]

[ 2016-03-11T08:28:10+08:00 ] 127.0.0.1 /linux/3-10/index.php/Home/Index/search/%E4%BC%8A%E5%88%A9/&search1/
INFO: [ app_init ] --START--
INFO: Run Behavior\BuildLiteBehavior [ RunTime:0.000013s ]
INFO: [ app_init ] --END-- [ RunTime:0.000352s ]

[ 2016-03-11T08:28:10+08:00 ] 127.0.0.1 /linux/3-10/index.php/Home/Index/search/%E4%BC%8A%E5%88%A9/&search1/
INFO: [ app_init ] --START--
INFO: Run Behavior\BuildLiteBehavior [ RunTime:0.000024s ]
INFO: [ app_init ] --END-- [ RunTime:0.000486s ]

[ 2016-03-11T08:28:11+08:00 ] 127.0.0.1 /linux/3-10/index.php/Home/Index/search/%E4%BC%8A%E5%88%A9/&search1/
INFO: [ app_init ] --START--
INFO: Run Behavior\BuildLiteBehavior [ RunTime:0.000014s ]
INFO: [ app_init ] --END-- [ RunTime:0.000302s ]

[ 2016-03-11T08:29:09+08:00 ] 127.0.0.1 /linux/3-10/index.php/Home/Index/show.html?search=asdsa&search1=%E5%B7%B2%E4%B8%8B%E6%9E%B6
INFO: [ app_init ] --START--
INFO: Run Behavior\BuildLiteBehavior [ RunTime:0.000016s ]
INFO: [ app_init ] --END-- [ RunTime:0.000481s ]

[ 2016-03-11T08:29:13+08:00 ] 127.0.0.1 /linux/3-10/index.php/Home/Index/search%E4%BC%8A%E5%88%A9/&search1/%E5%B7%B2%E4%B8%8B%E6%9E%B6
INFO: [ app_init ] --START--
INFO: Run Behavior\BuildLiteBehavior [ RunTime:0.000021s ]
INFO: [ app_init ] --END-- [ RunTime:0.000495s ]
ERR: 非法操作:search伊利

[ 2016-03-11T08:29:13+08:00 ] 127.0.0.1 /linux/3-10/index.php/Home/Index/search%E4%BC%8A%E5%88%A9/&search1/%E5%B7%B2%E4%B8%8B%E6%9E%B6
INFO: [ app_init ] --START--
INFO: Run Behavior\BuildLiteBehavior [ RunTime:0.000015s ]
INFO: [ app_init ] --END-- [ RunTime:0.000346s ]
ERR: 非法操作:search伊利

[ 2016-03-11T08:29:15+08:00 ] 127.0.0.1 /linux/3-10/index.php/Home/Index/search%E4%BC%8A%E5%88%A9/&search1/
INFO: [ app_init ] --START--
INFO: Run Behavior\BuildLiteBehavior [ RunTime:0.000017s ]
INFO: [ app_init ] --END-- [ RunTime:0.000338s ]
ERR: 非法操作:search伊利

[ 2016-03-11T08:29:15+08:00 ] 127.0.0.1 /linux/3-10/index.php/Home/Index/search%E4%BC%8A%E5%88%A9/&search1/
INFO: [ app_init ] --START--
INFO: Run Behavior\BuildLiteBehavior [ RunTime:0.000017s ]
INFO: [ app_init ] --END-- [ RunTime:0.000449s ]
ERR: 非法操作:search伊利

[ 2016-03-11T08:29:16+08:00 ] 127.0.0.1 /linux/3-10/index.php/Home/Index/search%E4%BC%8A%E5%88%A9/&search1/
INFO: [ app_init ] --START--
INFO: Run Behavior\BuildLiteBehavior [ RunTime:0.000014s ]
INFO: [ app_init ] --END-- [ RunTime:0.000341s ]
ERR: 非法操作:search伊利

[ 2016-03-11T08:29:16+08:00 ] 127.0.0.1 /linux/3-10/index.php/Home/Index/search%E4%BC%8A%E5%88%A9/&search1/
INFO: [ app_init ] --START--
INFO: Run Behavior\BuildLiteBehavior [ RunTime:0.000013s ]
INFO: [ app_init ] --END-- [ RunTime:0.000318s ]
ERR: 非法操作:search伊利

[ 2016-03-11T08:29:16+08:00 ] 127.0.0.1 /linux/3-10/index.php/Home/Index/search%E4%BC%8A%E5%88%A9/&search1/
INFO: [ app_init ] --START--
INFO: Run Behavior\BuildLiteBehavior [ RunTime:0.000019s ]
INFO: [ app_init ] --END-- [ RunTime:0.000361s ]
ERR: 非法操作:search伊利

[ 2016-03-11T08:29:16+08:00 ] 127.0.0.1 /linux/3-10/index.php/Home/Index/search%E4%BC%8A%E5%88%A9/&search1/
INFO: [ app_init ] --START--
INFO: Run Behavior\BuildLiteBehavior [ RunTime:0.000024s ]
INFO: [ app_init ] --END-- [ RunTime:0.000509s ]
ERR: 非法操作:search伊利

[ 2016-03-11T08:29:16+08:00 ] 127.0.0.1 /linux/3-10/index.php/Home/Index/search%E4%BC%8A%E5%88%A9/&search1/
INFO: [ app_init ] --START--
INFO: Run Behavior\BuildLiteBehavior [ RunTime:0.000022s ]
INFO: [ app_init ] --END-- [ RunTime:0.000506s ]
ERR: 非法操作:search伊利

[ 2016-03-11T08:29:16+08:00 ] 127.0.0.1 /linux/3-10/index.php/Home/Index/search%E4%BC%8A%E5%88%A9/&search1/
INFO: [ app_init ] --START--
INFO: Run Behavior\BuildLiteBehavior [ RunTime:0.000017s ]
INFO: [ app_init ] --END-- [ RunTime:0.000481s ]
ERR: 非法操作:search伊利

[ 2016-03-11T08:29:17+08:00 ] 127.0.0.1 /linux/3-10/index.php/Home/Index/search%E4%BC%8A%E5%88%A9/&search1/
INFO: [ app_init ] --START--
INFO: Run Behavior\BuildLiteBehavior [ RunTime:0.000016s ]
INFO: [ app_init ] --END-- [ RunTime:0.000358s ]
ERR: 非法操作:search伊利

[ 2016-03-11T08:29:17+08:00 ] 127.0.0.1 /linux/3-10/index.php/Home/Index/search%E4%BC%8A%E5%88%A9/&search1/
INFO: [ app_init ] --START--
INFO: Run Behavior\BuildLiteBehavior [ RunTime:0.000033s ]
INFO: [ app_init ] --END-- [ RunTime:0.000595s ]
ERR: 非法操作:search伊利

[ 2016-03-11T08:29:17+08:00 ] 127.0.0.1 /linux/3-10/index.php/Home/Index/search%E4%BC%8A%E5%88%A9/&search1/
INFO: [ app_init ] --START--
INFO: Run Behavior\BuildLiteBehavior [ RunTime:0.000032s ]
INFO: [ app_init ] --END-- [ RunTime:0.000672s ]
ERR: 非法操作:search伊利

[ 2016-03-11T08:32:56+08:00 ] 127.0.0.1 /linux/3-10/index.php/Home/Index/show.html?search=asdsa&search1=%E5%B7%B2%E4%B8%8B%E6%9E%B6
INFO: [ app_init ] --START--
INFO: Run Behavior\BuildLiteBehavior [ RunTime:0.000025s ]
INFO: [ app_init ] --END-- [ RunTime:0.000504s ]

[ 2016-03-11T08:32:57+08:00 ] 127.0.0.1 /linux/3-10/index.php/Home/Index/show.html?search=asdsa&search1=%E5%B7%B2%E4%B8%8B%E6%9E%B6
INFO: [ app_init ] --START--
INFO: Run Behavior\BuildLiteBehavior [ RunTime:0.000017s ]
INFO: [ app_init ] --END-- [ RunTime:0.000470s ]

[ 2016-03-11T08:33:25+08:00 ] 127.0.0.1 /linux/3-10/index.php/Home/Index/show.html?search=asdsa&search1=%E5%B7%B2%E4%B8%8B%E6%9E%B6
INFO: [ app_init ] --START--
INFO: Run Behavior\BuildLiteBehavior [ RunTime:0.000016s ]
INFO: [ app_init ] --END-- [ RunTime:0.000361s ]

[ 2016-03-11T08:33:26+08:00 ] 127.0.0.1 /linux/3-10/index.php/Home/Index/show.html?search=asdsa&search1=%E5%B7%B2%E4%B8%8B%E6%9E%B6
INFO: [ app_init ] --START--
INFO: Run Behavior\BuildLiteBehavior [ RunTime:0.000028s ]
INFO: [ app_init ] --END-- [ RunTime:0.000587s ]

[ 2016-03-11T08:33:28+08:00 ] 127.0.0.1 /linux/3-10/index.php/Home/Index/show.html?search=asdsa&search1=%E5%B7%B2%E4%B8%8B%E6%9E%B6
INFO: [ app_init ] --START--
INFO: Run Behavior\BuildLiteBehavior [ RunTime:0.000020s ]
INFO: [ app_init ] --END-- [ RunTime:0.000849s ]

[ 2016-03-11T08:33:29+08:00 ] 127.0.0.1 /linux/3-10/index.php/Home/Index/show.html?search=asdsa&search1=%E5%B7%B2%E4%B8%8B%E6%9E%B6
INFO: [ app_init ] --START--
INFO: Run Behavior\BuildLiteBehavior [ RunTime:0.000027s ]
INFO: [ app_init ] --END-- [ RunTime:0.000640s ]

[ 2016-03-11T21:55:51+08:00 ] 127.0.0.1 /linux/3-10/index.php
INFO: [ app_init ] --START--
INFO: Run Behavior\BuildLiteBehavior [ RunTime:0.000040s ]
INFO: [ app_init ] --END-- [ RunTime:0.000719s ]

[ 2016-03-11T21:56:07+08:00 ] 127.0.0.1 /linux/3-10/index.php/Home/Index/add/
INFO: [ app_init ] --START--
INFO: Run Behavior\BuildLiteBehavior [ RunTime:0.000049s ]
INFO: [ app_init ] --END-- [ RunTime:0.000759s ]

[ 2016-03-11T21:56:08+08:00 ] 127.0.0.1 /linux/3-10/index.php/Home/Index/show.html
INFO: [ app_init ] --START--
INFO: Run Behavior\BuildLiteBehavior [ RunTime:0.000029s ]
INFO: [ app_init ] --END-- [ RunTime:0.000902s ]

[ 2016-03-11T21:58:28+08:00 ] 127.0.0.1 /linux/3-10/index.php/Home/Index/show.html
INFO: [ app_init ] --START--
INFO: Run Behavior\BuildLiteBehavior [ RunTime:0.000023s ]
INFO: [ app_init ] --END-- [ RunTime:0.000509s ]

[ 2016-03-11T21:58:30+08:00 ] 127.0.0.1 /linux/3-10/index.php/Home/Index/show.html
INFO: [ app_init ] --START--
INFO: Run Behavior\BuildLiteBehavior [ RunTime:0.000014s ]
INFO: [ app_init ] --END-- [ RunTime:0.000310s ]

[ 2016-03-11T21:58:37+08:00 ] 127.0.0.1 /linux/3-10/index.php/Home/Index/add/
INFO: [ app_init ] --START--
INFO: Run Behavior\BuildLiteBehavior [ RunTime:0.000017s ]
INFO: [ app_init ] --END-- [ RunTime:0.000420s ]

[ 2016-03-11T21:58:38+08:00 ] 127.0.0.1 /linux/3-10/index.php/Home/Index/show.html
INFO: [ app_init ] --START--
INFO: Run Behavior\BuildLiteBehavior [ RunTime:0.000033s ]
INFO: [ app_init ] --END-- [ RunTime:0.000450s ]

[ 2016-03-11T21:59:52+08:00 ] 127.0.0.1 /linux/3-10/index.php/Home/Index/show.html
INFO: [ app_init ] --START--
INFO: Run Behavior\BuildLiteBehavior [ RunTime:0.000025s ]
INFO: [ app_init ] --END-- [ RunTime:0.000581s ]

[ 2016-03-11T21:59:53+08:00 ] 127.0.0.1 /linux/3-10/index.php/Home/Index/show.html
INFO: [ app_init ] --START--
INFO: Run Behavior\BuildLiteBehavior [ RunTime:0.000017s ]
INFO: [ app_init ] --END-- [ RunTime:0.000414s ]

[ 2016-03-11T21:59:55+08:00 ] 127.0.0.1 /linux/3-10/index.php/Home/Index/show.html
INFO: [ app_init ] --START--
INFO: Run Behavior\BuildLiteBehavior [ RunTime:0.000028s ]
INFO: [ app_init ] --END-- [ RunTime:0.000589s ]

[ 2016-03-11T21:59:58+08:00 ] 127.0.0.1 /linux/3-10/index.php/Home/Index/show/p/3.html
INFO: [ app_init ] --START--
INFO: Run Behavior\BuildLiteBehavior [ RunTime:0.000012s ]
INFO: [ app_init ] --END-- [ RunTime:0.000299s ]

[ 2016-03-11T22:52:02+08:00 ] 127.0.0.1 /linux/3-10/index.php/Home/Index/show/p/3.html
INFO: [ app_init ] --START--
INFO: Run Behavior\BuildLiteBehavior [ RunTime:0.000017s ]
INFO: [ app_init ] --END-- [ RunTime:0.000433s ]

[ 2016-03-11T22:52:08+08:00 ] 127.0.0.1 /linux/3-10/index.php/Home/Index/show/p/3.html?search=%E4%BC%8A%E5%88%A9&search1=
INFO: [ app_init ] --START--
INFO: Run Behavior\BuildLiteBehavior [ RunTime:0.000019s ]
INFO: [ app_init ] --END-- [ RunTime:0.000410s ]

[ 2016-03-11T22:52:34+08:00 ] 127.0.0.1 /linux/3-10/index.php/Home/Index/show/p/3.html?search=%E4%BC%8A%E5%88%A9&search1=
INFO: [ app_init ] --START--
INFO: Run Behavior\BuildLiteBehavior [ RunTime:0.000189s ]
INFO: [ app_init ] --END-- [ RunTime:0.001058s ]

[ 2016-03-11T22:52:39+08:00 ] 127.0.0.1 /linux/3-10/index.php/Home/Index/show/p/3.html?search=%E4%BC%8A%E5%88%A9&search1=%E4%B8%8A%E6%9E%B6%E4%B8%AD
INFO: [ app_init ] --START--
INFO: Run Behavior\BuildLiteBehavior [ RunTime:0.000016s ]
INFO: [ app_init ] --END-- [ RunTime:0.000356s ]

[ 2016-03-11T22:52:42+08:00 ] 127.0.0.1 /linux/3-10/index.php/Home/Index/show/p/3.html?search=%E4%BC%8A%E5%88%A9&search1=
INFO: [ app_init ] --START--
INFO: Run Behavior\BuildLiteBehavior [ RunTime:0.000028s ]
INFO: [ app_init ] --END-- [ RunTime:0.000675s ]

[ 2016-03-11T22:52:46+08:00 ] 127.0.0.1 /linux/3-10/index.php/Home/Index/show/p/3.html?search=%E4%BC%8A%E5%88%A9&search1=%E5%B7%B2%E4%B8%8B%E6%9E%B6
INFO: [ app_init ] --START--
INFO: Run Behavior\BuildLiteBehavior [ RunTime:0.000026s ]
INFO: [ app_init ] --END-- [ RunTime:0.000551s ]

[ 2016-03-11T22:52:57+08:00 ] 127.0.0.1 /linux/3-10/index.php/Home/Index/show/p/3.html?search=%E4%BC%8A%E5%88%A9&search1=
INFO: [ app_init ] --START--
INFO: Run Behavior\BuildLiteBehavior [ RunTime:0.000016s ]
INFO: [ app_init ] --END-- [ RunTime:0.000378s ]

[ 2016-03-11T22:53:55+08:00 ] 127.0.0.1 /linux/3-10/index.php/Home/Index/show/p/3.html?search=%E4%BC%8A%E5%88%A9&search1=
INFO: [ app_init ] --START--
INFO: Run Behavior\BuildLiteBehavior [ RunTime:0.000025s ]
INFO: [ app_init ] --END-- [ RunTime:0.000815s ]

[ 2016-03-11T22:54:01+08:00 ] 127.0.0.1 /linux/3-10/index.php/Home/Index/show/p/3.html?search=%E4%BC%8A%E5%88%A9&search1=%E4%B8%8A%E6%9E%B6%E4%B8%AD
INFO: [ app_init ] --START--
INFO: Run Behavior\BuildLiteBehavior [ RunTime:0.000016s ]
INFO: [ app_init ] --END-- [ RunTime:0.000343s ]

[ 2016-03-11T22:54:05+08:00 ] 127.0.0.1 /linux/3-10/index.php/Home/Index/show/p/2/search/%E4%BC%8A%E5%88%A9/search1/%E4%B8%8A%E6%9E%B6%E4%B8%AD.html
INFO: [ app_init ] --START--
INFO: Run Behavior\BuildLiteBehavior [ RunTime:0.000041s ]
INFO: [ app_init ] --END-- [ RunTime:0.000721s ]

[ 2016-03-11T22:54:08+08:00 ] 127.0.0.1 /linux/3-10/index.php/Home/Index/show/p/3/search/%E4%BC%8A%E5%88%A9/search1/%E4%B8%8A%E6%9E%B6%E4%B8%AD.html
INFO: [ app_init ] --START--
INFO: Run Behavior\BuildLiteBehavior [ RunTime:0.000017s ]
INFO: [ app_init ] --END-- [ RunTime:0.000470s ]

