[ 2016-03-10T20:49:19+08:00 ] 127.0.0.1 /linux/3-10/index.php
INFO: [ app_init ] --START--
INFO: Run Behavior\BuildLiteBehavior [ RunTime:0.000022s ]
INFO: [ app_init ] --END-- [ RunTime:0.000146s ]
INFO: [ app_begin ] --START--
INFO: Run Behavior\ReadHtmlCacheBehavior [ RunTime:0.000655s ]
INFO: [ app_begin ] --END-- [ RunTime:0.000727s ]
INFO: [ view_parse ] --START--
INFO: [ template_filter ] --START--
INFO: Run Behavior\ContentReplaceBehavior [ RunTime:0.000063s ]
INFO: [ template_filter ] --END-- [ RunTime:0.000185s ]
INFO: Run Behavior\ParseTemplateBehavior [ RunTime:0.007457s ]
INFO: [ view_parse ] --END-- [ RunTime:0.007559s ]
INFO: [ view_filter ] --START--
INFO: Run Behavior\WriteHtmlCacheBehavior [ RunTime:0.000498s ]
INFO: [ view_filter ] --END-- [ RunTime:0.000566s ]
INFO: [ app_end ] --START--
INFO: Run Behavior\ShowPageTraceBehavior [ RunTime:0.000817s ]
INFO: [ app_end ] --END-- [ RunTime:0.000925s ]

[ 2016-03-10T21:00:57+08:00 ] 127.0.0.1 /linux/3-10/index.php
INFO: [ app_init ] --START--
INFO: Run Behavior\BuildLiteBehavior [ RunTime:0.000017s ]
INFO: [ app_init ] --END-- [ RunTime:0.000431s ]

[ 2016-03-10T21:01:10+08:00 ] 127.0.0.1 /linux/3-10/index.php
INFO: [ app_init ] --START--
INFO: Run Behavior\BuildLiteBehavior [ RunTime:0.000017s ]
INFO: [ app_init ] --END-- [ RunTime:0.000379s ]

[ 2016-03-10T21:22:11+08:00 ] 127.0.0.1 /linux/3-10/index.php
INFO: [ app_init ] --START--
INFO: Run Behavior\BuildLiteBehavior [ RunTime:0.000025s ]
INFO: [ app_init ] --END-- [ RunTime:0.000952s ]

[ 2016-03-10T21:22:13+08:00 ] 127.0.0.1 /linux/3-10/index.php
INFO: [ app_init ] --START--
INFO: Run Behavior\BuildLiteBehavior [ RunTime:0.000059s ]
INFO: [ app_init ] --END-- [ RunTime:0.000653s ]

[ 2016-03-10T21:24:18+08:00 ] 127.0.0.1 /linux/3-10/index.php
INFO: [ app_init ] --START--
INFO: Run Behavior\BuildLiteBehavior [ RunTime:0.000023s ]
INFO: [ app_init ] --END-- [ RunTime:0.000712s ]

[ 2016-03-10T21:24:24+08:00 ] 127.0.0.1 /linux/3-10/index.php/Home/Index/add/
INFO: [ app_init ] --START--
INFO: Run Behavior\BuildLiteBehavior [ RunTime:0.000027s ]
INFO: [ app_init ] --END-- [ RunTime:0.000645s ]
ERR: Think\Model:insert方法不存在！

[ 2016-03-10T21:25:02+08:00 ] 127.0.0.1 /linux/3-10/index.php/Home/Index/add/
INFO: [ app_init ] --START--
INFO: Run Behavior\BuildLiteBehavior [ RunTime:0.000025s ]
INFO: [ app_init ] --END-- [ RunTime:0.000535s ]

[ 2016-03-10T21:25:03+08:00 ] 127.0.0.1 /linux/3-10/index.php/Home/Index/index.html
INFO: [ app_init ] --START--
INFO: Run Behavior\BuildLiteBehavior [ RunTime:0.000033s ]
INFO: [ app_init ] --END-- [ RunTime:0.001263s ]

[ 2016-03-10T21:26:26+08:00 ] 127.0.0.1 /linux/3-10/index.php/Home/Index/add/
INFO: [ app_init ] --START--
INFO: Run Behavior\BuildLiteBehavior [ RunTime:0.000028s ]
INFO: [ app_init ] --END-- [ RunTime:0.000672s ]

[ 2016-03-10T21:26:27+08:00 ] 127.0.0.1 /linux/3-10/index.php/Home/Index/index.html
INFO: [ app_init ] --START--
INFO: Run Behavior\BuildLiteBehavior [ RunTime:0.000027s ]
INFO: [ app_init ] --END-- [ RunTime:0.000571s ]

[ 2016-03-10T21:27:32+08:00 ] 127.0.0.1 /linux/3-10/index.php/Home/Index/add/
INFO: [ app_init ] --START--
INFO: Run Behavior\BuildLiteBehavior [ RunTime:0.000024s ]
INFO: [ app_init ] --END-- [ RunTime:0.000730s ]

[ 2016-03-10T21:27:33+08:00 ] 127.0.0.1 /linux/3-10/index.php/Home/Index/index.html
INFO: [ app_init ] --START--
INFO: Run Behavior\BuildLiteBehavior [ RunTime:0.000029s ]
INFO: [ app_init ] --END-- [ RunTime:0.000582s ]

[ 2016-03-10T21:27:57+08:00 ] 127.0.0.1 /linux/3-10/index.php/Home/Index/add/
INFO: [ app_init ] --START--
INFO: Run Behavior\BuildLiteBehavior [ RunTime:0.000027s ]
INFO: [ app_init ] --END-- [ RunTime:0.000595s ]

[ 2016-03-10T21:27:58+08:00 ] 127.0.0.1 /linux/3-10/index.php/Home/Index/index.html
INFO: [ app_init ] --START--
INFO: Run Behavior\BuildLiteBehavior [ RunTime:0.000015s ]
INFO: [ app_init ] --END-- [ RunTime:0.000368s ]

[ 2016-03-10T21:28:28+08:00 ] 127.0.0.1 /linux/3-10/index.php/Home/Index/add/
INFO: [ app_init ] --START--
INFO: Run Behavior\BuildLiteBehavior [ RunTime:0.000025s ]
INFO: [ app_init ] --END-- [ RunTime:0.000675s ]

[ 2016-03-10T21:28:29+08:00 ] 127.0.0.1 /linux/3-10/index.php/Home/Index/index.html
INFO: [ app_init ] --START--
INFO: Run Behavior\BuildLiteBehavior [ RunTime:0.000016s ]
INFO: [ app_init ] --END-- [ RunTime:0.000356s ]

[ 2016-03-10T22:06:47+08:00 ] 127.0.0.1 /linux/3-10/index.php/Home/Index/add/
INFO: [ app_init ] --START--
INFO: Run Behavior\BuildLiteBehavior [ RunTime:0.000019s ]
INFO: [ app_init ] --END-- [ RunTime:0.000582s ]

[ 2016-03-10T22:06:48+08:00 ] 127.0.0.1 /linux/3-10/index.php/Home/Index/show.html
INFO: [ app_init ] --START--
INFO: Run Behavior\BuildLiteBehavior [ RunTime:0.000030s ]
INFO: [ app_init ] --END-- [ RunTime:0.000769s ]
ERR: SQLSTATE[42S22]: Column not found: 1054 Unknown column 'create_time' in 'order clause'

[ 2016-03-10T22:07:36+08:00 ] 127.0.0.1 /linux/3-10/index.php/Home/Index/show.html
INFO: [ app_init ] --START--
INFO: Run Behavior\BuildLiteBehavior [ RunTime:0.000041s ]
INFO: [ app_init ] --END-- [ RunTime:0.000821s ]

[ 2016-03-10T22:08:32+08:00 ] 127.0.0.1 /linux/3-10/index.php/Home/Index/show.html
INFO: [ app_init ] --START--
INFO: Run Behavior\BuildLiteBehavior [ RunTime:0.000030s ]
INFO: [ app_init ] --END-- [ RunTime:0.000880s ]

[ 2016-03-10T22:08:35+08:00 ] 127.0.0.1 /linux/3-10/index.php/Home/Index/show/p/2.html
INFO: [ app_init ] --START--
INFO: Run Behavior\BuildLiteBehavior [ RunTime:0.000024s ]
INFO: [ app_init ] --END-- [ RunTime:0.000539s ]

[ 2016-03-10T22:08:39+08:00 ] 127.0.0.1 /linux/3-10/index.php/Home/Index/show/p/3.html
INFO: [ app_init ] --START--
INFO: Run Behavior\BuildLiteBehavior [ RunTime:0.000013s ]
INFO: [ app_init ] --END-- [ RunTime:0.000302s ]

[ 2016-03-10T22:08:42+08:00 ] 127.0.0.1 /linux/3-10/index.php/Home/Index/show/p/1.html
INFO: [ app_init ] --START--
INFO: Run Behavior\BuildLiteBehavior [ RunTime:0.000013s ]
INFO: [ app_init ] --END-- [ RunTime:0.000338s ]

[ 2016-03-10T22:09:13+08:00 ] 127.0.0.1 /linux/3-10/index.php/Home/Index/show/p/1.html
INFO: [ app_init ] --START--
INFO: Run Behavior\BuildLiteBehavior [ RunTime:0.000021s ]
INFO: [ app_init ] --END-- [ RunTime:0.000505s ]

[ 2016-03-10T22:09:55+08:00 ] 127.0.0.1 /linux/3-10/index.php/Home/Index/show/p/1.html
INFO: [ app_init ] --START--
INFO: Run Behavior\BuildLiteBehavior [ RunTime:0.000026s ]
INFO: [ app_init ] --END-- [ RunTime:0.000557s ]

[ 2016-03-10T22:09:57+08:00 ] 127.0.0.1 /linux/3-10/index.php/Home/Index/show/p/1.html
INFO: [ app_init ] --START--
INFO: Run Behavior\BuildLiteBehavior [ RunTime:0.000014s ]
INFO: [ app_init ] --END-- [ RunTime:0.000404s ]

[ 2016-03-10T22:09:59+08:00 ] 127.0.0.1 /linux/3-10/index.php/Home/Index/show/p/2.html
INFO: [ app_init ] --START--
INFO: Run Behavior\BuildLiteBehavior [ RunTime:0.000014s ]
INFO: [ app_init ] --END-- [ RunTime:0.000332s ]

[ 2016-03-10T22:10:01+08:00 ] 127.0.0.1 /linux/3-10/index.php/Home/Index/show/p/3.html
INFO: [ app_init ] --START--
INFO: Run Behavior\BuildLiteBehavior [ RunTime:0.000023s ]
INFO: [ app_init ] --END-- [ RunTime:0.000583s ]

[ 2016-03-10T22:27:56+08:00 ] 127.0.0.1 /linux/3-10/index.php/Home/Index/show/p/3.html
INFO: [ app_init ] --START--
INFO: Run Behavior\BuildLiteBehavior [ RunTime:0.000213s ]
INFO: [ app_init ] --END-- [ RunTime:0.091720s ]

[ 2016-03-10T22:27:58+08:00 ] 127.0.0.1 /linux/3-10/index.php/Home/Index/show/p/3.html
INFO: [ app_init ] --START--
INFO: Run Behavior\BuildLiteBehavior [ RunTime:0.000067s ]
INFO: [ app_init ] --END-- [ RunTime:0.014262s ]

[ 2016-03-10T22:28:21+08:00 ] 127.0.0.1 /linux/3-10/index.php/Home/Index/show/p/3.html?search=%E4%BC%8A%E5%88%A9&search1=%E4%B8%8A%E6%9E%B6%E4%B8%AD
INFO: [ app_init ] --START--
INFO: Run Behavior\BuildLiteBehavior [ RunTime:0.000064s ]
INFO: [ app_init ] --END-- [ RunTime:0.001185s ]

[ 2016-03-10T22:29:10+08:00 ] 127.0.0.1 /linux/3-10/index.php/Home/Index/show/p/3.html?search=%E4%BC%8A%E5%88%A9&search1=%E4%B8%8A%E6%9E%B6%E4%B8%AD
INFO: [ app_init ] --START--
INFO: Run Behavior\BuildLiteBehavior [ RunTime:0.000044s ]
INFO: [ app_init ] --END-- [ RunTime:0.001116s ]

[ 2016-03-10T22:29:17+08:00 ] 127.0.0.1 /linux/3-10/index.php/Home/Index/show/p/3.html?search=%E4%BC%8A%E5%88%A9&search1=%E4%B8%8A%E6%9E%B6%E4%B8%AD
INFO: [ app_init ] --START--
INFO: Run Behavior\BuildLiteBehavior [ RunTime:0.000026s ]
INFO: [ app_init ] --END-- [ RunTime:0.000600s ]

[ 2016-03-10T22:45:30+08:00 ] 127.0.0.1 /linux/3-10/index.php/Home/Index/show/p/3.html
INFO: [ app_init ] --START--
INFO: Run Behavior\BuildLiteBehavior [ RunTime:0.000018s ]
INFO: [ app_init ] --END-- [ RunTime:0.000455s ]

[ 2016-03-10T22:45:31+08:00 ] 127.0.0.1 /linux/3-10/index.php/Home/Index/show/p/3.html
INFO: [ app_init ] --START--
INFO: Run Behavior\BuildLiteBehavior [ RunTime:0.000013s ]
INFO: [ app_init ] --END-- [ RunTime:0.000343s ]

[ 2016-03-10T22:45:37+08:00 ] 127.0.0.1 /linux/3-10/index.php/Home/Index/show/p/3.html?search=%E4%BC%8A%E5%88%A9&search1=
INFO: [ app_init ] --START--
INFO: Run Behavior\BuildLiteBehavior [ RunTime:0.000044s ]
INFO: [ app_init ] --END-- [ RunTime:0.001098s ]

[ 2016-03-10T22:48:15+08:00 ] 127.0.0.1 /linux/3-10/index.php/Home/Index/show/p/3.html?search=%E4%BC%8A%E5%88%A9&search1=
INFO: [ app_init ] --START--
INFO: Run Behavior\BuildLiteBehavior [ RunTime:0.000015s ]
INFO: [ app_init ] --END-- [ RunTime:0.000396s ]

[ 2016-03-10T22:48:16+08:00 ] 127.0.0.1 /linux/3-10/index.php/Home/Index/show/p/3.html?search=%E4%BC%8A%E5%88%A9&search1=
INFO: [ app_init ] --START--
INFO: Run Behavior\BuildLiteBehavior [ RunTime:0.000017s ]
INFO: [ app_init ] --END-- [ RunTime:0.000342s ]

[ 2016-03-10T22:48:27+08:00 ] 127.0.0.1 /linux/3-10/index.php/Home/Index/show/p/3.html
INFO: [ app_init ] --START--
INFO: Run Behavior\BuildLiteBehavior [ RunTime:0.000013s ]
INFO: [ app_init ] --END-- [ RunTime:0.000341s ]

[ 2016-03-10T22:48:28+08:00 ] 127.0.0.1 /linux/3-10/index.php/Home/Index/show/p/3.html
INFO: [ app_init ] --START--
INFO: Run Behavior\BuildLiteBehavior [ RunTime:0.000013s ]
INFO: [ app_init ] --END-- [ RunTime:0.000330s ]

[ 2016-03-10T22:48:29+08:00 ] 127.0.0.1 /linux/3-10/index.php/Home/Index/show/p/3.html
INFO: [ app_init ] --START--
INFO: Run Behavior\BuildLiteBehavior [ RunTime:0.000024s ]
INFO: [ app_init ] --END-- [ RunTime:0.000578s ]

[ 2016-03-10T22:48:31+08:00 ] 127.0.0.1 /linux/3-10/index.php/Home/Index/show/p/3.html
INFO: [ app_init ] --START--
INFO: Run Behavior\BuildLiteBehavior [ RunTime:0.000027s ]
INFO: [ app_init ] --END-- [ RunTime:0.000600s ]

[ 2016-03-10T22:48:41+08:00 ] 127.0.0.1 /linux/3-10/index.php/Home/Index/show/p/3.html?search=%E4%BC%8A%E5%88%A9&search1=%E4%B8%8A%E6%9E%B6%E4%B8%AD
INFO: [ app_init ] --START--
INFO: Run Behavior\BuildLiteBehavior [ RunTime:0.000015s ]
INFO: [ app_init ] --END-- [ RunTime:0.000353s ]

[ 2016-03-10T22:49:28+08:00 ] 127.0.0.1 /linux/3-10/index.php/Home/Index/show/p/3.html?search=%E4%BC%8A%E5%88%A9&search1=%E4%B8%8A%E6%9E%B6%E4%B8%AD
INFO: [ app_init ] --START--
INFO: Run Behavior\BuildLiteBehavior [ RunTime:0.000015s ]
INFO: [ app_init ] --END-- [ RunTime:0.000340s ]

[ 2016-03-10T22:49:29+08:00 ] 127.0.0.1 /linux/3-10/index.php/Home/Index/show/p/3.html?search=%E4%BC%8A%E5%88%A9&search1=%E4%B8%8A%E6%9E%B6%E4%B8%AD
INFO: [ app_init ] --START--
INFO: Run Behavior\BuildLiteBehavior [ RunTime:0.000018s ]
INFO: [ app_init ] --END-- [ RunTime:0.000414s ]

[ 2016-03-10T22:49:34+08:00 ] 127.0.0.1 /linux/3-10/index.php/Home/Index/show/p/3.html
INFO: [ app_init ] --START--
INFO: Run Behavior\BuildLiteBehavior [ RunTime:0.000022s ]
INFO: [ app_init ] --END-- [ RunTime:0.000495s ]

[ 2016-03-10T22:49:37+08:00 ] 127.0.0.1 /linux/3-10/index.php/Home/Index/show/p/3.html?search=%E4%BC%8A%E5%88%A9&search1=%E4%B8%8A%E6%9E%B6%E4%B8%AD
INFO: [ app_init ] --START--
INFO: Run Behavior\BuildLiteBehavior [ RunTime:0.000024s ]
INFO: [ app_init ] --END-- [ RunTime:0.000509s ]

[ 2016-03-10T22:49:47+08:00 ] 127.0.0.1 /linux/3-10/index.php/Home/Index/show/p/3.html?search=%E4%BC%8A%E5%88%A9&search1=%E4%B8%8A%E6%9E%B6%E4%B8%AD
INFO: [ app_init ] --START--
INFO: Run Behavior\BuildLiteBehavior [ RunTime:0.000026s ]
INFO: [ app_init ] --END-- [ RunTime:0.000749s ]

[ 2016-03-10T22:50:00+08:00 ] 127.0.0.1 /linux/3-10/index.php/Home/Index/show/p/3.html?search=%E4%BC%8A%E5%88%A9&search1=
INFO: [ app_init ] --START--
INFO: Run Behavior\BuildLiteBehavior [ RunTime:0.000042s ]
INFO: [ app_init ] --END-- [ RunTime:0.001017s ]

[ 2016-03-10T22:54:10+08:00 ] 127.0.0.1 /linux/3-10/index.php/Home/Index/show/p/3.html?search=%E4%BC%8A%E5%88%A9&search1=
INFO: [ app_init ] --START--
INFO: Run Behavior\BuildLiteBehavior [ RunTime:0.000013s ]
INFO: [ app_init ] --END-- [ RunTime:0.000346s ]

[ 2016-03-10T22:54:11+08:00 ] 127.0.0.1 /linux/3-10/index.php/Home/Index/show/p/3.html?search=%E4%BC%8A%E5%88%A9&search1=
INFO: [ app_init ] --START--
INFO: Run Behavior\BuildLiteBehavior [ RunTime:0.000030s ]
INFO: [ app_init ] --END-- [ RunTime:0.000617s ]

[ 2016-03-10T22:54:22+08:00 ] 127.0.0.1 /linux/3-10/index.php/Home/Index/show/p/2.html
INFO: [ app_init ] --START--
INFO: Run Behavior\BuildLiteBehavior [ RunTime:0.000025s ]
INFO: [ app_init ] --END-- [ RunTime:0.000477s ]

[ 2016-03-10T22:54:24+08:00 ] 127.0.0.1 /linux/3-10/index.php/Home/Index/show/p/2.html
INFO: [ app_init ] --START--
INFO: Run Behavior\BuildLiteBehavior [ RunTime:0.000020s ]
INFO: [ app_init ] --END-- [ RunTime:0.000489s ]

[ 2016-03-10T22:54:29+08:00 ] 127.0.0.1 /linux/3-10/index.php/Home/Index/show/p/2.html
INFO: [ app_init ] --START--
INFO: Run Behavior\BuildLiteBehavior [ RunTime:0.000015s ]
INFO: [ app_init ] --END-- [ RunTime:0.000351s ]

[ 2016-03-10T22:55:17+08:00 ] 127.0.0.1 /linux/3-10/index.php/Home/Index/show/p/2.html
INFO: [ app_init ] --START--
INFO: Run Behavior\BuildLiteBehavior [ RunTime:0.000016s ]
INFO: [ app_init ] --END-- [ RunTime:0.000361s ]

[ 2016-03-10T22:55:18+08:00 ] 127.0.0.1 /linux/3-10/index.php/Home/Index/show/p/2.html
INFO: [ app_init ] --START--
INFO: Run Behavior\BuildLiteBehavior [ RunTime:0.000021s ]
INFO: [ app_init ] --END-- [ RunTime:0.000575s ]

[ 2016-03-10T22:55:27+08:00 ] 127.0.0.1 /linux/3-10/index.php/Home/Index/show.html
INFO: [ app_init ] --START--
INFO: Run Behavior\BuildLiteBehavior [ RunTime:0.000025s ]
INFO: [ app_init ] --END-- [ RunTime:0.000616s ]

[ 2016-03-10T22:55:33+08:00 ] 127.0.0.1 /linux/3-10/index.php/Home/Index/show.html?search=%E4%BC%8A%E5%88%A9&search1=
INFO: [ app_init ] --START--
INFO: Run Behavior\BuildLiteBehavior [ RunTime:0.000014s ]
INFO: [ app_init ] --END-- [ RunTime:0.000324s ]

[ 2016-03-10T22:55:41+08:00 ] 127.0.0.1 /linux/3-10/index.php/Home/Index/add/
INFO: [ app_init ] --START--
INFO: Run Behavior\BuildLiteBehavior [ RunTime:0.000022s ]
INFO: [ app_init ] --END-- [ RunTime:0.000541s ]

[ 2016-03-10T22:55:42+08:00 ] 127.0.0.1 /linux/3-10/index.php/Home/Index/show.html
INFO: [ app_init ] --START--
INFO: Run Behavior\BuildLiteBehavior [ RunTime:0.000039s ]
INFO: [ app_init ] --END-- [ RunTime:0.000706s ]

[ 2016-03-10T22:55:46+08:00 ] 127.0.0.1 /linux/3-10/index.php/Home/Index/show.html
INFO: [ app_init ] --START--
INFO: Run Behavior\BuildLiteBehavior [ RunTime:0.000016s ]
INFO: [ app_init ] --END-- [ RunTime:0.000394s ]

[ 2016-03-10T23:00:25+08:00 ] 127.0.0.1 /linux/3-10/index.php/Home/Index/show.html
INFO: [ app_init ] --START--
INFO: Run Behavior\BuildLiteBehavior [ RunTime:0.000016s ]
INFO: [ app_init ] --END-- [ RunTime:0.000406s ]

[ 2016-03-10T23:00:38+08:00 ] 127.0.0.1 /linux/3-10/index.php/Home/Index/add/
INFO: [ app_init ] --START--
INFO: Run Behavior\BuildLiteBehavior [ RunTime:0.000017s ]
INFO: [ app_init ] --END-- [ RunTime:0.000407s ]

[ 2016-03-10T23:00:39+08:00 ] 127.0.0.1 /linux/3-10/index.php/Home/Index/show.html
INFO: [ app_init ] --START--
INFO: Run Behavior\BuildLiteBehavior [ RunTime:0.000040s ]
INFO: [ app_init ] --END-- [ RunTime:0.000831s ]

[ 2016-03-10T23:01:03+08:00 ] 127.0.0.1 /linux/3-10/index.php/Home/Index/show.html
INFO: [ app_init ] --START--
INFO: Run Behavior\BuildLiteBehavior [ RunTime:0.000019s ]
INFO: [ app_init ] --END-- [ RunTime:0.000449s ]

[ 2016-03-10T23:01:04+08:00 ] 127.0.0.1 /linux/3-10/index.php/Home/Index/show.html
INFO: [ app_init ] --START--
INFO: Run Behavior\BuildLiteBehavior [ RunTime:0.000034s ]
INFO: [ app_init ] --END-- [ RunTime:0.000616s ]

[ 2016-03-10T23:01:07+08:00 ] 127.0.0.1 /linux/3-10/index.php/Home/Index/show/p/3.html
INFO: [ app_init ] --START--
INFO: Run Behavior\BuildLiteBehavior [ RunTime:0.000015s ]
INFO: [ app_init ] --END-- [ RunTime:0.000403s ]

