[ 2016-05-26T09:12:32+08:00 ] 127.0.0.1 /index.php
INFO: [ app_init ] --START--
INFO: Run Behavior\BuildLiteBehavior [ RunTime:0.000042s ]
INFO: [ app_init ] --END-- [ RunTime:0.015507s ]
INFO: [ app_begin ] --START--
INFO: Run Behavior\ReadHtmlCacheBehavior [ RunTime:0.012028s ]
INFO: [ app_begin ] --END-- [ RunTime:0.012262s ]
NOTIC: [2048] Declaration of Home\Controller\IndexController::show() should be compatible with that of Think\Controller::show() D:\web\apache\htdocs\linux\zhoukao3\Apps\Home\Controller\IndexController.class.php 第 62 行.
INFO: [ view_parse ] --START--
INFO: [ template_filter ] --START--
INFO: Run Behavior\ContentReplaceBehavior [ RunTime:0.000120s ]
INFO: [ template_filter ] --END-- [ RunTime:0.000340s ]
INFO: Run Behavior\ParseTemplateBehavior [ RunTime:0.068812s ]
INFO: [ view_parse ] --END-- [ RunTime:0.069036s ]
INFO: [ view_filter ] --START--
INFO: Run Behavior\WriteHtmlCacheBehavior [ RunTime:0.001085s ]
INFO: [ view_filter ] --END-- [ RunTime:0.001186s ]
INFO: [ app_end ] --START--
INFO: Run Behavior\ShowPageTraceBehavior [ RunTime:0.001532s ]
INFO: [ app_end ] --END-- [ RunTime:0.001632s ]

