[ 2016-03-27T15:17:39+08:00 ] 127.0.0.1 /linux/zhoukao2/index.php
INFO: [ app_init ] --START--
INFO: Run Behavior\BuildLiteBehavior [ RunTime:0.000028s ]
INFO: [ app_init ] --END-- [ RunTime:0.012230s ]
INFO: [ app_begin ] --START--
INFO: Run Behavior\ReadHtmlCacheBehavior [ RunTime:0.013060s ]
INFO: [ app_begin ] --END-- [ RunTime:0.013179s ]
NOTIC: [2048] Declaration of Home\Controller\IndexController::show() should be compatible with that of Think\Controller::show() D:\web\apache\htdocs\linux\zhoukao2\Apps\Home\Controller\IndexController.class.php 第 67 行.
SQL: SHOW COLUMNS FROM `hose` [ RunTime:0.0312s ]
SQL: SELECT * FROM `hose`  [ RunTime:0.0009s ]
ERR: 1146:Table 'test.host' doesn't exist
 [ SQL语句 ] : SHOW COLUMNS FROM `host`
ERR: 1146:Table 'test.host' doesn't exist
 [ SQL语句 ] : SHOW COLUMNS FROM `host`

[ 2016-03-27T15:19:45+08:00 ] 127.0.0.1 /linux/zhoukao2/index.php
INFO: [ app_init ] --START--
INFO: Run Behavior\BuildLiteBehavior [ RunTime:0.000018s ]
INFO: [ app_init ] --END-- [ RunTime:0.000401s ]
INFO: [ app_begin ] --START--
INFO: Run Behavior\ReadHtmlCacheBehavior [ RunTime:0.000559s ]
INFO: [ app_begin ] --END-- [ RunTime:0.000625s ]
NOTIC: [2048] Declaration of Home\Controller\IndexController::show() should be compatible with that of Think\Controller::show() D:\web\apache\htdocs\linux\zhoukao2\Apps\Home\Controller\IndexController.class.php 第 68 行.
INFO: [ view_parse ] --START--
INFO: [ template_filter ] --START--
INFO: Run Behavior\ContentReplaceBehavior [ RunTime:0.000044s ]
INFO: [ template_filter ] --END-- [ RunTime:0.000111s ]
INFO: Run Behavior\ParseTemplateBehavior [ RunTime:0.063529s ]
INFO: [ view_parse ] --END-- [ RunTime:0.063679s ]
INFO: [ view_filter ] --START--
INFO: Run Behavior\WriteHtmlCacheBehavior [ RunTime:0.011095s ]
INFO: [ view_filter ] --END-- [ RunTime:0.011169s ]
INFO: [ app_end ] --START--
INFO: Run Behavior\ShowPageTraceBehavior [ RunTime:0.010100s ]
INFO: [ app_end ] --END-- [ RunTime:0.010178s ]

[ 2016-03-27T15:19:47+08:00 ] 127.0.0.1 /linux/zhoukao2/index.php
INFO: [ app_init ] --START--
INFO: Run Behavior\BuildLiteBehavior [ RunTime:0.000025s ]
INFO: [ app_init ] --END-- [ RunTime:0.000533s ]
INFO: [ app_begin ] --START--
INFO: Run Behavior\ReadHtmlCacheBehavior [ RunTime:0.000844s ]
INFO: [ app_begin ] --END-- [ RunTime:0.000957s ]
NOTIC: [2048] Declaration of Home\Controller\IndexController::show() should be compatible with that of Think\Controller::show() D:\web\apache\htdocs\linux\zhoukao2\Apps\Home\Controller\IndexController.class.php 第 68 行.
INFO: [ view_parse ] --START--
INFO: [ template_filter ] --START--
INFO: Run Behavior\ContentReplaceBehavior [ RunTime:0.000069s ]
INFO: [ template_filter ] --END-- [ RunTime:0.000168s ]
INFO: Run Behavior\ParseTemplateBehavior [ RunTime:0.007259s ]
INFO: [ view_parse ] --END-- [ RunTime:0.007352s ]
INFO: [ view_filter ] --START--
INFO: Run Behavior\WriteHtmlCacheBehavior [ RunTime:0.000225s ]
INFO: [ view_filter ] --END-- [ RunTime:0.000276s ]
INFO: [ app_end ] --START--
INFO: Run Behavior\ShowPageTraceBehavior [ RunTime:0.000508s ]
INFO: [ app_end ] --END-- [ RunTime:0.000564s ]

[ 2016-03-27T15:20:04+08:00 ] 127.0.0.1 /linux/zhoukao2/index.php/Home/Index/add/
INFO: [ app_init ] --START--
INFO: Run Behavior\BuildLiteBehavior [ RunTime:0.000021s ]
INFO: [ app_init ] --END-- [ RunTime:0.000605s ]
INFO: [ app_begin ] --START--
INFO: Run Behavior\ReadHtmlCacheBehavior [ RunTime:0.000624s ]
INFO: [ app_begin ] --END-- [ RunTime:0.000707s ]
NOTIC: [2048] Declaration of Home\Controller\IndexController::show() should be compatible with that of Think\Controller::show() D:\web\apache\htdocs\linux\zhoukao2\Apps\Home\Controller\IndexController.class.php 第 68 行.
NOTIC: [2048] Declaration of Home\Model\HoseModel::add() should be compatible with that of Think\Model::add() D:\web\apache\htdocs\linux\zhoukao2\Apps\Home\Model\HoseModel.class.php 第 4 行.
NOTIC: [2048] Declaration of Home\Model\HoseModel::delete() should be compatible with that of Think\Model::delete() D:\web\apache\htdocs\linux\zhoukao2\Apps\Home\Model\HoseModel.class.php 第 4 行.
SQL: SHOW COLUMNS FROM `hose` [ RunTime:0.0054s ]
SQL: SHOW COLUMNS FROM `hose` [ RunTime:0.0075s ]
SQL: INSERT INTO `hose` (`n_time`,`n_self`,`n_type`,`n_day`) VALUES ('2007-12-03','合适的功夫基督徒发图','定价','20') [ RunTime:0.0565s ]
INFO: [ view_parse ] --START--
INFO: [ template_filter ] --START--
INFO: Run Behavior\ContentReplaceBehavior [ RunTime:0.000045s ]
INFO: [ template_filter ] --END-- [ RunTime:0.000105s ]
INFO: Run Behavior\ParseTemplateBehavior [ RunTime:0.012632s ]
INFO: [ view_parse ] --END-- [ RunTime:0.012707s ]
INFO: [ view_filter ] --START--
INFO: Run Behavior\WriteHtmlCacheBehavior [ RunTime:0.000204s ]
INFO: [ view_filter ] --END-- [ RunTime:0.000248s ]
INFO: [ app_end ] --START--
INFO: Run Behavior\ShowPageTraceBehavior [ RunTime:0.000434s ]
INFO: [ app_end ] --END-- [ RunTime:0.000484s ]

[ 2016-03-27T15:20:05+08:00 ] 127.0.0.1 /linux/zhoukao2/index.php/Home/Index/show.html
INFO: [ app_init ] --START--
INFO: Run Behavior\BuildLiteBehavior [ RunTime:0.000035s ]
INFO: [ app_init ] --END-- [ RunTime:0.000578s ]
INFO: [ app_begin ] --START--
INFO: Run Behavior\ReadHtmlCacheBehavior [ RunTime:0.000865s ]
INFO: [ app_begin ] --END-- [ RunTime:0.000982s ]
NOTIC: [2048] Declaration of Home\Controller\IndexController::show() should be compatible with that of Think\Controller::show() D:\web\apache\htdocs\linux\zhoukao2\Apps\Home\Controller\IndexController.class.php 第 68 行.
SQL: SHOW COLUMNS FROM `hose` [ RunTime:0.0060s ]
SQL: SELECT COUNT(*) AS tp_count FROM `hose` LIMIT 1   [ RunTime:0.0009s ]
SQL: SELECT * FROM `hose` LIMIT 0,4   [ RunTime:0.0003s ]
INFO: [ view_parse ] --START--
INFO: [ template_filter ] --START--
INFO: Run Behavior\ContentReplaceBehavior [ RunTime:0.000072s ]
INFO: [ template_filter ] --END-- [ RunTime:0.000144s ]
NOTIC: [8] Undefined variable: page D:\web\apache\htdocs\linux\zhoukao2\Runtime\Cache\Home\0cd71216bf70c2c79b306af7fb8a171d.php 第 17 行.
NOTIC: [8] Undefined variable: page D:\web\apache\htdocs\linux\zhoukao2\Runtime\Cache\Home\0cd71216bf70c2c79b306af7fb8a171d.php 第 17 行.
NOTIC: [8] Undefined variable: page D:\web\apache\htdocs\linux\zhoukao2\Runtime\Cache\Home\0cd71216bf70c2c79b306af7fb8a171d.php 第 17 行.
NOTIC: [8] Undefined variable: page D:\web\apache\htdocs\linux\zhoukao2\Runtime\Cache\Home\0cd71216bf70c2c79b306af7fb8a171d.php 第 17 行.
NOTIC: [8] Undefined variable: page D:\web\apache\htdocs\linux\zhoukao2\Runtime\Cache\Home\0cd71216bf70c2c79b306af7fb8a171d.php 第 28 行.
NOTIC: [8] Undefined variable: page D:\web\apache\htdocs\linux\zhoukao2\Runtime\Cache\Home\0cd71216bf70c2c79b306af7fb8a171d.php 第 29 行.
NOTIC: [8] Undefined variable: page_sum D:\web\apache\htdocs\linux\zhoukao2\Runtime\Cache\Home\0cd71216bf70c2c79b306af7fb8a171d.php 第 30 行.
INFO: Run Behavior\ParseTemplateBehavior [ RunTime:0.020845s ]
INFO: [ view_parse ] --END-- [ RunTime:0.020906s ]
INFO: [ view_filter ] --START--
INFO: Run Behavior\WriteHtmlCacheBehavior [ RunTime:0.000283s ]
INFO: [ view_filter ] --END-- [ RunTime:0.000347s ]
INFO: [ app_end ] --START--
INFO: Run Behavior\ShowPageTraceBehavior [ RunTime:0.000494s ]
INFO: [ app_end ] --END-- [ RunTime:0.000547s ]

[ 2016-03-27T15:20:13+08:00 ] 127.0.0.1 /linux/zhoukao2/index.php/Home/Index/show/p/3.html
INFO: [ app_init ] --START--
INFO: Run Behavior\BuildLiteBehavior [ RunTime:0.000021s ]
INFO: [ app_init ] --END-- [ RunTime:0.000488s ]
INFO: [ app_begin ] --START--
INFO: Run Behavior\ReadHtmlCacheBehavior [ RunTime:0.000730s ]
INFO: [ app_begin ] --END-- [ RunTime:0.000833s ]
NOTIC: [2048] Declaration of Home\Controller\IndexController::show() should be compatible with that of Think\Controller::show() D:\web\apache\htdocs\linux\zhoukao2\Apps\Home\Controller\IndexController.class.php 第 68 行.
SQL: SHOW COLUMNS FROM `hose` [ RunTime:0.0063s ]
SQL: SELECT COUNT(*) AS tp_count FROM `hose` LIMIT 1   [ RunTime:0.0009s ]
SQL: SELECT * FROM `hose` LIMIT 8,4   [ RunTime:0.0004s ]
INFO: [ view_parse ] --START--
INFO: [ template_filter ] --START--
INFO: Run Behavior\ContentReplaceBehavior [ RunTime:0.000127s ]
INFO: [ template_filter ] --END-- [ RunTime:0.000236s ]
NOTIC: [8] Undefined variable: page D:\web\apache\htdocs\linux\zhoukao2\Runtime\Cache\Home\0cd71216bf70c2c79b306af7fb8a171d.php 第 17 行.
NOTIC: [8] Undefined variable: page D:\web\apache\htdocs\linux\zhoukao2\Runtime\Cache\Home\0cd71216bf70c2c79b306af7fb8a171d.php 第 17 行.
NOTIC: [8] Undefined variable: page D:\web\apache\htdocs\linux\zhoukao2\Runtime\Cache\Home\0cd71216bf70c2c79b306af7fb8a171d.php 第 17 行.
NOTIC: [8] Undefined variable: page D:\web\apache\htdocs\linux\zhoukao2\Runtime\Cache\Home\0cd71216bf70c2c79b306af7fb8a171d.php 第 17 行.
NOTIC: [8] Undefined variable: page D:\web\apache\htdocs\linux\zhoukao2\Runtime\Cache\Home\0cd71216bf70c2c79b306af7fb8a171d.php 第 28 行.
NOTIC: [8] Undefined variable: page D:\web\apache\htdocs\linux\zhoukao2\Runtime\Cache\Home\0cd71216bf70c2c79b306af7fb8a171d.php 第 29 行.
NOTIC: [8] Undefined variable: page_sum D:\web\apache\htdocs\linux\zhoukao2\Runtime\Cache\Home\0cd71216bf70c2c79b306af7fb8a171d.php 第 30 行.
INFO: Run Behavior\ParseTemplateBehavior [ RunTime:0.010825s ]
INFO: [ view_parse ] --END-- [ RunTime:0.010903s ]
INFO: [ view_filter ] --START--
INFO: Run Behavior\WriteHtmlCacheBehavior [ RunTime:0.000326s ]
INFO: [ view_filter ] --END-- [ RunTime:0.000376s ]
INFO: [ app_end ] --START--
INFO: Run Behavior\ShowPageTraceBehavior [ RunTime:0.000477s ]
INFO: [ app_end ] --END-- [ RunTime:0.000533s ]

[ 2016-03-27T15:20:16+08:00 ] 127.0.0.1 /linux/zhoukao2/index.php/Home/Index/show/p/4.html
INFO: [ app_init ] --START--
INFO: Run Behavior\BuildLiteBehavior [ RunTime:0.000012s ]
INFO: [ app_init ] --END-- [ RunTime:0.000319s ]
INFO: [ app_begin ] --START--
INFO: Run Behavior\ReadHtmlCacheBehavior [ RunTime:0.000401s ]
INFO: [ app_begin ] --END-- [ RunTime:0.000455s ]
NOTIC: [2048] Declaration of Home\Controller\IndexController::show() should be compatible with that of Think\Controller::show() D:\web\apache\htdocs\linux\zhoukao2\Apps\Home\Controller\IndexController.class.php 第 68 行.
SQL: SHOW COLUMNS FROM `hose` [ RunTime:0.0053s ]
SQL: SELECT COUNT(*) AS tp_count FROM `hose` LIMIT 1   [ RunTime:0.0008s ]
SQL: SELECT * FROM `hose` LIMIT 12,4   [ RunTime:0.0004s ]
INFO: [ view_parse ] --START--
INFO: [ template_filter ] --START--
INFO: Run Behavior\ContentReplaceBehavior [ RunTime:0.000057s ]
INFO: [ template_filter ] --END-- [ RunTime:0.000117s ]
NOTIC: [8] Undefined variable: page D:\web\apache\htdocs\linux\zhoukao2\Runtime\Cache\Home\0cd71216bf70c2c79b306af7fb8a171d.php 第 17 行.
NOTIC: [8] Undefined variable: page D:\web\apache\htdocs\linux\zhoukao2\Runtime\Cache\Home\0cd71216bf70c2c79b306af7fb8a171d.php 第 17 行.
NOTIC: [8] Undefined variable: page D:\web\apache\htdocs\linux\zhoukao2\Runtime\Cache\Home\0cd71216bf70c2c79b306af7fb8a171d.php 第 17 行.
NOTIC: [8] Undefined variable: page D:\web\apache\htdocs\linux\zhoukao2\Runtime\Cache\Home\0cd71216bf70c2c79b306af7fb8a171d.php 第 17 行.
NOTIC: [8] Undefined variable: page D:\web\apache\htdocs\linux\zhoukao2\Runtime\Cache\Home\0cd71216bf70c2c79b306af7fb8a171d.php 第 28 行.
NOTIC: [8] Undefined variable: page D:\web\apache\htdocs\linux\zhoukao2\Runtime\Cache\Home\0cd71216bf70c2c79b306af7fb8a171d.php 第 29 行.
NOTIC: [8] Undefined variable: page_sum D:\web\apache\htdocs\linux\zhoukao2\Runtime\Cache\Home\0cd71216bf70c2c79b306af7fb8a171d.php 第 30 行.
INFO: Run Behavior\ParseTemplateBehavior [ RunTime:0.006626s ]
INFO: [ view_parse ] --END-- [ RunTime:0.006683s ]
INFO: [ view_filter ] --START--
INFO: Run Behavior\WriteHtmlCacheBehavior [ RunTime:0.000228s ]
INFO: [ view_filter ] --END-- [ RunTime:0.000272s ]
INFO: [ app_end ] --START--
INFO: Run Behavior\ShowPageTraceBehavior [ RunTime:0.000433s ]
INFO: [ app_end ] --END-- [ RunTime:0.000480s ]

[ 2016-03-27T15:22:10+08:00 ] 127.0.0.1 /linux/zhoukao2/index.php/Home/Index/show/p/4.html
INFO: [ app_init ] --START--
INFO: Run Behavior\BuildLiteBehavior [ RunTime:0.000015s ]
INFO: [ app_init ] --END-- [ RunTime:0.000399s ]
INFO: [ app_begin ] --START--
INFO: Run Behavior\ReadHtmlCacheBehavior [ RunTime:0.000813s ]
INFO: [ app_begin ] --END-- [ RunTime:0.000919s ]
NOTIC: [2048] Declaration of Home\Controller\IndexController::show() should be compatible with that of Think\Controller::show() D:\web\apache\htdocs\linux\zhoukao2\Apps\Home\Controller\IndexController.class.php 第 68 行.
SQL: SHOW COLUMNS FROM `hose` [ RunTime:0.0058s ]
SQL: SELECT COUNT(*) AS tp_count FROM `hose` LIMIT 1   [ RunTime:0.0009s ]
SQL: SELECT * FROM `hose` LIMIT 12,4   [ RunTime:0.0004s ]
INFO: [ view_parse ] --START--
INFO: [ template_filter ] --START--
INFO: Run Behavior\ContentReplaceBehavior [ RunTime:0.000064s ]
INFO: [ template_filter ] --END-- [ RunTime:0.000133s ]
NOTIC: [8] Undefined variable: page D:\web\apache\htdocs\linux\zhoukao2\Runtime\Cache\Home\0cd71216bf70c2c79b306af7fb8a171d.php 第 17 行.
NOTIC: [8] Undefined variable: page D:\web\apache\htdocs\linux\zhoukao2\Runtime\Cache\Home\0cd71216bf70c2c79b306af7fb8a171d.php 第 17 行.
NOTIC: [8] Undefined variable: page D:\web\apache\htdocs\linux\zhoukao2\Runtime\Cache\Home\0cd71216bf70c2c79b306af7fb8a171d.php 第 17 行.
NOTIC: [8] Undefined variable: page D:\web\apache\htdocs\linux\zhoukao2\Runtime\Cache\Home\0cd71216bf70c2c79b306af7fb8a171d.php 第 17 行.
NOTIC: [8] Undefined variable: page D:\web\apache\htdocs\linux\zhoukao2\Runtime\Cache\Home\0cd71216bf70c2c79b306af7fb8a171d.php 第 29 行.
NOTIC: [8] Undefined variable: page D:\web\apache\htdocs\linux\zhoukao2\Runtime\Cache\Home\0cd71216bf70c2c79b306af7fb8a171d.php 第 30 行.
NOTIC: [8] Undefined variable: page_sum D:\web\apache\htdocs\linux\zhoukao2\Runtime\Cache\Home\0cd71216bf70c2c79b306af7fb8a171d.php 第 31 行.
INFO: Run Behavior\ParseTemplateBehavior [ RunTime:0.007753s ]
INFO: [ view_parse ] --END-- [ RunTime:0.007843s ]
INFO: [ view_filter ] --START--
INFO: Run Behavior\WriteHtmlCacheBehavior [ RunTime:0.000866s ]
INFO: [ view_filter ] --END-- [ RunTime:0.001064s ]
INFO: [ app_end ] --START--
INFO: Run Behavior\ShowPageTraceBehavior [ RunTime:0.000720s ]
INFO: [ app_end ] --END-- [ RunTime:0.000826s ]

[ 2016-03-27T15:22:11+08:00 ] 127.0.0.1 /linux/zhoukao2/index.php/Home/Index/show/p/4.html
INFO: [ app_init ] --START--
INFO: Run Behavior\BuildLiteBehavior [ RunTime:0.000018s ]
INFO: [ app_init ] --END-- [ RunTime:0.000374s ]
INFO: [ app_begin ] --START--
INFO: Run Behavior\ReadHtmlCacheBehavior [ RunTime:0.000930s ]
INFO: [ app_begin ] --END-- [ RunTime:0.001062s ]
NOTIC: [2048] Declaration of Home\Controller\IndexController::show() should be compatible with that of Think\Controller::show() D:\web\apache\htdocs\linux\zhoukao2\Apps\Home\Controller\IndexController.class.php 第 68 行.
SQL: SHOW COLUMNS FROM `hose` [ RunTime:0.0045s ]
SQL: SELECT COUNT(*) AS tp_count FROM `hose` LIMIT 1   [ RunTime:0.0006s ]
SQL: SELECT * FROM `hose` LIMIT 12,4   [ RunTime:0.0004s ]
INFO: [ view_parse ] --START--
INFO: [ template_filter ] --START--
INFO: Run Behavior\ContentReplaceBehavior [ RunTime:0.000057s ]
INFO: [ template_filter ] --END-- [ RunTime:0.000114s ]
NOTIC: [8] Undefined variable: page D:\web\apache\htdocs\linux\zhoukao2\Runtime\Cache\Home\0cd71216bf70c2c79b306af7fb8a171d.php 第 17 行.
NOTIC: [8] Undefined variable: page D:\web\apache\htdocs\linux\zhoukao2\Runtime\Cache\Home\0cd71216bf70c2c79b306af7fb8a171d.php 第 17 行.
NOTIC: [8] Undefined variable: page D:\web\apache\htdocs\linux\zhoukao2\Runtime\Cache\Home\0cd71216bf70c2c79b306af7fb8a171d.php 第 17 行.
NOTIC: [8] Undefined variable: page D:\web\apache\htdocs\linux\zhoukao2\Runtime\Cache\Home\0cd71216bf70c2c79b306af7fb8a171d.php 第 17 行.
NOTIC: [8] Undefined variable: page D:\web\apache\htdocs\linux\zhoukao2\Runtime\Cache\Home\0cd71216bf70c2c79b306af7fb8a171d.php 第 29 行.
NOTIC: [8] Undefined variable: page D:\web\apache\htdocs\linux\zhoukao2\Runtime\Cache\Home\0cd71216bf70c2c79b306af7fb8a171d.php 第 30 行.
NOTIC: [8] Undefined variable: page_sum D:\web\apache\htdocs\linux\zhoukao2\Runtime\Cache\Home\0cd71216bf70c2c79b306af7fb8a171d.php 第 31 行.
INFO: Run Behavior\ParseTemplateBehavior [ RunTime:0.006883s ]
INFO: [ view_parse ] --END-- [ RunTime:0.006971s ]
INFO: [ view_filter ] --START--
INFO: Run Behavior\WriteHtmlCacheBehavior [ RunTime:0.000278s ]
INFO: [ view_filter ] --END-- [ RunTime:0.000321s ]
INFO: [ app_end ] --START--
INFO: Run Behavior\ShowPageTraceBehavior [ RunTime:0.000595s ]
INFO: [ app_end ] --END-- [ RunTime:0.000643s ]

[ 2016-03-27T15:22:12+08:00 ] 127.0.0.1 /linux/zhoukao2/index.php/Home/Index/show/p/4.html
INFO: [ app_init ] --START--
INFO: Run Behavior\BuildLiteBehavior [ RunTime:0.000025s ]
INFO: [ app_init ] --END-- [ RunTime:0.000442s ]
INFO: [ app_begin ] --START--
INFO: Run Behavior\ReadHtmlCacheBehavior [ RunTime:0.000676s ]
INFO: [ app_begin ] --END-- [ RunTime:0.000768s ]
NOTIC: [2048] Declaration of Home\Controller\IndexController::show() should be compatible with that of Think\Controller::show() D:\web\apache\htdocs\linux\zhoukao2\Apps\Home\Controller\IndexController.class.php 第 68 行.
SQL: SHOW COLUMNS FROM `hose` [ RunTime:0.0056s ]
SQL: SELECT COUNT(*) AS tp_count FROM `hose` LIMIT 1   [ RunTime:0.0008s ]
SQL: SELECT * FROM `hose` LIMIT 12,4   [ RunTime:0.0005s ]
INFO: [ view_parse ] --START--
INFO: [ template_filter ] --START--
INFO: Run Behavior\ContentReplaceBehavior [ RunTime:0.000061s ]
INFO: [ template_filter ] --END-- [ RunTime:0.000141s ]
NOTIC: [8] Undefined variable: page D:\web\apache\htdocs\linux\zhoukao2\Runtime\Cache\Home\0cd71216bf70c2c79b306af7fb8a171d.php 第 17 行.
NOTIC: [8] Undefined variable: page D:\web\apache\htdocs\linux\zhoukao2\Runtime\Cache\Home\0cd71216bf70c2c79b306af7fb8a171d.php 第 17 行.
NOTIC: [8] Undefined variable: page D:\web\apache\htdocs\linux\zhoukao2\Runtime\Cache\Home\0cd71216bf70c2c79b306af7fb8a171d.php 第 17 行.
NOTIC: [8] Undefined variable: page D:\web\apache\htdocs\linux\zhoukao2\Runtime\Cache\Home\0cd71216bf70c2c79b306af7fb8a171d.php 第 17 行.
NOTIC: [8] Undefined variable: page D:\web\apache\htdocs\linux\zhoukao2\Runtime\Cache\Home\0cd71216bf70c2c79b306af7fb8a171d.php 第 29 行.
NOTIC: [8] Undefined variable: page D:\web\apache\htdocs\linux\zhoukao2\Runtime\Cache\Home\0cd71216bf70c2c79b306af7fb8a171d.php 第 30 行.
NOTIC: [8] Undefined variable: page_sum D:\web\apache\htdocs\linux\zhoukao2\Runtime\Cache\Home\0cd71216bf70c2c79b306af7fb8a171d.php 第 31 行.
INFO: Run Behavior\ParseTemplateBehavior [ RunTime:0.007666s ]
INFO: [ view_parse ] --END-- [ RunTime:0.007728s ]
INFO: [ view_filter ] --START--
INFO: Run Behavior\WriteHtmlCacheBehavior [ RunTime:0.000235s ]
INFO: [ view_filter ] --END-- [ RunTime:0.000282s ]
INFO: [ app_end ] --START--
INFO: Run Behavior\ShowPageTraceBehavior [ RunTime:0.000554s ]
INFO: [ app_end ] --END-- [ RunTime:0.000609s ]

[ 2016-03-27T15:22:12+08:00 ] 127.0.0.1 /linux/zhoukao2/index.php/Home/Index/show/p/4.html
INFO: [ app_init ] --START--
INFO: Run Behavior\BuildLiteBehavior [ RunTime:0.000036s ]
INFO: [ app_init ] --END-- [ RunTime:0.000738s ]
INFO: [ app_begin ] --START--
INFO: Run Behavior\ReadHtmlCacheBehavior [ RunTime:0.000613s ]
INFO: [ app_begin ] --END-- [ RunTime:0.000711s ]
NOTIC: [2048] Declaration of Home\Controller\IndexController::show() should be compatible with that of Think\Controller::show() D:\web\apache\htdocs\linux\zhoukao2\Apps\Home\Controller\IndexController.class.php 第 68 行.
SQL: SHOW COLUMNS FROM `hose` [ RunTime:0.0057s ]
SQL: SELECT COUNT(*) AS tp_count FROM `hose` LIMIT 1   [ RunTime:0.0007s ]
SQL: SELECT * FROM `hose` LIMIT 12,4   [ RunTime:0.0004s ]
INFO: [ view_parse ] --START--
INFO: [ template_filter ] --START--
INFO: Run Behavior\ContentReplaceBehavior [ RunTime:0.000062s ]
INFO: [ template_filter ] --END-- [ RunTime:0.000134s ]
NOTIC: [8] Undefined variable: page D:\web\apache\htdocs\linux\zhoukao2\Runtime\Cache\Home\0cd71216bf70c2c79b306af7fb8a171d.php 第 17 行.
NOTIC: [8] Undefined variable: page D:\web\apache\htdocs\linux\zhoukao2\Runtime\Cache\Home\0cd71216bf70c2c79b306af7fb8a171d.php 第 17 行.
NOTIC: [8] Undefined variable: page D:\web\apache\htdocs\linux\zhoukao2\Runtime\Cache\Home\0cd71216bf70c2c79b306af7fb8a171d.php 第 17 行.
NOTIC: [8] Undefined variable: page D:\web\apache\htdocs\linux\zhoukao2\Runtime\Cache\Home\0cd71216bf70c2c79b306af7fb8a171d.php 第 17 行.
NOTIC: [8] Undefined variable: page D:\web\apache\htdocs\linux\zhoukao2\Runtime\Cache\Home\0cd71216bf70c2c79b306af7fb8a171d.php 第 29 行.
NOTIC: [8] Undefined variable: page D:\web\apache\htdocs\linux\zhoukao2\Runtime\Cache\Home\0cd71216bf70c2c79b306af7fb8a171d.php 第 30 行.
NOTIC: [8] Undefined variable: page_sum D:\web\apache\htdocs\linux\zhoukao2\Runtime\Cache\Home\0cd71216bf70c2c79b306af7fb8a171d.php 第 31 行.
INFO: Run Behavior\ParseTemplateBehavior [ RunTime:0.007861s ]
INFO: [ view_parse ] --END-- [ RunTime:0.007956s ]
INFO: [ view_filter ] --START--
INFO: Run Behavior\WriteHtmlCacheBehavior [ RunTime:0.000276s ]
INFO: [ view_filter ] --END-- [ RunTime:0.000324s ]
INFO: [ app_end ] --START--
INFO: Run Behavior\ShowPageTraceBehavior [ RunTime:0.000469s ]
INFO: [ app_end ] --END-- [ RunTime:0.000536s ]

[ 2016-03-27T15:22:16+08:00 ] 127.0.0.1 /linux/zhoukao2/index.php/Home/Index/del/id/20
INFO: [ app_init ] --START--
INFO: Run Behavior\BuildLiteBehavior [ RunTime:0.000023s ]
INFO: [ app_init ] --END-- [ RunTime:0.000516s ]
INFO: [ app_begin ] --START--
INFO: Run Behavior\ReadHtmlCacheBehavior [ RunTime:0.000628s ]
INFO: [ app_begin ] --END-- [ RunTime:0.000724s ]
NOTIC: [2048] Declaration of Home\Controller\IndexController::show() should be compatible with that of Think\Controller::show() D:\web\apache\htdocs\linux\zhoukao2\Apps\Home\Controller\IndexController.class.php 第 68 行.
NOTIC: [2048] Declaration of Home\Model\HoseModel::add() should be compatible with that of Think\Model::add() D:\web\apache\htdocs\linux\zhoukao2\Apps\Home\Model\HoseModel.class.php 第 4 行.
NOTIC: [2048] Declaration of Home\Model\HoseModel::delete() should be compatible with that of Think\Model::delete() D:\web\apache\htdocs\linux\zhoukao2\Apps\Home\Model\HoseModel.class.php 第 4 行.
SQL: SHOW COLUMNS FROM `hose` [ RunTime:0.0050s ]
SQL: SHOW COLUMNS FROM `hose` [ RunTime:0.0053s ]
SQL: DELETE FROM `hose` WHERE ( id='20' ) [ RunTime:0.0581s ]
INFO: [ view_parse ] --START--
INFO: [ template_filter ] --START--
INFO: Run Behavior\ContentReplaceBehavior [ RunTime:0.000140s ]
INFO: [ template_filter ] --END-- [ RunTime:0.000320s ]
INFO: Run Behavior\ParseTemplateBehavior [ RunTime:0.017826s ]
INFO: [ view_parse ] --END-- [ RunTime:0.018041s ]
INFO: [ view_filter ] --START--
INFO: Run Behavior\WriteHtmlCacheBehavior [ RunTime:0.000809s ]
INFO: [ view_filter ] --END-- [ RunTime:0.000986s ]
INFO: [ app_end ] --START--
INFO: Run Behavior\ShowPageTraceBehavior [ RunTime:0.001407s ]
INFO: [ app_end ] --END-- [ RunTime:0.001570s ]

[ 2016-03-27T15:22:17+08:00 ] 127.0.0.1 /linux/zhoukao2/index.php/Home/Index/show/p/4.html
INFO: [ app_init ] --START--
INFO: Run Behavior\BuildLiteBehavior [ RunTime:0.000026s ]
INFO: [ app_init ] --END-- [ RunTime:0.000588s ]
INFO: [ app_begin ] --START--
INFO: Run Behavior\ReadHtmlCacheBehavior [ RunTime:0.000862s ]
INFO: [ app_begin ] --END-- [ RunTime:0.000997s ]
NOTIC: [2048] Declaration of Home\Controller\IndexController::show() should be compatible with that of Think\Controller::show() D:\web\apache\htdocs\linux\zhoukao2\Apps\Home\Controller\IndexController.class.php 第 68 行.
SQL: SHOW COLUMNS FROM `hose` [ RunTime:0.0056s ]
SQL: SELECT COUNT(*) AS tp_count FROM `hose` LIMIT 1   [ RunTime:0.0009s ]
SQL: SELECT * FROM `hose` LIMIT 12,4   [ RunTime:0.0003s ]
INFO: [ view_parse ] --START--
INFO: [ template_filter ] --START--
INFO: Run Behavior\ContentReplaceBehavior [ RunTime:0.000068s ]
INFO: [ template_filter ] --END-- [ RunTime:0.000148s ]
NOTIC: [8] Undefined variable: page D:\web\apache\htdocs\linux\zhoukao2\Runtime\Cache\Home\0cd71216bf70c2c79b306af7fb8a171d.php 第 17 行.
NOTIC: [8] Undefined variable: page D:\web\apache\htdocs\linux\zhoukao2\Runtime\Cache\Home\0cd71216bf70c2c79b306af7fb8a171d.php 第 17 行.
NOTIC: [8] Undefined variable: page D:\web\apache\htdocs\linux\zhoukao2\Runtime\Cache\Home\0cd71216bf70c2c79b306af7fb8a171d.php 第 17 行.
NOTIC: [8] Undefined variable: page D:\web\apache\htdocs\linux\zhoukao2\Runtime\Cache\Home\0cd71216bf70c2c79b306af7fb8a171d.php 第 17 行.
NOTIC: [8] Undefined variable: page D:\web\apache\htdocs\linux\zhoukao2\Runtime\Cache\Home\0cd71216bf70c2c79b306af7fb8a171d.php 第 29 行.
NOTIC: [8] Undefined variable: page D:\web\apache\htdocs\linux\zhoukao2\Runtime\Cache\Home\0cd71216bf70c2c79b306af7fb8a171d.php 第 30 行.
NOTIC: [8] Undefined variable: page_sum D:\web\apache\htdocs\linux\zhoukao2\Runtime\Cache\Home\0cd71216bf70c2c79b306af7fb8a171d.php 第 31 行.
INFO: Run Behavior\ParseTemplateBehavior [ RunTime:0.009251s ]
INFO: [ view_parse ] --END-- [ RunTime:0.009327s ]
INFO: [ view_filter ] --START--
INFO: Run Behavior\WriteHtmlCacheBehavior [ RunTime:0.000290s ]
INFO: [ view_filter ] --END-- [ RunTime:0.000345s ]
INFO: [ app_end ] --START--
INFO: Run Behavior\ShowPageTraceBehavior [ RunTime:0.000561s ]
INFO: [ app_end ] --END-- [ RunTime:0.000620s ]

[ 2016-03-27T15:22:19+08:00 ] 127.0.0.1 /linux/zhoukao2/index.php/Home/Index/del/id/21
INFO: [ app_init ] --START--
INFO: Run Behavior\BuildLiteBehavior [ RunTime:0.000025s ]
INFO: [ app_init ] --END-- [ RunTime:0.000550s ]
INFO: [ app_begin ] --START--
INFO: Run Behavior\ReadHtmlCacheBehavior [ RunTime:0.000801s ]
INFO: [ app_begin ] --END-- [ RunTime:0.000929s ]
NOTIC: [2048] Declaration of Home\Controller\IndexController::show() should be compatible with that of Think\Controller::show() D:\web\apache\htdocs\linux\zhoukao2\Apps\Home\Controller\IndexController.class.php 第 68 行.
NOTIC: [2048] Declaration of Home\Model\HoseModel::add() should be compatible with that of Think\Model::add() D:\web\apache\htdocs\linux\zhoukao2\Apps\Home\Model\HoseModel.class.php 第 4 行.
NOTIC: [2048] Declaration of Home\Model\HoseModel::delete() should be compatible with that of Think\Model::delete() D:\web\apache\htdocs\linux\zhoukao2\Apps\Home\Model\HoseModel.class.php 第 4 行.
SQL: SHOW COLUMNS FROM `hose` [ RunTime:0.0063s ]
SQL: SHOW COLUMNS FROM `hose` [ RunTime:0.0062s ]
SQL: DELETE FROM `hose` WHERE ( id='21' ) [ RunTime:0.0189s ]
INFO: [ view_parse ] --START--
INFO: [ template_filter ] --START--
INFO: Run Behavior\ContentReplaceBehavior [ RunTime:0.000053s ]
INFO: [ template_filter ] --END-- [ RunTime:0.000124s ]
INFO: Run Behavior\ParseTemplateBehavior [ RunTime:0.005642s ]
INFO: [ view_parse ] --END-- [ RunTime:0.005737s ]
INFO: [ view_filter ] --START--
INFO: Run Behavior\WriteHtmlCacheBehavior [ RunTime:0.000255s ]
INFO: [ view_filter ] --END-- [ RunTime:0.000312s ]
INFO: [ app_end ] --START--
INFO: Run Behavior\ShowPageTraceBehavior [ RunTime:0.000477s ]
INFO: [ app_end ] --END-- [ RunTime:0.000545s ]

[ 2016-03-27T15:22:20+08:00 ] 127.0.0.1 /linux/zhoukao2/index.php/Home/Index/show/p/4.html
INFO: [ app_init ] --START--
INFO: Run Behavior\BuildLiteBehavior [ RunTime:0.000030s ]
INFO: [ app_init ] --END-- [ RunTime:0.000616s ]
INFO: [ app_begin ] --START--
INFO: Run Behavior\ReadHtmlCacheBehavior [ RunTime:0.001538s ]
INFO: [ app_begin ] --END-- [ RunTime:0.001667s ]
NOTIC: [2048] Declaration of Home\Controller\IndexController::show() should be compatible with that of Think\Controller::show() D:\web\apache\htdocs\linux\zhoukao2\Apps\Home\Controller\IndexController.class.php 第 68 行.
SQL: SHOW COLUMNS FROM `hose` [ RunTime:0.0070s ]
SQL: SELECT COUNT(*) AS tp_count FROM `hose` LIMIT 1   [ RunTime:0.0010s ]
SQL: SELECT * FROM `hose` LIMIT 12,4   [ RunTime:0.0004s ]
INFO: [ view_parse ] --START--
INFO: [ template_filter ] --START--
INFO: Run Behavior\ContentReplaceBehavior [ RunTime:0.000062s ]
INFO: [ template_filter ] --END-- [ RunTime:0.000133s ]
NOTIC: [8] Undefined variable: page D:\web\apache\htdocs\linux\zhoukao2\Runtime\Cache\Home\0cd71216bf70c2c79b306af7fb8a171d.php 第 17 行.
NOTIC: [8] Undefined variable: page D:\web\apache\htdocs\linux\zhoukao2\Runtime\Cache\Home\0cd71216bf70c2c79b306af7fb8a171d.php 第 17 行.
NOTIC: [8] Undefined variable: page D:\web\apache\htdocs\linux\zhoukao2\Runtime\Cache\Home\0cd71216bf70c2c79b306af7fb8a171d.php 第 17 行.
NOTIC: [8] Undefined variable: page D:\web\apache\htdocs\linux\zhoukao2\Runtime\Cache\Home\0cd71216bf70c2c79b306af7fb8a171d.php 第 17 行.
NOTIC: [8] Undefined variable: page D:\web\apache\htdocs\linux\zhoukao2\Runtime\Cache\Home\0cd71216bf70c2c79b306af7fb8a171d.php 第 29 行.
NOTIC: [8] Undefined variable: page D:\web\apache\htdocs\linux\zhoukao2\Runtime\Cache\Home\0cd71216bf70c2c79b306af7fb8a171d.php 第 30 行.
NOTIC: [8] Undefined variable: page_sum D:\web\apache\htdocs\linux\zhoukao2\Runtime\Cache\Home\0cd71216bf70c2c79b306af7fb8a171d.php 第 31 行.
INFO: Run Behavior\ParseTemplateBehavior [ RunTime:0.010534s ]
INFO: [ view_parse ] --END-- [ RunTime:0.010615s ]
INFO: [ view_filter ] --START--
INFO: Run Behavior\WriteHtmlCacheBehavior [ RunTime:0.000257s ]
INFO: [ view_filter ] --END-- [ RunTime:0.000314s ]
INFO: [ app_end ] --START--
INFO: Run Behavior\ShowPageTraceBehavior [ RunTime:0.000561s ]
INFO: [ app_end ] --END-- [ RunTime:0.000616s ]

[ 2016-03-27T19:51:22+08:00 ] 127.0.0.1 /linux/zhoukao2/index.php
INFO: [ app_init ] --START--
INFO: Run Behavior\BuildLiteBehavior [ RunTime:0.000023s ]
INFO: [ app_init ] --END-- [ RunTime:0.000514s ]
INFO: [ app_begin ] --START--
INFO: Run Behavior\ReadHtmlCacheBehavior [ RunTime:0.000931s ]
INFO: [ app_begin ] --END-- [ RunTime:0.001026s ]
NOTIC: [2048] Declaration of Home\Controller\IndexController::show() should be compatible with that of Think\Controller::show() D:\web\apache\htdocs\linux\zhoukao2\Apps\Home\Controller\IndexController.class.php 第 68 行.
INFO: [ view_parse ] --START--
INFO: [ template_filter ] --START--
INFO: Run Behavior\ContentReplaceBehavior [ RunTime:0.000050s ]
INFO: [ template_filter ] --END-- [ RunTime:0.000125s ]
INFO: Run Behavior\ParseTemplateBehavior [ RunTime:0.005747s ]
INFO: [ view_parse ] --END-- [ RunTime:0.005823s ]
INFO: [ view_filter ] --START--
INFO: Run Behavior\WriteHtmlCacheBehavior [ RunTime:0.000351s ]
INFO: [ view_filter ] --END-- [ RunTime:0.000404s ]
INFO: [ app_end ] --START--
INFO: Run Behavior\ShowPageTraceBehavior [ RunTime:0.000989s ]
INFO: [ app_end ] --END-- [ RunTime:0.001121s ]

[ 2016-03-27T19:55:00+08:00 ] 127.0.0.1 /linux/zhoukao2/index.php
INFO: [ app_init ] --START--
INFO: Run Behavior\BuildLiteBehavior [ RunTime:0.000015s ]
INFO: [ app_init ] --END-- [ RunTime:0.000399s ]
INFO: [ app_begin ] --START--
INFO: Run Behavior\ReadHtmlCacheBehavior [ RunTime:0.000616s ]
INFO: [ app_begin ] --END-- [ RunTime:0.000692s ]
NOTIC: [2048] Declaration of Home\Controller\IndexController::show() should be compatible with that of Think\Controller::show() D:\web\apache\htdocs\linux\zhoukao2\Apps\Home\Controller\IndexController.class.php 第 68 行.
INFO: [ view_parse ] --START--
INFO: [ template_filter ] --START--
INFO: Run Behavior\ContentReplaceBehavior [ RunTime:0.000048s ]
INFO: [ template_filter ] --END-- [ RunTime:0.000124s ]
INFO: Run Behavior\ParseTemplateBehavior [ RunTime:0.005881s ]
INFO: [ view_parse ] --END-- [ RunTime:0.005971s ]
INFO: [ view_filter ] --START--
INFO: Run Behavior\WriteHtmlCacheBehavior [ RunTime:0.000500s ]
INFO: [ view_filter ] --END-- [ RunTime:0.000582s ]
INFO: [ app_end ] --START--
INFO: Run Behavior\ShowPageTraceBehavior [ RunTime:0.000946s ]
INFO: [ app_end ] --END-- [ RunTime:0.001087s ]

