[ 2016-03-13T18:24:33+08:00 ] 127.0.0.1 /linux/3-11/index.php
INFO: [ app_init ] --START--
INFO: Run Behavior\BuildLiteBehavior [ RunTime:0.000015s ]
INFO: [ app_init ] --END-- [ RunTime:0.000501s ]
ERR: 无法加载控制器:Index

[ 2016-03-13T18:24:56+08:00 ] 127.0.0.1 /linux/3-11/index.php
INFO: [ app_init ] --START--
INFO: Run Behavior\BuildLiteBehavior [ RunTime:0.000013s ]
INFO: [ app_init ] --END-- [ RunTime:0.000311s ]

[ 2016-03-13T19:48:56+08:00 ] 127.0.0.1 /linux/3-11/index.php
INFO: [ app_init ] --START--
INFO: Run Behavior\BuildLiteBehavior [ RunTime:0.000016s ]
INFO: [ app_init ] --END-- [ RunTime:0.000453s ]

[ 2016-03-13T19:48:57+08:00 ] 127.0.0.1 /linux/3-11/index.php
INFO: [ app_init ] --START--
INFO: Run Behavior\BuildLiteBehavior [ RunTime:0.000084s ]
INFO: [ app_init ] --END-- [ RunTime:0.001066s ]

[ 2016-03-13T19:48:58+08:00 ] 127.0.0.1 /linux/3-11/index.php
INFO: [ app_init ] --START--
INFO: Run Behavior\BuildLiteBehavior [ RunTime:0.000037s ]
INFO: [ app_init ] --END-- [ RunTime:0.000721s ]

[ 2016-03-13T19:49:15+08:00 ] 127.0.0.1 /linux/3-11/index.php
INFO: [ app_init ] --START--
INFO: Run Behavior\BuildLiteBehavior [ RunTime:0.000014s ]
INFO: [ app_init ] --END-- [ RunTime:0.000317s ]

[ 2016-03-13T19:49:16+08:00 ] 127.0.0.1 /linux/3-11/index.php
INFO: [ app_init ] --START--
INFO: Run Behavior\BuildLiteBehavior [ RunTime:0.000024s ]
INFO: [ app_init ] --END-- [ RunTime:0.000566s ]

[ 2016-03-13T19:49:28+08:00 ] 127.0.0.1 /linux/3-11/index.php/Home/Index/add/
INFO: [ app_init ] --START--
INFO: Run Behavior\BuildLiteBehavior [ RunTime:0.000014s ]
INFO: [ app_init ] --END-- [ RunTime:0.000356s ]

[ 2016-03-13T19:49:29+08:00 ] 127.0.0.1 /linux/3-11/index.php
INFO: [ app_init ] --START--
INFO: Run Behavior\BuildLiteBehavior [ RunTime:0.000066s ]
INFO: [ app_init ] --END-- [ RunTime:0.001701s ]

[ 2016-03-13T19:53:31+08:00 ] 127.0.0.1 /linux/3-11/index.php
INFO: [ app_init ] --START--
INFO: Run Behavior\BuildLiteBehavior [ RunTime:0.000016s ]
INFO: [ app_init ] --END-- [ RunTime:0.000419s ]

[ 2016-03-13T19:53:32+08:00 ] 127.0.0.1 /linux/3-11/index.php
INFO: [ app_init ] --START--
INFO: Run Behavior\BuildLiteBehavior [ RunTime:0.000017s ]
INFO: [ app_init ] --END-- [ RunTime:0.000418s ]

[ 2016-03-13T19:53:34+08:00 ] 127.0.0.1 /linux/3-11/index.php
INFO: [ app_init ] --START--
INFO: Run Behavior\BuildLiteBehavior [ RunTime:0.000014s ]
INFO: [ app_init ] --END-- [ RunTime:0.000403s ]

[ 2016-03-13T19:53:35+08:00 ] 127.0.0.1 /linux/3-11/index.php
INFO: [ app_init ] --START--
INFO: Run Behavior\BuildLiteBehavior [ RunTime:0.000020s ]
INFO: [ app_init ] --END-- [ RunTime:0.000500s ]

[ 2016-03-13T19:53:36+08:00 ] 127.0.0.1 /linux/3-11/index.php
INFO: [ app_init ] --START--
INFO: Run Behavior\BuildLiteBehavior [ RunTime:0.000025s ]
INFO: [ app_init ] --END-- [ RunTime:0.000579s ]

[ 2016-03-13T19:53:37+08:00 ] 127.0.0.1 /linux/3-11/index.php
INFO: [ app_init ] --START--
INFO: Run Behavior\BuildLiteBehavior [ RunTime:0.000025s ]
INFO: [ app_init ] --END-- [ RunTime:0.000654s ]

[ 2016-03-13T19:53:38+08:00 ] 127.0.0.1 /linux/3-11/index.php
INFO: [ app_init ] --START--
INFO: Run Behavior\BuildLiteBehavior [ RunTime:0.000021s ]
INFO: [ app_init ] --END-- [ RunTime:0.000580s ]

[ 2016-03-13T19:53:40+08:00 ] 127.0.0.1 /linux/3-11/index.php
INFO: [ app_init ] --START--
INFO: Run Behavior\BuildLiteBehavior [ RunTime:0.000015s ]
INFO: [ app_init ] --END-- [ RunTime:0.000383s ]

[ 2016-03-13T19:53:57+08:00 ] 127.0.0.1 /linux/3-11/index.php/Home/Index/add/
INFO: [ app_init ] --START--
INFO: Run Behavior\BuildLiteBehavior [ RunTime:0.000030s ]
INFO: [ app_init ] --END-- [ RunTime:0.000641s ]

[ 2016-03-13T19:53:58+08:00 ] 127.0.0.1 /linux/3-11/index.php/Home/Index/login.%E6%AD%A3%E5%9C%A8%E5%8E%BB%E7%99%BB%E5%BD%95
INFO: [ app_init ] --START--
INFO: Run Behavior\BuildLiteBehavior [ RunTime:0.000051s ]
INFO: [ app_init ] --END-- [ RunTime:0.001373s ]
ERR: 非法操作:login.正在去登录

[ 2016-03-13T20:01:59+08:00 ] 127.0.0.1 /linux/3-11/index.php/Home/Index/login.%E6%AD%A3%E5%9C%A8%E5%8E%BB%E7%99%BB%E5%BD%95
INFO: [ app_init ] --START--
INFO: Run Behavior\BuildLiteBehavior [ RunTime:0.000036s ]
INFO: [ app_init ] --END-- [ RunTime:0.000664s ]
ERR: 非法操作:login.正在去登录

[ 2016-03-13T20:02:17+08:00 ] 127.0.0.1 /linux/3-11/index.php/Home/Index/add/
INFO: [ app_init ] --START--
INFO: Run Behavior\BuildLiteBehavior [ RunTime:0.000024s ]
INFO: [ app_init ] --END-- [ RunTime:0.000587s ]

[ 2016-03-13T20:02:18+08:00 ] 127.0.0.1 /linux/3-11/index.php/Home/Index/login.%E6%AD%A3%E5%9C%A8%E5%8E%BB%E7%99%BB%E5%BD%95
INFO: [ app_init ] --START--
INFO: Run Behavior\BuildLiteBehavior [ RunTime:0.000031s ]
INFO: [ app_init ] --END-- [ RunTime:0.000801s ]
ERR: 非法操作:login.正在去登录

[ 2016-03-13T20:04:38+08:00 ] 127.0.0.1 /linux/3-11/index.php/Home/Index/login.%E6%AD%A3%E5%9C%A8%E5%8E%BB%E7%99%BB%E5%BD%95
INFO: [ app_init ] --START--
INFO: Run Behavior\BuildLiteBehavior [ RunTime:0.000022s ]
INFO: [ app_init ] --END-- [ RunTime:0.000643s ]
ERR: 非法操作:login.正在去登录

[ 2016-03-13T20:04:39+08:00 ] 127.0.0.1 /linux/3-11/index.php/Home/Index/login.%E6%AD%A3%E5%9C%A8%E5%8E%BB%E7%99%BB%E5%BD%95
INFO: [ app_init ] --START--
INFO: Run Behavior\BuildLiteBehavior [ RunTime:0.000025s ]
INFO: [ app_init ] --END-- [ RunTime:0.000565s ]
ERR: 非法操作:login.正在去登录

[ 2016-03-13T20:04:41+08:00 ] 127.0.0.1 /linux/3-11/index.php/Home/Index/login.%E6%AD%A3%E5%9C%A8%E5%8E%BB%E7%99%BB%E5%BD%95
INFO: [ app_init ] --START--
INFO: Run Behavior\BuildLiteBehavior [ RunTime:0.000014s ]
INFO: [ app_init ] --END-- [ RunTime:0.000301s ]
ERR: 非法操作:login.正在去登录

[ 2016-03-13T20:05:36+08:00 ] 127.0.0.1 /linux/3-11/index.php/Home/Index/login.%E6%AD%A3%E5%9C%A8%E5%8E%BB%E7%99%BB%E5%BD%95
INFO: [ app_init ] --START--
INFO: Run Behavior\BuildLiteBehavior [ RunTime:0.000019s ]
INFO: [ app_init ] --END-- [ RunTime:0.000513s ]
ERR: 非法操作:login.正在去登录

[ 2016-03-13T20:05:37+08:00 ] 127.0.0.1 /linux/3-11/index.php/Home/Index/login.%E6%AD%A3%E5%9C%A8%E5%8E%BB%E7%99%BB%E5%BD%95
INFO: [ app_init ] --START--
INFO: Run Behavior\BuildLiteBehavior [ RunTime:0.000015s ]
INFO: [ app_init ] --END-- [ RunTime:0.000368s ]
ERR: 非法操作:login.正在去登录

[ 2016-03-13T20:06:41+08:00 ] 127.0.0.1 /linux/3-11/index.php/Home/Index/login.%E6%AD%A3%E5%9C%A8%E5%8E%BB%E7%99%BB%E5%BD%95
INFO: [ app_init ] --START--
INFO: Run Behavior\BuildLiteBehavior [ RunTime:0.000033s ]
INFO: [ app_init ] --END-- [ RunTime:0.000568s ]
ERR: 非法操作:login.正在去登录

[ 2016-03-13T20:06:42+08:00 ] 127.0.0.1 /linux/3-11/index.php/Home/Index/login.%E6%AD%A3%E5%9C%A8%E5%8E%BB%E7%99%BB%E5%BD%95
INFO: [ app_init ] --START--
INFO: Run Behavior\BuildLiteBehavior [ RunTime:0.000023s ]
INFO: [ app_init ] --END-- [ RunTime:0.000531s ]
ERR: 非法操作:login.正在去登录

[ 2016-03-13T20:06:43+08:00 ] 127.0.0.1 /linux/3-11/index.php/Home/Index/login.%E6%AD%A3%E5%9C%A8%E5%8E%BB%E7%99%BB%E5%BD%95
INFO: [ app_init ] --START--
INFO: Run Behavior\BuildLiteBehavior [ RunTime:0.000024s ]
INFO: [ app_init ] --END-- [ RunTime:0.000513s ]
ERR: 非法操作:login.正在去登录

[ 2016-03-13T20:06:44+08:00 ] 127.0.0.1 /linux/3-11/index.php/Home/Index/login.%E6%AD%A3%E5%9C%A8%E5%8E%BB%E7%99%BB%E5%BD%95
INFO: [ app_init ] --START--
INFO: Run Behavior\BuildLiteBehavior [ RunTime:0.000013s ]
INFO: [ app_init ] --END-- [ RunTime:0.000332s ]
ERR: 非法操作:login.正在去登录

[ 2016-03-13T20:06:44+08:00 ] 127.0.0.1 /linux/3-11/index.php/Home/Index/login.%E6%AD%A3%E5%9C%A8%E5%8E%BB%E7%99%BB%E5%BD%95
INFO: [ app_init ] --START--
INFO: Run Behavior\BuildLiteBehavior [ RunTime:0.000017s ]
INFO: [ app_init ] --END-- [ RunTime:0.000377s ]
ERR: 非法操作:login.正在去登录

[ 2016-03-13T20:06:46+08:00 ] 127.0.0.1 /linux/3-11/index.php/Home/Index/login.%E6%AD%A3%E5%9C%A8%E5%8E%BB%E7%99%BB%E5%BD%95
INFO: [ app_init ] --START--
INFO: Run Behavior\BuildLiteBehavior [ RunTime:0.000013s ]
INFO: [ app_init ] --END-- [ RunTime:0.000382s ]
ERR: 非法操作:login.正在去登录

[ 2016-03-13T20:06:47+08:00 ] 127.0.0.1 /linux/3-11/index.php/Home/Index/login.%E6%AD%A3%E5%9C%A8%E5%8E%BB%E7%99%BB%E5%BD%95
INFO: [ app_init ] --START--
INFO: Run Behavior\BuildLiteBehavior [ RunTime:0.000017s ]
INFO: [ app_init ] --END-- [ RunTime:0.000365s ]
ERR: 非法操作:login.正在去登录

[ 2016-03-13T20:07:23+08:00 ] 127.0.0.1 /linux/3-11/index.php/Home/Index/login.%E6%AD%A3%E5%9C%A8%E5%8E%BB%E7%99%BB%E5%BD%95
INFO: [ app_init ] --START--
INFO: Run Behavior\BuildLiteBehavior [ RunTime:0.000020s ]
INFO: [ app_init ] --END-- [ RunTime:0.000404s ]
ERR: 非法操作:login.正在去登录

[ 2016-03-13T20:07:24+08:00 ] 127.0.0.1 /linux/3-11/index.php/Home/Index/login.%E6%AD%A3%E5%9C%A8%E5%8E%BB%E7%99%BB%E5%BD%95
INFO: [ app_init ] --START--
INFO: Run Behavior\BuildLiteBehavior [ RunTime:0.000025s ]
INFO: [ app_init ] --END-- [ RunTime:0.000625s ]
ERR: 非法操作:login.正在去登录

[ 2016-03-13T20:07:33+08:00 ] 127.0.0.1 /linux/3-11/index.php/Home/Index/add/
INFO: [ app_init ] --START--
INFO: Run Behavior\BuildLiteBehavior [ RunTime:0.000016s ]
INFO: [ app_init ] --END-- [ RunTime:0.000446s ]

[ 2016-03-13T20:07:34+08:00 ] 127.0.0.1 /linux/3-11/index.php/Home/Index/login.html
INFO: [ app_init ] --START--
INFO: Run Behavior\BuildLiteBehavior [ RunTime:0.000017s ]
INFO: [ app_init ] --END-- [ RunTime:0.000394s ]
ERR: 模板不存在:./Apps/Home/View/Index/login.html

[ 2016-03-13T20:15:44+08:00 ] 127.0.0.1 /linux/3-11/index.php/Home/Index/login.html
INFO: [ app_init ] --START--
INFO: Run Behavior\BuildLiteBehavior [ RunTime:0.000015s ]
INFO: [ app_init ] --END-- [ RunTime:0.000512s ]
ERR: 模板不存在:./Apps/Home/View/Index/login.html

[ 2016-03-13T20:15:45+08:00 ] 127.0.0.1 /linux/3-11/index.php/Home/Index/login.html
INFO: [ app_init ] --START--
INFO: Run Behavior\BuildLiteBehavior [ RunTime:0.000033s ]
INFO: [ app_init ] --END-- [ RunTime:0.000760s ]
ERR: 模板不存在:./Apps/Home/View/Index/login.html

[ 2016-03-13T20:17:13+08:00 ] 127.0.0.1 /linux/3-11/index.php/Home/Index/login.html
INFO: [ app_init ] --START--
INFO: Run Behavior\BuildLiteBehavior [ RunTime:0.000024s ]
INFO: [ app_init ] --END-- [ RunTime:0.000528s ]
ERR: 模板不存在:./Apps/Home/View/Index/login.html

[ 2016-03-13T20:17:15+08:00 ] 127.0.0.1 /linux/3-11/index.php/Home/Index/login.html
INFO: [ app_init ] --START--
INFO: Run Behavior\BuildLiteBehavior [ RunTime:0.000019s ]
INFO: [ app_init ] --END-- [ RunTime:0.000430s ]
ERR: 模板不存在:./Apps/Home/View/Index/login.html

[ 2016-03-13T20:17:23+08:00 ] 127.0.0.1 /linux/3-11/index.php/Home/Index/add/
INFO: [ app_init ] --START--
INFO: Run Behavior\BuildLiteBehavior [ RunTime:0.000023s ]
INFO: [ app_init ] --END-- [ RunTime:0.000712s ]

[ 2016-03-13T20:17:24+08:00 ] 127.0.0.1 /linux/3-11/index.php/Home/Login/login.html
INFO: [ app_init ] --START--
INFO: Run Behavior\BuildLiteBehavior [ RunTime:0.000024s ]
INFO: [ app_init ] --END-- [ RunTime:0.000628s ]

[ 2016-03-13T20:17:39+08:00 ] 127.0.0.1 /linux/3-11/index.php
INFO: [ app_init ] --START--
INFO: Run Behavior\BuildLiteBehavior [ RunTime:0.000024s ]
INFO: [ app_init ] --END-- [ RunTime:0.000549s ]

[ 2016-03-13T20:17:54+08:00 ] 127.0.0.1 /linux/3-11/index.php/Home/Index/add/
INFO: [ app_init ] --START--
INFO: Run Behavior\BuildLiteBehavior [ RunTime:0.000031s ]
INFO: [ app_init ] --END-- [ RunTime:0.000722s ]

[ 2016-03-13T20:17:55+08:00 ] 127.0.0.1 /linux/3-11/index.php/Home/Login/login.html
INFO: [ app_init ] --START--
INFO: Run Behavior\BuildLiteBehavior [ RunTime:0.000025s ]
INFO: [ app_init ] --END-- [ RunTime:0.000625s ]

[ 2016-03-13T20:18:26+08:00 ] 127.0.0.1 /linux/3-11/index.php/Home/Login/login.html
INFO: [ app_init ] --START--
INFO: Run Behavior\BuildLiteBehavior [ RunTime:0.000027s ]
INFO: [ app_init ] --END-- [ RunTime:0.000613s ]

[ 2016-03-13T20:18:27+08:00 ] 127.0.0.1 /linux/3-11/index.php/Home/Login/login.html
INFO: [ app_init ] --START--
INFO: Run Behavior\BuildLiteBehavior [ RunTime:0.000015s ]
INFO: [ app_init ] --END-- [ RunTime:0.000368s ]

[ 2016-03-13T20:18:34+08:00 ] 127.0.0.1 /linux/3-11/index.php
INFO: [ app_init ] --START--
INFO: Run Behavior\BuildLiteBehavior [ RunTime:0.000028s ]
INFO: [ app_init ] --END-- [ RunTime:0.000823s ]

[ 2016-03-13T20:18:44+08:00 ] 127.0.0.1 /linux/3-11/index.php/Home/Index/add/
INFO: [ app_init ] --START--
INFO: Run Behavior\BuildLiteBehavior [ RunTime:0.000015s ]
INFO: [ app_init ] --END-- [ RunTime:0.000408s ]

[ 2016-03-13T20:18:45+08:00 ] 127.0.0.1 /linux/3-11/index.php/Home/Login/login.html
INFO: [ app_init ] --START--
INFO: Run Behavior\BuildLiteBehavior [ RunTime:0.000048s ]
INFO: [ app_init ] --END-- [ RunTime:0.001204s ]

[ 2016-03-13T20:18:57+08:00 ] 127.0.0.1 /linux/3-11/index.php/Home/Login/login.html
INFO: [ app_init ] --START--
INFO: Run Behavior\BuildLiteBehavior [ RunTime:0.000024s ]
INFO: [ app_init ] --END-- [ RunTime:0.000984s ]

[ 2016-03-13T20:19:04+08:00 ] 127.0.0.1 /linux/3-11/index.php/Home/Login/check_login
INFO: [ app_init ] --START--
INFO: Run Behavior\BuildLiteBehavior [ RunTime:0.000016s ]
INFO: [ app_init ] --END-- [ RunTime:0.000387s ]

[ 2016-03-13T20:19:06+08:00 ] 127.0.0.1 /linux/3-11/index.php/Home/Index/shows.html
INFO: [ app_init ] --START--
INFO: Run Behavior\BuildLiteBehavior [ RunTime:0.000027s ]
INFO: [ app_init ] --END-- [ RunTime:0.000705s ]
ERR: 模板不存在:./Apps/Home/View/Index/shows.html

[ 2016-03-13T20:19:22+08:00 ] 127.0.0.1 /linux/3-11/index.php/Home/Login/check_login
INFO: [ app_init ] --START--
INFO: Run Behavior\BuildLiteBehavior [ RunTime:0.000022s ]
INFO: [ app_init ] --END-- [ RunTime:0.000630s ]

[ 2016-03-13T20:19:44+08:00 ] 127.0.0.1 /linux/3-11/index.php/Home/Login/check_login
INFO: [ app_init ] --START--
INFO: Run Behavior\BuildLiteBehavior [ RunTime:0.000026s ]
INFO: [ app_init ] --END-- [ RunTime:0.000734s ]

[ 2016-03-13T20:22:08+08:00 ] 127.0.0.1 /linux/3-11/index.php/Home/Login/check_login
INFO: [ app_init ] --START--
INFO: Run Behavior\BuildLiteBehavior [ RunTime:0.000017s ]
INFO: [ app_init ] --END-- [ RunTime:0.000792s ]

[ 2016-03-13T20:22:28+08:00 ] 127.0.0.1 /linux/3-11/index.php/Home/Login/check_login
INFO: [ app_init ] --START--
INFO: Run Behavior\BuildLiteBehavior [ RunTime:0.000029s ]
INFO: [ app_init ] --END-- [ RunTime:0.000612s ]

[ 2016-03-13T20:22:31+08:00 ] 127.0.0.1 /linux/3-11/index.php/Home/Index/shows.html
INFO: [ app_init ] --START--
INFO: Run Behavior\BuildLiteBehavior [ RunTime:0.000041s ]
INFO: [ app_init ] --END-- [ RunTime:0.001016s ]

[ 2016-03-13T20:25:03+08:00 ] 127.0.0.1 /linux/3-11/index.php/Home/Index/shows.html
INFO: [ app_init ] --START--
INFO: Run Behavior\BuildLiteBehavior [ RunTime:0.000024s ]
INFO: [ app_init ] --END-- [ RunTime:0.000675s ]

[ 2016-03-13T20:25:23+08:00 ] 127.0.0.1 /linux/3-11/index.php/Home/Index/add/
INFO: [ app_init ] --START--
INFO: Run Behavior\BuildLiteBehavior [ RunTime:0.000019s ]
INFO: [ app_init ] --END-- [ RunTime:0.000566s ]

[ 2016-03-13T20:25:24+08:00 ] 127.0.0.1 /linux/3-11/index.php/Home/Login/login.html
INFO: [ app_init ] --START--
INFO: Run Behavior\BuildLiteBehavior [ RunTime:0.000026s ]
INFO: [ app_init ] --END-- [ RunTime:0.000634s ]

[ 2016-03-13T20:26:07+08:00 ] 127.0.0.1 /linux/3-11/index.php/Home/Login/login.html
INFO: [ app_init ] --START--
INFO: Run Behavior\BuildLiteBehavior [ RunTime:0.000024s ]
INFO: [ app_init ] --END-- [ RunTime:0.000600s ]

[ 2016-03-13T20:26:32+08:00 ] 127.0.0.1 /linux/3-11/index.php/Home/Login/login.html
INFO: [ app_init ] --START--
INFO: Run Behavior\BuildLiteBehavior [ RunTime:0.000023s ]
INFO: [ app_init ] --END-- [ RunTime:0.000378s ]

[ 2016-03-13T20:26:34+08:00 ] 127.0.0.1 /linux/3-11/index.php/Home/Login/login.html
INFO: [ app_init ] --START--
INFO: Run Behavior\BuildLiteBehavior [ RunTime:0.000017s ]
INFO: [ app_init ] --END-- [ RunTime:0.000396s ]

[ 2016-03-13T20:26:54+08:00 ] 127.0.0.1 /linux/3-11/index.php/Home/Login/login.html
INFO: [ app_init ] --START--
INFO: Run Behavior\BuildLiteBehavior [ RunTime:0.000015s ]
INFO: [ app_init ] --END-- [ RunTime:0.000379s ]

[ 2016-03-13T20:26:57+08:00 ] 127.0.0.1 /linux/3-11/index.php/Home/Login/login.html
INFO: [ app_init ] --START--
INFO: Run Behavior\BuildLiteBehavior [ RunTime:0.000014s ]
INFO: [ app_init ] --END-- [ RunTime:0.000356s ]

[ 2016-03-13T22:01:16+08:00 ] 127.0.0.1 /linux/3-11/index.php/Home/Login/check_login
INFO: [ app_init ] --START--
INFO: Run Behavior\BuildLiteBehavior [ RunTime:0.000062s ]
INFO: [ app_init ] --END-- [ RunTime:0.000741s ]

[ 2016-03-13T22:01:22+08:00 ] 127.0.0.1 /linux/3-11/index.php/Home/Login/check_login
INFO: [ app_init ] --START--
INFO: Run Behavior\BuildLiteBehavior [ RunTime:0.000039s ]
INFO: [ app_init ] --END-- [ RunTime:0.000634s ]

[ 2016-03-13T22:01:24+08:00 ] 127.0.0.1 /linux/3-11/index.php/Home/Index/shows.html
INFO: [ app_init ] --START--
INFO: Run Behavior\BuildLiteBehavior [ RunTime:0.000026s ]
INFO: [ app_init ] --END-- [ RunTime:0.000578s ]

[ 2016-03-13T22:01:29+08:00 ] 127.0.0.1 /linux/3-11/index.php/Home/Index/shows/p/2.html
INFO: [ app_init ] --START--
INFO: Run Behavior\BuildLiteBehavior [ RunTime:0.000014s ]
INFO: [ app_init ] --END-- [ RunTime:0.000300s ]

[ 2016-03-13T22:01:32+08:00 ] 127.0.0.1 /linux/3-11/index.php/Home/Index/shows/p/3.html
INFO: [ app_init ] --START--
INFO: Run Behavior\BuildLiteBehavior [ RunTime:0.000024s ]
INFO: [ app_init ] --END-- [ RunTime:0.000577s ]

[ 2016-03-13T22:14:08+08:00 ] 127.0.0.1 /linux/3-11/index.php/Home/Login/check_login
INFO: [ app_init ] --START--
INFO: Run Behavior\BuildLiteBehavior [ RunTime:0.000018s ]
INFO: [ app_init ] --END-- [ RunTime:0.000527s ]

[ 2016-03-13T22:14:10+08:00 ] 127.0.0.1 /linux/3-11/index.php/Home/Index/shows.html
INFO: [ app_init ] --START--
INFO: Run Behavior\BuildLiteBehavior [ RunTime:0.000038s ]
INFO: [ app_init ] --END-- [ RunTime:0.000732s ]

[ 2016-03-13T22:14:55+08:00 ] 127.0.0.1 /linux/3-11/index.php/Home/Login/check_login
INFO: [ app_init ] --START--
INFO: Run Behavior\BuildLiteBehavior [ RunTime:0.000023s ]
INFO: [ app_init ] --END-- [ RunTime:0.000951s ]

[ 2016-03-13T22:14:57+08:00 ] 127.0.0.1 /linux/3-11/index.php/Home/Index/shows.html
INFO: [ app_init ] --START--
INFO: Run Behavior\BuildLiteBehavior [ RunTime:0.000040s ]
INFO: [ app_init ] --END-- [ RunTime:0.000954s ]

