[ 2016-03-14T11:04:09+08:00 ] 127.0.0.1 /linux/3-11/index.php
INFO: [ app_init ] --START--
INFO: Run Behavior\BuildLiteBehavior [ RunTime:0.000017s ]
INFO: [ app_init ] --END-- [ RunTime:0.000457s ]

[ 2016-03-14T11:04:21+08:00 ] 127.0.0.1 /linux/3-11/index.php/Home/Index/add/
INFO: [ app_init ] --START--
INFO: Run Behavior\BuildLiteBehavior [ RunTime:0.000020s ]
INFO: [ app_init ] --END-- [ RunTime:0.000683s ]

[ 2016-03-14T11:04:22+08:00 ] 127.0.0.1 /linux/3-11/index.php/Home/Login/login.html
INFO: [ app_init ] --START--
INFO: Run Behavior\BuildLiteBehavior [ RunTime:0.000028s ]
INFO: [ app_init ] --END-- [ RunTime:0.000616s ]

[ 2016-03-14T11:04:35+08:00 ] 127.0.0.1 /linux/3-11/index.php/Home/Login/check_login
INFO: [ app_init ] --START--
INFO: Run Behavior\BuildLiteBehavior [ RunTime:0.000027s ]
INFO: [ app_init ] --END-- [ RunTime:0.000648s ]

[ 2016-03-14T11:04:44+08:00 ] 127.0.0.1 /linux/3-11/index.php/Home/Index/add/
INFO: [ app_init ] --START--
INFO: Run Behavior\BuildLiteBehavior [ RunTime:0.000015s ]
INFO: [ app_init ] --END-- [ RunTime:0.000373s ]

[ 2016-03-14T11:04:45+08:00 ] 127.0.0.1 /linux/3-11/index.php/Home/Login/login.html
INFO: [ app_init ] --START--
INFO: Run Behavior\BuildLiteBehavior [ RunTime:0.000054s ]
INFO: [ app_init ] --END-- [ RunTime:0.001254s ]

[ 2016-03-14T11:04:56+08:00 ] 127.0.0.1 /linux/3-11/index.php/Home/Login/check_login
INFO: [ app_init ] --START--
INFO: Run Behavior\BuildLiteBehavior [ RunTime:0.000017s ]
INFO: [ app_init ] --END-- [ RunTime:0.000484s ]

[ 2016-03-14T11:04:58+08:00 ] 127.0.0.1 /linux/3-11/index.php/Home/Index/shows.html
INFO: [ app_init ] --START--
INFO: Run Behavior\BuildLiteBehavior [ RunTime:0.000015s ]
INFO: [ app_init ] --END-- [ RunTime:0.000346s ]

[ 2016-03-14T11:05:37+08:00 ] 127.0.0.1 /linux/3-11/index.php/Home/Login/check_login
INFO: [ app_init ] --START--
INFO: Run Behavior\BuildLiteBehavior [ RunTime:0.000038s ]
INFO: [ app_init ] --END-- [ RunTime:0.000921s ]

[ 2016-03-14T11:05:39+08:00 ] 127.0.0.1 /linux/3-11/index.php/Home/Index/shows.html
INFO: [ app_init ] --START--
INFO: Run Behavior\BuildLiteBehavior [ RunTime:0.000033s ]
INFO: [ app_init ] --END-- [ RunTime:0.000866s ]

[ 2016-03-14T11:05:57+08:00 ] 127.0.0.1 /linux/3-11/index.php
INFO: [ app_init ] --START--
INFO: Run Behavior\BuildLiteBehavior [ RunTime:0.000016s ]
INFO: [ app_init ] --END-- [ RunTime:0.000358s ]

[ 2016-03-14T11:07:24+08:00 ] 127.0.0.1 /linux/3-11/index.php/Home/Login/login.html
INFO: [ app_init ] --START--
INFO: Run Behavior\BuildLiteBehavior [ RunTime:0.000025s ]
INFO: [ app_init ] --END-- [ RunTime:0.000493s ]

[ 2016-03-14T11:07:28+08:00 ] 127.0.0.1 /linux/3-11/index.php/Home/Login/check_login
INFO: [ app_init ] --START--
INFO: Run Behavior\BuildLiteBehavior [ RunTime:0.000014s ]
INFO: [ app_init ] --END-- [ RunTime:0.000304s ]

[ 2016-03-14T11:07:39+08:00 ] 127.0.0.1 /linux/3-11/index.php/Home/Login/check_login
INFO: [ app_init ] --START--
INFO: Run Behavior\BuildLiteBehavior [ RunTime:0.000050s ]
INFO: [ app_init ] --END-- [ RunTime:0.000883s ]

[ 2016-03-14T11:07:41+08:00 ] 127.0.0.1 /linux/3-11/index.php/Home/Index/shows.html
INFO: [ app_init ] --START--
INFO: Run Behavior\BuildLiteBehavior [ RunTime:0.000016s ]
INFO: [ app_init ] --END-- [ RunTime:0.000365s ]

[ 2016-03-14T11:08:33+08:00 ] 127.0.0.1 /linux/3-11/index.php/Home/Index/shows.html
INFO: [ app_init ] --START--
INFO: Run Behavior\BuildLiteBehavior [ RunTime:0.000015s ]
INFO: [ app_init ] --END-- [ RunTime:0.000329s ]

[ 2016-03-14T13:36:02+08:00 ] 127.0.0.1 /linux/3-11/index.php/Home/Index/shows/p/2.html
INFO: [ app_init ] --START--
INFO: Run Behavior\BuildLiteBehavior [ RunTime:0.000024s ]
INFO: [ app_init ] --END-- [ RunTime:0.000649s ]

[ 2016-03-14T13:36:03+08:00 ] 127.0.0.1 /linux/3-11/index.php/Home/Index/shows/p/3.html
INFO: [ app_init ] --START--
INFO: Run Behavior\BuildLiteBehavior [ RunTime:0.000017s ]
INFO: [ app_init ] --END-- [ RunTime:0.000420s ]

[ 2016-03-14T13:57:25+08:00 ] 127.0.0.1 /linux/3-11/index.php/Home/Index/shows/p/3.html
INFO: [ app_init ] --START--
INFO: Run Behavior\BuildLiteBehavior [ RunTime:0.000023s ]
INFO: [ app_init ] --END-- [ RunTime:0.000464s ]

[ 2016-03-14T13:57:32+08:00 ] 127.0.0.1 /linux/3-11/index.php/Home/Index/shows/p/2.html
INFO: [ app_init ] --START--
INFO: Run Behavior\BuildLiteBehavior [ RunTime:0.000029s ]
INFO: [ app_init ] --END-- [ RunTime:0.000518s ]

[ 2016-03-14T13:57:34+08:00 ] 127.0.0.1 /linux/3-11/index.php/Home/Index/shows/p/4.html
INFO: [ app_init ] --START--
INFO: Run Behavior\BuildLiteBehavior [ RunTime:0.000026s ]
INFO: [ app_init ] --END-- [ RunTime:0.000648s ]

[ 2016-03-14T13:57:36+08:00 ] 127.0.0.1 /linux/3-11/index.php/Home/Index/shows/p/5.html
INFO: [ app_init ] --START--
INFO: Run Behavior\BuildLiteBehavior [ RunTime:0.000014s ]
INFO: [ app_init ] --END-- [ RunTime:0.000339s ]

[ 2016-03-14T13:57:38+08:00 ] 127.0.0.1 /linux/3-11/index.php/Home/Index/shows/p/4.html
INFO: [ app_init ] --START--
INFO: Run Behavior\BuildLiteBehavior [ RunTime:0.000014s ]
INFO: [ app_init ] --END-- [ RunTime:0.000333s ]

[ 2016-03-14T13:57:40+08:00 ] 127.0.0.1 /linux/3-11/index.php/Home/Index/shows/p/3.html
INFO: [ app_init ] --START--
INFO: Run Behavior\BuildLiteBehavior [ RunTime:0.000016s ]
INFO: [ app_init ] --END-- [ RunTime:0.000406s ]

[ 2016-03-14T13:57:52+08:00 ] 127.0.0.1 /linux/3-11/index.php/Home/Index/shows/p/2.html
INFO: [ app_init ] --START--
INFO: Run Behavior\BuildLiteBehavior [ RunTime:0.000013s ]
INFO: [ app_init ] --END-- [ RunTime:0.000304s ]

[ 2016-03-14T13:57:56+08:00 ] 127.0.0.1 /linux/3-11/index.php/Home/Index/shows/p/4.html
INFO: [ app_init ] --START--
INFO: Run Behavior\BuildLiteBehavior [ RunTime:0.000012s ]
INFO: [ app_init ] --END-- [ RunTime:0.000294s ]

[ 2016-03-14T13:59:33+08:00 ] 127.0.0.1 /linux/3-11/index.php/Home/Index/shows/p/4.html
INFO: [ app_init ] --START--
INFO: Run Behavior\BuildLiteBehavior [ RunTime:0.000015s ]
INFO: [ app_init ] --END-- [ RunTime:0.000382s ]

[ 2016-03-14T13:59:34+08:00 ] 127.0.0.1 /linux/3-11/index.php/Home/Index/shows/p/4.html
INFO: [ app_init ] --START--
INFO: Run Behavior\BuildLiteBehavior [ RunTime:0.000023s ]
INFO: [ app_init ] --END-- [ RunTime:0.001300s ]

[ 2016-03-14T13:59:36+08:00 ] 127.0.0.1 /linux/3-11/index.php/Home/Index/shows/p/2.html
INFO: [ app_init ] --START--
INFO: Run Behavior\BuildLiteBehavior [ RunTime:0.000018s ]
INFO: [ app_init ] --END-- [ RunTime:0.000453s ]

[ 2016-03-14T13:59:38+08:00 ] 127.0.0.1 /linux/3-11/index.php/Home/Index/shows/p/3.html
INFO: [ app_init ] --START--
INFO: Run Behavior\BuildLiteBehavior [ RunTime:0.000023s ]
INFO: [ app_init ] --END-- [ RunTime:0.000369s ]

[ 2016-03-14T13:59:39+08:00 ] 127.0.0.1 /linux/3-11/index.php/Home/Index/shows/p/5.html
INFO: [ app_init ] --START--
INFO: Run Behavior\BuildLiteBehavior [ RunTime:0.000015s ]
INFO: [ app_init ] --END-- [ RunTime:0.000365s ]

[ 2016-03-14T13:59:41+08:00 ] 127.0.0.1 /linux/3-11/index.php/Home/Index/shows/p/2.html
INFO: [ app_init ] --START--
INFO: Run Behavior\BuildLiteBehavior [ RunTime:0.000016s ]
INFO: [ app_init ] --END-- [ RunTime:0.000384s ]

[ 2016-03-14T14:09:14+08:00 ] 127.0.0.1 /linux/3-11/index.php/Home/Index/shows/p/2.html
INFO: [ app_init ] --START--
INFO: Run Behavior\BuildLiteBehavior [ RunTime:0.000025s ]
INFO: [ app_init ] --END-- [ RunTime:0.000507s ]

[ 2016-03-14T14:09:15+08:00 ] 127.0.0.1 /linux/3-11/index.php/Home/Index/shows/p/2.html
INFO: [ app_init ] --START--
INFO: Run Behavior\BuildLiteBehavior [ RunTime:0.000015s ]
INFO: [ app_init ] --END-- [ RunTime:0.000338s ]

[ 2016-03-14T14:09:17+08:00 ] 127.0.0.1 /linux/3-11/index.php/Home/Index/shows/p/3.html
INFO: [ app_init ] --START--
INFO: Run Behavior\BuildLiteBehavior [ RunTime:0.000023s ]
INFO: [ app_init ] --END-- [ RunTime:0.000533s ]

[ 2016-03-14T14:09:41+08:00 ] 127.0.0.1 /linux/3-11/index.php/Home/Index/shows/p/3.html
INFO: [ app_init ] --START--
INFO: Run Behavior\BuildLiteBehavior [ RunTime:0.000016s ]
INFO: [ app_init ] --END-- [ RunTime:0.000389s ]

[ 2016-03-14T14:09:46+08:00 ] 127.0.0.1 /linux/3-11/index.php/Home/Index/shows/p/4.html
INFO: [ app_init ] --START--
INFO: Run Behavior\BuildLiteBehavior [ RunTime:0.000013s ]
INFO: [ app_init ] --END-- [ RunTime:0.000342s ]

[ 2016-03-14T14:09:50+08:00 ] 127.0.0.1 /linux/3-11/index.php/Home/Index/shows/p/2.html
INFO: [ app_init ] --START--
INFO: Run Behavior\BuildLiteBehavior [ RunTime:0.000013s ]
INFO: [ app_init ] --END-- [ RunTime:0.000300s ]

[ 2016-03-14T14:09:52+08:00 ] 127.0.0.1 /linux/3-11/index.php/Home/Index/shows/p/4.html
INFO: [ app_init ] --START--
INFO: Run Behavior\BuildLiteBehavior [ RunTime:0.000016s ]
INFO: [ app_init ] --END-- [ RunTime:0.000389s ]

[ 2016-03-14T14:10:04+08:00 ] 127.0.0.1 /linux/3-11/index.php/Home/Index/shows/p/4.html
INFO: [ app_init ] --START--
INFO: Run Behavior\BuildLiteBehavior [ RunTime:0.000017s ]
INFO: [ app_init ] --END-- [ RunTime:0.000346s ]

[ 2016-03-14T14:10:05+08:00 ] 127.0.0.1 /linux/3-11/index.php/Home/Index/shows/p/4.html
INFO: [ app_init ] --START--
INFO: Run Behavior\BuildLiteBehavior [ RunTime:0.000013s ]
INFO: [ app_init ] --END-- [ RunTime:0.000407s ]

[ 2016-03-14T14:11:34+08:00 ] 127.0.0.1 /linux/3-11/index.php/Home/Index/shows/p/4.html
INFO: [ app_init ] --START--
INFO: Run Behavior\BuildLiteBehavior [ RunTime:0.000024s ]
INFO: [ app_init ] --END-- [ RunTime:0.000512s ]

[ 2016-03-14T14:11:36+08:00 ] 127.0.0.1 /linux/3-11/index.php/Home/Index/shows/p/1.html
INFO: [ app_init ] --START--
INFO: Run Behavior\BuildLiteBehavior [ RunTime:0.000016s ]
INFO: [ app_init ] --END-- [ RunTime:0.000387s ]

[ 2016-03-14T15:37:17+08:00 ] 127.0.0.1 /linux/3-11/index.php/Home/Index/shows/p/2.html
INFO: [ app_init ] --START--
INFO: Run Behavior\BuildLiteBehavior [ RunTime:0.000025s ]
INFO: [ app_init ] --END-- [ RunTime:0.000489s ]

[ 2016-03-14T15:37:19+08:00 ] 127.0.0.1 /linux/3-11/index.php/Home/Index/shows/p/1.html
INFO: [ app_init ] --START--
INFO: Run Behavior\BuildLiteBehavior [ RunTime:0.000012s ]
INFO: [ app_init ] --END-- [ RunTime:0.000296s ]

[ 2016-03-14T15:37:37+08:00 ] 127.0.0.1 /linux/3-11/index.php/Home/Index/shows/p/1.html
INFO: [ app_init ] --START--
INFO: Run Behavior\BuildLiteBehavior [ RunTime:0.000029s ]
INFO: [ app_init ] --END-- [ RunTime:0.000804s ]

[ 2016-03-14T15:37:54+08:00 ] 127.0.0.1 /linux/3-11/index.php/Home/Index/shows/p/1.html
INFO: [ app_init ] --START--
INFO: Run Behavior\BuildLiteBehavior [ RunTime:0.000069s ]
INFO: [ app_init ] --END-- [ RunTime:0.001021s ]

[ 2016-03-14T15:38:22+08:00 ] 127.0.0.1 /linux/3-11/index.php/Home/Index/shows/p/1.html
INFO: [ app_init ] --START--
INFO: Run Behavior\BuildLiteBehavior [ RunTime:0.000026s ]
INFO: [ app_init ] --END-- [ RunTime:0.000483s ]

[ 2016-03-14T15:38:29+08:00 ] 127.0.0.1 /linux/3-11/index.php/Home/Index/shows/p/2.html
INFO: [ app_init ] --START--
INFO: Run Behavior\BuildLiteBehavior [ RunTime:0.000023s ]
INFO: [ app_init ] --END-- [ RunTime:0.000476s ]

[ 2016-03-14T15:38:32+08:00 ] 127.0.0.1 /linux/3-11/index.php/Home/Index/shows/p/1.html
INFO: [ app_init ] --START--
INFO: Run Behavior\BuildLiteBehavior [ RunTime:0.000016s ]
INFO: [ app_init ] --END-- [ RunTime:0.000386s ]

[ 2016-03-14T15:39:47+08:00 ] 127.0.0.1 /linux/3-11/index.php/Home/Index/shows/p/1.html
INFO: [ app_init ] --START--
INFO: Run Behavior\BuildLiteBehavior [ RunTime:0.000016s ]
INFO: [ app_init ] --END-- [ RunTime:0.000412s ]

[ 2016-03-14T15:42:29+08:00 ] 127.0.0.1 /linux/3-11/index.php/Home/Index/shows/p/1.html
INFO: [ app_init ] --START--
INFO: Run Behavior\BuildLiteBehavior [ RunTime:0.000016s ]
INFO: [ app_init ] --END-- [ RunTime:0.000438s ]

[ 2016-03-14T15:42:31+08:00 ] 127.0.0.1 /linux/3-11/index.php/Home/Index/shows/p/1.html
INFO: [ app_init ] --START--
INFO: Run Behavior\BuildLiteBehavior [ RunTime:0.000014s ]
INFO: [ app_init ] --END-- [ RunTime:0.000332s ]

[ 2016-03-14T15:42:58+08:00 ] 127.0.0.1 /linux/3-11/index.php/Home/Index/add/
INFO: [ app_init ] --START--
INFO: Run Behavior\BuildLiteBehavior [ RunTime:0.000053s ]
INFO: [ app_init ] --END-- [ RunTime:0.004116s ]

[ 2016-03-14T15:42:59+08:00 ] 127.0.0.1 /linux/3-11/index.php/Home/Login/login.html
INFO: [ app_init ] --START--
INFO: Run Behavior\BuildLiteBehavior [ RunTime:0.000023s ]
INFO: [ app_init ] --END-- [ RunTime:0.000578s ]

[ 2016-03-14T15:43:06+08:00 ] 127.0.0.1 /linux/3-11/index.php/Home/Login/check_login
INFO: [ app_init ] --START--
INFO: Run Behavior\BuildLiteBehavior [ RunTime:0.000024s ]
INFO: [ app_init ] --END-- [ RunTime:0.000679s ]

[ 2016-03-14T15:43:08+08:00 ] 127.0.0.1 /linux/3-11/index.php/Home/Index/shows.html
INFO: [ app_init ] --START--
INFO: Run Behavior\BuildLiteBehavior [ RunTime:0.000015s ]
INFO: [ app_init ] --END-- [ RunTime:0.000340s ]

[ 2016-03-14T15:43:35+08:00 ] 127.0.0.1 /linux/3-11/index.php
INFO: [ app_init ] --START--
INFO: Run Behavior\BuildLiteBehavior [ RunTime:0.000025s ]
INFO: [ app_init ] --END-- [ RunTime:0.000738s ]

[ 2016-03-14T15:44:01+08:00 ] 127.0.0.1 /linux/3-11/index.php/Home/Index/add/
INFO: [ app_init ] --START--
INFO: Run Behavior\BuildLiteBehavior [ RunTime:0.000094s ]
INFO: [ app_init ] --END-- [ RunTime:0.000881s ]

[ 2016-03-14T15:44:03+08:00 ] 127.0.0.1 /linux/3-11/index.php/Home/Login/login.html
INFO: [ app_init ] --START--
INFO: Run Behavior\BuildLiteBehavior [ RunTime:0.000022s ]
INFO: [ app_init ] --END-- [ RunTime:0.000516s ]

[ 2016-03-14T15:45:22+08:00 ] 127.0.0.1 /linux/3-11/index.php/Home/Login/check_login
INFO: [ app_init ] --START--
INFO: Run Behavior\BuildLiteBehavior [ RunTime:0.000026s ]
INFO: [ app_init ] --END-- [ RunTime:0.000530s ]

[ 2016-03-14T15:45:34+08:00 ] 127.0.0.1 /linux/3-11/index.php/Home/Login/check_login
INFO: [ app_init ] --START--
INFO: Run Behavior\BuildLiteBehavior [ RunTime:0.000036s ]
INFO: [ app_init ] --END-- [ RunTime:0.000643s ]

[ 2016-03-14T15:45:36+08:00 ] 127.0.0.1 /linux/3-11/index.php/Home/Index/shows.html
INFO: [ app_init ] --START--
INFO: Run Behavior\BuildLiteBehavior [ RunTime:0.000016s ]
INFO: [ app_init ] --END-- [ RunTime:0.000394s ]

[ 2016-03-14T15:46:02+08:00 ] 127.0.0.1 /linux/3-11/index.php/Home/Index/add/
INFO: [ app_init ] --START--
INFO: Run Behavior\BuildLiteBehavior [ RunTime:0.000044s ]
INFO: [ app_init ] --END-- [ RunTime:0.000796s ]

[ 2016-03-14T15:46:04+08:00 ] 127.0.0.1 /linux/3-11/index.php/Home/Login/login.html
INFO: [ app_init ] --START--
INFO: Run Behavior\BuildLiteBehavior [ RunTime:0.000024s ]
INFO: [ app_init ] --END-- [ RunTime:0.000517s ]

[ 2016-03-14T15:51:07+08:00 ] 127.0.0.1 /linux/3-11/index.php/Home/Login/login.html
INFO: [ app_init ] --START--
INFO: Run Behavior\BuildLiteBehavior [ RunTime:0.000018s ]
INFO: [ app_init ] --END-- [ RunTime:0.000445s ]

[ 2016-03-14T15:51:09+08:00 ] 127.0.0.1 /linux/3-11/index.php/Home/Index/login.html
INFO: [ app_init ] --START--
INFO: Run Behavior\BuildLiteBehavior [ RunTime:0.000019s ]
INFO: [ app_init ] --END-- [ RunTime:0.000434s ]
ERR: 模板不存在:./Apps/Home/View/Index/login.html

[ 2016-03-14T15:51:22+08:00 ] 127.0.0.1 /linux/3-11/index.php/Home/Index/add/
INFO: [ app_init ] --START--
INFO: Run Behavior\BuildLiteBehavior [ RunTime:0.000026s ]
INFO: [ app_init ] --END-- [ RunTime:0.000573s ]

[ 2016-03-14T15:51:23+08:00 ] 127.0.0.1 /linux/3-11/index.php/Home/Login/login.html
INFO: [ app_init ] --START--
INFO: Run Behavior\BuildLiteBehavior [ RunTime:0.000022s ]
INFO: [ app_init ] --END-- [ RunTime:0.000524s ]

[ 2016-03-14T15:51:25+08:00 ] 127.0.0.1 /linux/3-11/index.php/Home/Index/login.html
INFO: [ app_init ] --START--
INFO: Run Behavior\BuildLiteBehavior [ RunTime:0.000019s ]
INFO: [ app_init ] --END-- [ RunTime:0.000470s ]
ERR: 模板不存在:./Apps/Home/View/Index/login.html

[ 2016-03-14T23:19:36+08:00 ] 127.0.0.1 /linux/3-11/index.php
INFO: [ app_init ] --START--
INFO: Run Behavior\BuildLiteBehavior [ RunTime:0.000014s ]
INFO: [ app_init ] --END-- [ RunTime:0.000340s ]

[ 2016-03-14T23:23:26+08:00 ] 127.0.0.1 /linux/3-11/index.php
INFO: [ app_init ] --START--
INFO: Run Behavior\BuildLiteBehavior [ RunTime:0.000018s ]
INFO: [ app_init ] --END-- [ RunTime:0.000512s ]

[ 2016-03-14T23:23:30+08:00 ] 127.0.0.1 /linux/3-11/index.php
INFO: [ app_init ] --START--
INFO: Run Behavior\BuildLiteBehavior [ RunTime:0.000015s ]
INFO: [ app_init ] --END-- [ RunTime:0.000387s ]

[ 2016-03-14T23:28:04+08:00 ] 127.0.0.1 /linux/3-11/index.php/Home/Index/add/
INFO: [ app_init ] --START--
INFO: Run Behavior\BuildLiteBehavior [ RunTime:0.000025s ]
INFO: [ app_init ] --END-- [ RunTime:0.000962s ]

[ 2016-03-14T23:28:05+08:00 ] 127.0.0.1 /linux/3-11/index.php/Home/Login/login.html
INFO: [ app_init ] --START--
INFO: Run Behavior\BuildLiteBehavior [ RunTime:0.000024s ]
INFO: [ app_init ] --END-- [ RunTime:0.000576s ]

[ 2016-03-14T23:28:07+08:00 ] 127.0.0.1 /linux/3-11/index.php/Home/Login/Index.html
INFO: [ app_init ] --START--
INFO: Run Behavior\BuildLiteBehavior [ RunTime:0.000027s ]
INFO: [ app_init ] --END-- [ RunTime:0.000674s ]
ERR: 非法操作:Index

[ 2016-03-14T23:29:14+08:00 ] 127.0.0.1 /linux/3-11/index.php/Home/Login/Index.html
INFO: [ app_init ] --START--
INFO: Run Behavior\BuildLiteBehavior [ RunTime:0.000025s ]
INFO: [ app_init ] --END-- [ RunTime:0.000608s ]
ERR: 非法操作:Index

[ 2016-03-14T23:29:15+08:00 ] 127.0.0.1 /linux/3-11/index.php/Home/Login/Index.html
INFO: [ app_init ] --START--
INFO: Run Behavior\BuildLiteBehavior [ RunTime:0.000016s ]
INFO: [ app_init ] --END-- [ RunTime:0.000446s ]
ERR: 非法操作:Index

[ 2016-03-14T23:29:16+08:00 ] 127.0.0.1 /linux/3-11/index.php/Home/Login/Index.html
INFO: [ app_init ] --START--
INFO: Run Behavior\BuildLiteBehavior [ RunTime:0.000026s ]
INFO: [ app_init ] --END-- [ RunTime:0.000627s ]
ERR: 非法操作:Index

[ 2016-03-14T23:29:19+08:00 ] 127.0.0.1 /linux/3-11/index.php/Home/Login/login.html
INFO: [ app_init ] --START--
INFO: Run Behavior\BuildLiteBehavior [ RunTime:0.000035s ]
INFO: [ app_init ] --END-- [ RunTime:0.000709s ]

[ 2016-03-14T23:29:28+08:00 ] 127.0.0.1 /linux/3-11/index.php/Home/Login/check_login
INFO: [ app_init ] --START--
INFO: Run Behavior\BuildLiteBehavior [ RunTime:0.000024s ]
INFO: [ app_init ] --END-- [ RunTime:0.000474s ]

[ 2016-03-14T23:29:30+08:00 ] 127.0.0.1 /linux/3-11/index.php/Home/Index/shows.html
INFO: [ app_init ] --START--
INFO: Run Behavior\BuildLiteBehavior [ RunTime:0.000101s ]
INFO: [ app_init ] --END-- [ RunTime:0.001286s ]

