[ 2016-04-12T07:18:27+08:00 ] 127.0.0.1 /linux/mouth4/index.php
INFO: [ app_init ] --START--
INFO: Run Behavior\BuildLiteBehavior [ RunTime:0.000019s ]
INFO: [ app_init ] --END-- [ RunTime:0.015970s ]
INFO: [ app_begin ] --START--
INFO: Run Behavior\ReadHtmlCacheBehavior [ RunTime:0.014716s ]
INFO: [ app_begin ] --END-- [ RunTime:0.014800s ]
NOTIC: [2048] Declaration of Home\Controller\IndexController::show() should be compatible with that of Think\Controller::show() D:\web\apache\htdocs\linux\mouth4\Apps\Home\Controller\IndexController.class.php 第 4 行.

[ 2016-04-12T07:18:29+08:00 ] 127.0.0.1 /linux/mouth4/index.php/Home/Login/login.html
INFO: [ app_init ] --START--
INFO: Run Behavior\BuildLiteBehavior [ RunTime:0.000036s ]
INFO: [ app_init ] --END-- [ RunTime:0.000776s ]
INFO: [ app_begin ] --START--
INFO: Run Behavior\ReadHtmlCacheBehavior [ RunTime:0.000869s ]
INFO: [ app_begin ] --END-- [ RunTime:0.001010s ]
INFO: [ view_parse ] --START--
INFO: [ template_filter ] --START--
INFO: Run Behavior\ContentReplaceBehavior [ RunTime:0.000062s ]
INFO: [ template_filter ] --END-- [ RunTime:0.000178s ]
INFO: Run Behavior\ParseTemplateBehavior [ RunTime:0.059826s ]
INFO: [ view_parse ] --END-- [ RunTime:0.060011s ]
INFO: [ view_filter ] --START--
INFO: Run Behavior\WriteHtmlCacheBehavior [ RunTime:0.007178s ]
INFO: [ view_filter ] --END-- [ RunTime:0.007442s ]
INFO: [ app_end ] --START--
INFO: Run Behavior\ShowPageTraceBehavior [ RunTime:0.008933s ]
INFO: [ app_end ] --END-- [ RunTime:0.009152s ]

[ 2016-04-12T07:18:35+08:00 ] 127.0.0.1 /linux/mouth4/index.php/Home/Login/login_check.html
INFO: [ app_init ] --START--
INFO: Run Behavior\BuildLiteBehavior [ RunTime:0.000032s ]
INFO: [ app_init ] --END-- [ RunTime:0.000607s ]
INFO: [ app_begin ] --START--
INFO: Run Behavior\ReadHtmlCacheBehavior [ RunTime:0.000938s ]
INFO: [ app_begin ] --END-- [ RunTime:0.001116s ]
SQL: SHOW COLUMNS FROM `login` [ RunTime:0.0346s ]
SQL: SELECT * FROM `login` WHERE ( username='张三' )  [ RunTime:0.0010s ]
SQL: SELECT * FROM `login` WHERE ( pwd='123' )  [ RunTime:0.0003s ]

[ 2016-04-12T07:18:35+08:00 ] 127.0.0.1 /linux/mouth4/index.php/Home/Index/add.html
INFO: [ app_init ] --START--
INFO: Run Behavior\BuildLiteBehavior [ RunTime:0.000015s ]
INFO: [ app_init ] --END-- [ RunTime:0.000363s ]
INFO: [ app_begin ] --START--
INFO: Run Behavior\ReadHtmlCacheBehavior [ RunTime:0.000750s ]
INFO: [ app_begin ] --END-- [ RunTime:0.000859s ]
NOTIC: [2048] Declaration of Home\Controller\IndexController::show() should be compatible with that of Think\Controller::show() D:\web\apache\htdocs\linux\mouth4\Apps\Home\Controller\IndexController.class.php 第 4 行.
INFO: [ view_parse ] --START--
INFO: [ template_filter ] --START--
INFO: Run Behavior\ContentReplaceBehavior [ RunTime:0.000048s ]
INFO: [ template_filter ] --END-- [ RunTime:0.000110s ]
INFO: Run Behavior\ParseTemplateBehavior [ RunTime:0.033307s ]
INFO: [ view_parse ] --END-- [ RunTime:0.033431s ]
INFO: [ view_filter ] --START--
INFO: Run Behavior\WriteHtmlCacheBehavior [ RunTime:0.000252s ]
INFO: [ view_filter ] --END-- [ RunTime:0.000297s ]
INFO: [ app_end ] --START--
INFO: Run Behavior\ShowPageTraceBehavior [ RunTime:0.000495s ]
INFO: [ app_end ] --END-- [ RunTime:0.000545s ]

[ 2016-04-12T07:18:51+08:00 ] 127.0.0.1 /linux/mouth4/index.php/Home/Index/up
INFO: [ app_init ] --START--
INFO: Run Behavior\BuildLiteBehavior [ RunTime:0.000017s ]
INFO: [ app_init ] --END-- [ RunTime:0.000421s ]
INFO: [ app_begin ] --START--
INFO: Run Behavior\ReadHtmlCacheBehavior [ RunTime:0.000893s ]
INFO: [ app_begin ] --END-- [ RunTime:0.001007s ]
NOTIC: [2048] Declaration of Home\Controller\IndexController::show() should be compatible with that of Think\Controller::show() D:\web\apache\htdocs\linux\mouth4\Apps\Home\Controller\IndexController.class.php 第 4 行.
NOTIC: [2048] Declaration of Home\Model\BiaoModel::add() should be compatible with that of Think\Model::add() D:\web\apache\htdocs\linux\mouth4\Apps\Home\Model\BiaoModel.class.php 第 4 行.
SQL: SHOW COLUMNS FROM `biao` [ RunTime:0.1053s ]
SQL: SHOW COLUMNS FROM `biao` [ RunTime:0.0052s ]
SQL: INSERT INTO `biao` (`m_username`,`m_type`,`m_why`,`m_score`,`m_class`,`m_statue`,`m_user`) VALUES ('张淼','减分','上课打游戏','2','软工学院','0','张三') [ RunTime:0.0292s ]
INFO: [ view_parse ] --START--
INFO: [ template_filter ] --START--
INFO: Run Behavior\ContentReplaceBehavior [ RunTime:0.000046s ]
INFO: [ template_filter ] --END-- [ RunTime:0.000115s ]
INFO: Run Behavior\ParseTemplateBehavior [ RunTime:0.014618s ]
INFO: [ view_parse ] --END-- [ RunTime:0.014714s ]
INFO: [ view_filter ] --START--
INFO: Run Behavior\WriteHtmlCacheBehavior [ RunTime:0.000267s ]
INFO: [ view_filter ] --END-- [ RunTime:0.000332s ]
INFO: [ app_end ] --START--
INFO: Run Behavior\ShowPageTraceBehavior [ RunTime:0.000476s ]
INFO: [ app_end ] --END-- [ RunTime:0.000534s ]

[ 2016-04-12T07:18:52+08:00 ] 127.0.0.1 /linux/mouth4/index.php/Home/Index/show.html
INFO: [ app_init ] --START--
INFO: Run Behavior\BuildLiteBehavior [ RunTime:0.000018s ]
INFO: [ app_init ] --END-- [ RunTime:0.000477s ]
INFO: [ app_begin ] --START--
INFO: Run Behavior\ReadHtmlCacheBehavior [ RunTime:0.000708s ]
INFO: [ app_begin ] --END-- [ RunTime:0.000811s ]
NOTIC: [2048] Declaration of Home\Controller\IndexController::show() should be compatible with that of Think\Controller::show() D:\web\apache\htdocs\linux\mouth4\Apps\Home\Controller\IndexController.class.php 第 4 行.
SQL: SHOW COLUMNS FROM `biao` [ RunTime:0.0054s ]
SQL: SELECT * FROM `biao` WHERE `m_user` = '张三'  [ RunTime:0.0007s ]
INFO: [ view_parse ] --START--
INFO: [ template_filter ] --START--
INFO: Run Behavior\ContentReplaceBehavior [ RunTime:0.000072s ]
INFO: [ template_filter ] --END-- [ RunTime:0.000157s ]
INFO: Run Behavior\ParseTemplateBehavior [ RunTime:0.047304s ]
INFO: [ view_parse ] --END-- [ RunTime:0.047395s ]
INFO: [ view_filter ] --START--
INFO: Run Behavior\WriteHtmlCacheBehavior [ RunTime:0.000334s ]
INFO: [ view_filter ] --END-- [ RunTime:0.000413s ]
INFO: [ app_end ] --START--
INFO: Run Behavior\ShowPageTraceBehavior [ RunTime:0.001053s ]
INFO: [ app_end ] --END-- [ RunTime:0.001155s ]

[ 2016-04-12T07:20:45+08:00 ] 127.0.0.1 /linux/mouth4/index.php/Home/Index/update1/id/3
INFO: [ app_init ] --START--
INFO: Run Behavior\BuildLiteBehavior [ RunTime:0.000023s ]
INFO: [ app_init ] --END-- [ RunTime:0.000578s ]
INFO: [ app_begin ] --START--
INFO: Run Behavior\ReadHtmlCacheBehavior [ RunTime:0.000649s ]
INFO: [ app_begin ] --END-- [ RunTime:0.000727s ]
NOTIC: [2048] Declaration of Home\Controller\IndexController::show() should be compatible with that of Think\Controller::show() D:\web\apache\htdocs\linux\mouth4\Apps\Home\Controller\IndexController.class.php 第 4 行.
SQL: SHOW COLUMNS FROM `biao` [ RunTime:0.0045s ]
SQL: UPDATE `biao` SET `m_statue`='2' WHERE `u_id` = 3 [ RunTime:0.0580s ]

[ 2016-04-12T07:20:46+08:00 ] 127.0.0.1 /linux/mouth4/index.php/Home/Index/show.html
INFO: [ app_init ] --START--
INFO: Run Behavior\BuildLiteBehavior [ RunTime:0.000016s ]
INFO: [ app_init ] --END-- [ RunTime:0.000381s ]
INFO: [ app_begin ] --START--
INFO: Run Behavior\ReadHtmlCacheBehavior [ RunTime:0.000516s ]
INFO: [ app_begin ] --END-- [ RunTime:0.000584s ]
NOTIC: [2048] Declaration of Home\Controller\IndexController::show() should be compatible with that of Think\Controller::show() D:\web\apache\htdocs\linux\mouth4\Apps\Home\Controller\IndexController.class.php 第 4 行.
SQL: SHOW COLUMNS FROM `biao` [ RunTime:0.0056s ]
SQL: SELECT * FROM `biao` WHERE `m_user` = '张三'  [ RunTime:0.0009s ]
INFO: [ view_parse ] --START--
INFO: [ template_filter ] --START--
INFO: Run Behavior\ContentReplaceBehavior [ RunTime:0.000053s ]
INFO: [ template_filter ] --END-- [ RunTime:0.000112s ]
INFO: Run Behavior\ParseTemplateBehavior [ RunTime:0.008068s ]
INFO: [ view_parse ] --END-- [ RunTime:0.008173s ]
INFO: [ view_filter ] --START--
INFO: Run Behavior\WriteHtmlCacheBehavior [ RunTime:0.000332s ]
INFO: [ view_filter ] --END-- [ RunTime:0.000390s ]
INFO: [ app_end ] --START--
INFO: Run Behavior\ShowPageTraceBehavior [ RunTime:0.000891s ]
INFO: [ app_end ] --END-- [ RunTime:0.000974s ]

[ 2016-04-12T07:20:53+08:00 ] 127.0.0.1 /linux/mouth4/index.php/Home/Index/show.html
INFO: [ app_init ] --START--
INFO: Run Behavior\BuildLiteBehavior [ RunTime:0.000015s ]
INFO: [ app_init ] --END-- [ RunTime:0.000379s ]
INFO: [ app_begin ] --START--
INFO: Run Behavior\ReadHtmlCacheBehavior [ RunTime:0.000516s ]
INFO: [ app_begin ] --END-- [ RunTime:0.000578s ]
NOTIC: [2048] Declaration of Home\Controller\IndexController::show() should be compatible with that of Think\Controller::show() D:\web\apache\htdocs\linux\mouth4\Apps\Home\Controller\IndexController.class.php 第 4 行.
SQL: SHOW COLUMNS FROM `biao` [ RunTime:0.0061s ]
SQL: SELECT * FROM `biao` WHERE `m_user` = '张三'  [ RunTime:0.0010s ]
INFO: [ view_parse ] --START--
INFO: [ template_filter ] --START--
INFO: Run Behavior\ContentReplaceBehavior [ RunTime:0.000082s ]
INFO: [ template_filter ] --END-- [ RunTime:0.000196s ]
INFO: Run Behavior\ParseTemplateBehavior [ RunTime:0.009030s ]
INFO: [ view_parse ] --END-- [ RunTime:0.009145s ]
INFO: [ view_filter ] --START--
INFO: Run Behavior\WriteHtmlCacheBehavior [ RunTime:0.000239s ]
INFO: [ view_filter ] --END-- [ RunTime:0.000307s ]
INFO: [ app_end ] --START--
INFO: Run Behavior\ShowPageTraceBehavior [ RunTime:0.000678s ]
INFO: [ app_end ] --END-- [ RunTime:0.000754s ]

[ 2016-04-12T07:20:59+08:00 ] 127.0.0.1 /linux/mouth4/index.php/Home/Index/show.html
INFO: [ app_init ] --START--
INFO: Run Behavior\BuildLiteBehavior [ RunTime:0.000013s ]
INFO: [ app_init ] --END-- [ RunTime:0.000411s ]
INFO: [ app_begin ] --START--
INFO: Run Behavior\ReadHtmlCacheBehavior [ RunTime:0.000562s ]
INFO: [ app_begin ] --END-- [ RunTime:0.000619s ]
NOTIC: [2048] Declaration of Home\Controller\IndexController::show() should be compatible with that of Think\Controller::show() D:\web\apache\htdocs\linux\mouth4\Apps\Home\Controller\IndexController.class.php 第 4 行.
SQL: SHOW COLUMNS FROM `biao` [ RunTime:0.0050s ]
SQL: SELECT * FROM `biao` WHERE `m_user` = '张三'  [ RunTime:0.0009s ]
INFO: [ view_parse ] --START--
INFO: [ template_filter ] --START--
INFO: Run Behavior\ContentReplaceBehavior [ RunTime:0.000061s ]
INFO: [ template_filter ] --END-- [ RunTime:0.000135s ]
INFO: Run Behavior\ParseTemplateBehavior [ RunTime:0.009043s ]
INFO: [ view_parse ] --END-- [ RunTime:0.009138s ]
INFO: [ view_filter ] --START--
INFO: Run Behavior\WriteHtmlCacheBehavior [ RunTime:0.000261s ]
INFO: [ view_filter ] --END-- [ RunTime:0.000313s ]
INFO: [ app_end ] --START--
INFO: Run Behavior\ShowPageTraceBehavior [ RunTime:0.000718s ]
INFO: [ app_end ] --END-- [ RunTime:0.000795s ]

[ 2016-04-12T07:21:03+08:00 ] 127.0.0.1 /linux/mouth4/index.php/Home/Index/show.html
INFO: [ app_init ] --START--
INFO: Run Behavior\BuildLiteBehavior [ RunTime:0.000014s ]
INFO: [ app_init ] --END-- [ RunTime:0.000339s ]
INFO: [ app_begin ] --START--
INFO: Run Behavior\ReadHtmlCacheBehavior [ RunTime:0.000507s ]
INFO: [ app_begin ] --END-- [ RunTime:0.000576s ]
NOTIC: [2048] Declaration of Home\Controller\IndexController::show() should be compatible with that of Think\Controller::show() D:\web\apache\htdocs\linux\mouth4\Apps\Home\Controller\IndexController.class.php 第 4 行.
SQL: SHOW COLUMNS FROM `biao` [ RunTime:0.0044s ]
SQL: SELECT * FROM `biao` WHERE `m_user` = '张三'  [ RunTime:0.0008s ]
INFO: [ view_parse ] --START--
INFO: [ template_filter ] --START--
INFO: Run Behavior\ContentReplaceBehavior [ RunTime:0.000060s ]
INFO: [ template_filter ] --END-- [ RunTime:0.000134s ]
INFO: Run Behavior\ParseTemplateBehavior [ RunTime:0.007771s ]
INFO: [ view_parse ] --END-- [ RunTime:0.007863s ]
INFO: [ view_filter ] --START--
INFO: Run Behavior\WriteHtmlCacheBehavior [ RunTime:0.000236s ]
INFO: [ view_filter ] --END-- [ RunTime:0.000291s ]
INFO: [ app_end ] --START--
INFO: Run Behavior\ShowPageTraceBehavior [ RunTime:0.000794s ]
INFO: [ app_end ] --END-- [ RunTime:0.000941s ]

[ 2016-04-12T07:21:10+08:00 ] 127.0.0.1 /linux/mouth4/index.php/Home/Index/show.html
INFO: [ app_init ] --START--
INFO: Run Behavior\BuildLiteBehavior [ RunTime:0.000022s ]
INFO: [ app_init ] --END-- [ RunTime:0.000520s ]
INFO: [ app_begin ] --START--
INFO: Run Behavior\ReadHtmlCacheBehavior [ RunTime:0.001498s ]
INFO: [ app_begin ] --END-- [ RunTime:0.001651s ]
NOTIC: [2048] Declaration of Home\Controller\IndexController::show() should be compatible with that of Think\Controller::show() D:\web\apache\htdocs\linux\mouth4\Apps\Home\Controller\IndexController.class.php 第 4 行.
SQL: SHOW COLUMNS FROM `biao` [ RunTime:0.0065s ]
SQL: SELECT * FROM `biao` WHERE `m_user` = '张三'  [ RunTime:0.0011s ]
INFO: [ view_parse ] --START--
INFO: [ template_filter ] --START--
INFO: Run Behavior\ContentReplaceBehavior [ RunTime:0.000093s ]
INFO: [ template_filter ] --END-- [ RunTime:0.000200s ]
INFO: Run Behavior\ParseTemplateBehavior [ RunTime:0.009907s ]
INFO: [ view_parse ] --END-- [ RunTime:0.010017s ]
INFO: [ view_filter ] --START--
INFO: Run Behavior\WriteHtmlCacheBehavior [ RunTime:0.000313s ]
INFO: [ view_filter ] --END-- [ RunTime:0.000390s ]
INFO: [ app_end ] --START--
INFO: Run Behavior\ShowPageTraceBehavior [ RunTime:0.000845s ]
INFO: [ app_end ] --END-- [ RunTime:0.000976s ]

