[ 2016-03-20T09:58:36+08:00 ] 127.0.0.1 /linux/zhoukao1/index.php
INFO: [ app_init ] --START--
INFO: Run Behavior\BuildLiteBehavior [ RunTime:0.000014s ]
INFO: [ app_init ] --END-- [ RunTime:0.000440s ]

[ 2016-03-20T10:06:26+08:00 ] 127.0.0.1 /linux/zhoukao1/index.php
INFO: [ app_init ] --START--
INFO: Run Behavior\BuildLiteBehavior [ RunTime:0.000030s ]
INFO: [ app_init ] --END-- [ RunTime:0.000625s ]

[ 2016-03-20T10:08:04+08:00 ] 127.0.0.1 /linux/zhoukao1/index.php
INFO: [ app_init ] --START--
INFO: Run Behavior\BuildLiteBehavior [ RunTime:0.000015s ]
INFO: [ app_init ] --END-- [ RunTime:0.000504s ]

[ 2016-03-20T10:08:05+08:00 ] 127.0.0.1 /linux/zhoukao1/index.php
INFO: [ app_init ] --START--
INFO: Run Behavior\BuildLiteBehavior [ RunTime:0.000015s ]
INFO: [ app_init ] --END-- [ RunTime:0.000422s ]

[ 2016-03-20T10:08:05+08:00 ] 127.0.0.1 /linux/zhoukao1/index.php
INFO: [ app_init ] --START--
INFO: Run Behavior\BuildLiteBehavior [ RunTime:0.000018s ]
INFO: [ app_init ] --END-- [ RunTime:0.000515s ]

[ 2016-03-20T10:08:09+08:00 ] 127.0.0.1 /linux/zhoukao1/index.php
INFO: [ app_init ] --START--
INFO: Run Behavior\BuildLiteBehavior [ RunTime:0.000026s ]
INFO: [ app_init ] --END-- [ RunTime:0.000608s ]

[ 2016-03-20T10:08:28+08:00 ] 127.0.0.1 /linux/zhoukao1/index.php
INFO: [ app_init ] --START--
INFO: Run Behavior\BuildLiteBehavior [ RunTime:0.000017s ]
INFO: [ app_init ] --END-- [ RunTime:0.000400s ]

[ 2016-03-20T10:08:29+08:00 ] 127.0.0.1 /linux/zhoukao1/index.php
INFO: [ app_init ] --START--
INFO: Run Behavior\BuildLiteBehavior [ RunTime:0.000018s ]
INFO: [ app_init ] --END-- [ RunTime:0.000447s ]

[ 2016-03-20T10:08:31+08:00 ] 127.0.0.1 /linux/zhoukao1/index.php
INFO: [ app_init ] --START--
INFO: Run Behavior\BuildLiteBehavior [ RunTime:0.000015s ]
INFO: [ app_init ] --END-- [ RunTime:0.000382s ]

[ 2016-03-20T10:08:50+08:00 ] 127.0.0.1 /linux/zhoukao1/index.php
INFO: [ app_init ] --START--
INFO: Run Behavior\BuildLiteBehavior [ RunTime:0.000022s ]
INFO: [ app_init ] --END-- [ RunTime:0.000580s ]

[ 2016-03-20T10:08:51+08:00 ] 127.0.0.1 /linux/zhoukao1/index.php
INFO: [ app_init ] --START--
INFO: Run Behavior\BuildLiteBehavior [ RunTime:0.000016s ]
INFO: [ app_init ] --END-- [ RunTime:0.000387s ]

[ 2016-03-20T10:15:24+08:00 ] 127.0.0.1 /linux/zhoukao1/index.php
INFO: [ app_init ] --START--
INFO: Run Behavior\BuildLiteBehavior [ RunTime:0.000017s ]
INFO: [ app_init ] --END-- [ RunTime:0.000461s ]
ERR: Think\Model:show方法不存在！

[ 2016-03-20T10:16:25+08:00 ] 127.0.0.1 /linux/zhoukao1/index.php
INFO: [ app_init ] --START--
INFO: Run Behavior\BuildLiteBehavior [ RunTime:0.000019s ]
INFO: [ app_init ] --END-- [ RunTime:0.000558s ]

[ 2016-03-20T10:16:58+08:00 ] 127.0.0.1 /linux/zhoukao1/index.php
INFO: [ app_init ] --START--
INFO: Run Behavior\BuildLiteBehavior [ RunTime:0.000021s ]
INFO: [ app_init ] --END-- [ RunTime:0.000608s ]

[ 2016-03-20T10:17:06+08:00 ] 127.0.0.1 /linux/zhoukao1/index.php
INFO: [ app_init ] --START--
INFO: Run Behavior\BuildLiteBehavior [ RunTime:0.000015s ]
INFO: [ app_init ] --END-- [ RunTime:0.000406s ]

[ 2016-03-20T10:18:08+08:00 ] 127.0.0.1 /linux/zhoukao1/index.php
INFO: [ app_init ] --START--
INFO: Run Behavior\BuildLiteBehavior [ RunTime:0.000031s ]
INFO: [ app_init ] --END-- [ RunTime:0.000658s ]

[ 2016-03-20T10:19:47+08:00 ] 127.0.0.1 /linux/zhoukao1/index.php
INFO: [ app_init ] --START--
INFO: Run Behavior\BuildLiteBehavior [ RunTime:0.000015s ]
INFO: [ app_init ] --END-- [ RunTime:0.000364s ]

[ 2016-03-20T10:19:58+08:00 ] 127.0.0.1 /linux/zhoukao1/index.php
INFO: [ app_init ] --START--
INFO: Run Behavior\BuildLiteBehavior [ RunTime:0.000017s ]
INFO: [ app_init ] --END-- [ RunTime:0.000599s ]

[ 2016-03-20T10:20:37+08:00 ] 127.0.0.1 /linux/zhoukao1/index.php
INFO: [ app_init ] --START--
INFO: Run Behavior\BuildLiteBehavior [ RunTime:0.000016s ]
INFO: [ app_init ] --END-- [ RunTime:0.000441s ]

[ 2016-03-20T10:20:39+08:00 ] 127.0.0.1 /linux/zhoukao1/index.php
INFO: [ app_init ] --START--
INFO: Run Behavior\BuildLiteBehavior [ RunTime:0.000029s ]
INFO: [ app_init ] --END-- [ RunTime:0.001064s ]

[ 2016-03-20T10:21:28+08:00 ] 127.0.0.1 /linux/zhoukao1/index.php
INFO: [ app_init ] --START--
INFO: Run Behavior\BuildLiteBehavior [ RunTime:0.000017s ]
INFO: [ app_init ] --END-- [ RunTime:0.000701s ]

[ 2016-03-20T10:21:30+08:00 ] 127.0.0.1 /linux/zhoukao1/index.php
INFO: [ app_init ] --START--
INFO: Run Behavior\BuildLiteBehavior [ RunTime:0.000019s ]
INFO: [ app_init ] --END-- [ RunTime:0.000418s ]

[ 2016-03-20T10:22:26+08:00 ] 127.0.0.1 /linux/zhoukao1/index.php
INFO: [ app_init ] --START--
INFO: Run Behavior\BuildLiteBehavior [ RunTime:0.000018s ]
INFO: [ app_init ] --END-- [ RunTime:0.000551s ]

[ 2016-03-20T10:23:45+08:00 ] 127.0.0.1 /linux/zhoukao1/index.php
INFO: [ app_init ] --START--
INFO: Run Behavior\BuildLiteBehavior [ RunTime:0.000016s ]
INFO: [ app_init ] --END-- [ RunTime:0.000435s ]

[ 2016-03-20T10:23:54+08:00 ] 127.0.0.1 /linux/zhoukao1/index.php/Home/Index/add/
INFO: [ app_init ] --START--
INFO: Run Behavior\BuildLiteBehavior [ RunTime:0.000023s ]
INFO: [ app_init ] --END-- [ RunTime:0.000665s ]

[ 2016-03-20T10:23:55+08:00 ] 127.0.0.1 /linux/zhoukao1/index.php/Home/Index/show.html
INFO: [ app_init ] --START--
INFO: Run Behavior\BuildLiteBehavior [ RunTime:0.000022s ]
INFO: [ app_init ] --END-- [ RunTime:0.000701s ]

[ 2016-03-20T10:24:42+08:00 ] 127.0.0.1 /linux/zhoukao1/index.php/Home/Index/show.html
INFO: [ app_init ] --START--
INFO: Run Behavior\BuildLiteBehavior [ RunTime:0.000024s ]
INFO: [ app_init ] --END-- [ RunTime:0.000786s ]

[ 2016-03-20T10:24:46+08:00 ] 127.0.0.1 /linux/zhoukao1/index.php
INFO: [ app_init ] --START--
INFO: Run Behavior\BuildLiteBehavior [ RunTime:0.000024s ]
INFO: [ app_init ] --END-- [ RunTime:0.000557s ]

[ 2016-03-20T10:24:53+08:00 ] 127.0.0.1 /linux/zhoukao1/index.php/Home/Index/add/
INFO: [ app_init ] --START--
INFO: Run Behavior\BuildLiteBehavior [ RunTime:0.000023s ]
INFO: [ app_init ] --END-- [ RunTime:0.000891s ]

[ 2016-03-20T10:24:54+08:00 ] 127.0.0.1 /linux/zhoukao1/index.php/Home/Index/show.html
INFO: [ app_init ] --START--
INFO: Run Behavior\BuildLiteBehavior [ RunTime:0.000033s ]
INFO: [ app_init ] --END-- [ RunTime:0.000787s ]

[ 2016-03-20T10:25:24+08:00 ] 127.0.0.1 /linux/zhoukao1/index.php/Home/Index/show.html
INFO: [ app_init ] --START--
INFO: Run Behavior\BuildLiteBehavior [ RunTime:0.000020s ]
INFO: [ app_init ] --END-- [ RunTime:0.000600s ]

[ 2016-03-20T10:31:47+08:00 ] 127.0.0.1 /linux/zhoukao1/index.php
INFO: [ app_init ] --START--
INFO: Run Behavior\BuildLiteBehavior [ RunTime:0.000016s ]
INFO: [ app_init ] --END-- [ RunTime:0.000509s ]

[ 2016-03-20T10:31:55+08:00 ] 127.0.0.1 /linux/zhoukao1/index.php/Home/Index/add/
INFO: [ app_init ] --START--
INFO: Run Behavior\BuildLiteBehavior [ RunTime:0.000017s ]
INFO: [ app_init ] --END-- [ RunTime:0.000400s ]

[ 2016-03-20T10:31:56+08:00 ] 127.0.0.1 /linux/zhoukao1/index.php/Home/Index/show.html
INFO: [ app_init ] --START--
INFO: Run Behavior\BuildLiteBehavior [ RunTime:0.000025s ]
INFO: [ app_init ] --END-- [ RunTime:0.000579s ]

[ 2016-03-20T10:34:36+08:00 ] 127.0.0.1 /linux/zhoukao1/index.php/Home/Index/show.html
INFO: [ app_init ] --START--
INFO: Run Behavior\BuildLiteBehavior [ RunTime:0.000014s ]
INFO: [ app_init ] --END-- [ RunTime:0.000411s ]

[ 2016-03-20T10:34:39+08:00 ] 127.0.0.1 /linux/zhoukao1/index.php/Home/Index/delete/timu_id/16
INFO: [ app_init ] --START--
INFO: Run Behavior\BuildLiteBehavior [ RunTime:0.000017s ]
INFO: [ app_init ] --END-- [ RunTime:0.000392s ]

[ 2016-03-20T10:34:40+08:00 ] 127.0.0.1 /linux/zhoukao1/index.php/Home/Index/show.html
INFO: [ app_init ] --START--
INFO: Run Behavior\BuildLiteBehavior [ RunTime:0.000035s ]
INFO: [ app_init ] --END-- [ RunTime:0.000908s ]

[ 2016-03-20T10:34:44+08:00 ] 127.0.0.1 /linux/zhoukao1/index.php
INFO: [ app_init ] --START--
INFO: Run Behavior\BuildLiteBehavior [ RunTime:0.000023s ]
INFO: [ app_init ] --END-- [ RunTime:0.000569s ]

[ 2016-03-20T10:34:52+08:00 ] 127.0.0.1 /linux/zhoukao1/index.php/Home/Index/add/
INFO: [ app_init ] --START--
INFO: Run Behavior\BuildLiteBehavior [ RunTime:0.000018s ]
INFO: [ app_init ] --END-- [ RunTime:0.000443s ]

[ 2016-03-20T10:34:54+08:00 ] 127.0.0.1 /linux/zhoukao1/index.php/Home/Index/show.html
INFO: [ app_init ] --START--
INFO: Run Behavior\BuildLiteBehavior [ RunTime:0.000033s ]
INFO: [ app_init ] --END-- [ RunTime:0.001305s ]

[ 2016-03-20T10:35:25+08:00 ] 127.0.0.1 /linux/zhoukao1/index.php
INFO: [ app_init ] --START--
INFO: Run Behavior\BuildLiteBehavior [ RunTime:0.000026s ]
INFO: [ app_init ] --END-- [ RunTime:0.000599s ]

[ 2016-03-20T10:35:30+08:00 ] 127.0.0.1 /linux/zhoukao1/index.php/Home/Index/add/
INFO: [ app_init ] --START--
INFO: Run Behavior\BuildLiteBehavior [ RunTime:0.000023s ]
INFO: [ app_init ] --END-- [ RunTime:0.000970s ]

[ 2016-03-20T10:35:31+08:00 ] 127.0.0.1 /linux/zhoukao1/index.php/Home/Index/show.html
INFO: [ app_init ] --START--
INFO: Run Behavior\BuildLiteBehavior [ RunTime:0.000029s ]
INFO: [ app_init ] --END-- [ RunTime:0.000671s ]

[ 2016-03-20T10:38:57+08:00 ] 127.0.0.1 /linux/zhoukao1/index.php/Home/Index/show.html
INFO: [ app_init ] --START--
INFO: Run Behavior\BuildLiteBehavior [ RunTime:0.000035s ]
INFO: [ app_init ] --END-- [ RunTime:0.000981s ]

[ 2016-03-20T10:38:59+08:00 ] 127.0.0.1 /linux/zhoukao1/index.php/Home/Index/show.html
INFO: [ app_init ] --START--
INFO: Run Behavior\BuildLiteBehavior [ RunTime:0.000016s ]
INFO: [ app_init ] --END-- [ RunTime:0.000351s ]

[ 2016-03-20T10:38:59+08:00 ] 127.0.0.1 /linux/zhoukao1/index.php/Home/Index/show.html
INFO: [ app_init ] --START--
INFO: Run Behavior\BuildLiteBehavior [ RunTime:0.000025s ]
INFO: [ app_init ] --END-- [ RunTime:0.000456s ]

[ 2016-03-20T10:39:00+08:00 ] 127.0.0.1 /linux/zhoukao1/index.php/Home/Index/show.html
INFO: [ app_init ] --START--
INFO: Run Behavior\BuildLiteBehavior [ RunTime:0.000028s ]
INFO: [ app_init ] --END-- [ RunTime:0.000587s ]

[ 2016-03-20T10:42:30+08:00 ] 127.0.0.1 /linux/zhoukao1/index.php/Home/Index/show.html
INFO: [ app_init ] --START--
INFO: Run Behavior\BuildLiteBehavior [ RunTime:0.000017s ]
INFO: [ app_init ] --END-- [ RunTime:0.000451s ]

[ 2016-03-20T10:42:30+08:00 ] 127.0.0.1 /linux/zhoukao1/index.php/Home/Index/show.html
INFO: [ app_init ] --START--
INFO: Run Behavior\BuildLiteBehavior [ RunTime:0.000018s ]
INFO: [ app_init ] --END-- [ RunTime:0.000395s ]

[ 2016-03-20T10:42:32+08:00 ] 127.0.0.1 /linux/zhoukao1/index.php/Home/Index/show.html
INFO: [ app_init ] --START--
INFO: Run Behavior\BuildLiteBehavior [ RunTime:0.000025s ]
INFO: [ app_init ] --END-- [ RunTime:0.000577s ]

[ 2016-03-20T10:42:34+08:00 ] 127.0.0.1 /linux/zhoukao1/index.php/Home/Index/answer/id/20
INFO: [ app_init ] --START--
INFO: Run Behavior\BuildLiteBehavior [ RunTime:0.000014s ]
INFO: [ app_init ] --END-- [ RunTime:0.000348s ]

[ 2016-03-20T10:48:05+08:00 ] 127.0.0.1 /linux/zhoukao1/index.php/Home/Index/show.html
INFO: [ app_init ] --START--
INFO: Run Behavior\BuildLiteBehavior [ RunTime:0.000032s ]
INFO: [ app_init ] --END-- [ RunTime:0.000850s ]

[ 2016-03-20T10:48:06+08:00 ] 127.0.0.1 /linux/zhoukao1/index.php/Home/Index/show.html
INFO: [ app_init ] --START--
INFO: Run Behavior\BuildLiteBehavior [ RunTime:0.000017s ]
INFO: [ app_init ] --END-- [ RunTime:0.000425s ]

[ 2016-03-20T10:48:07+08:00 ] 127.0.0.1 /linux/zhoukao1/index.php/Home/Index/show.html
INFO: [ app_init ] --START--
INFO: Run Behavior\BuildLiteBehavior [ RunTime:0.000017s ]
INFO: [ app_init ] --END-- [ RunTime:0.000374s ]

[ 2016-03-20T10:48:09+08:00 ] 127.0.0.1 /linux/zhoukao1/index.php/Home/Index/answer/id/20
INFO: [ app_init ] --START--
INFO: Run Behavior\BuildLiteBehavior [ RunTime:0.000016s ]
INFO: [ app_init ] --END-- [ RunTime:0.000388s ]

[ 2016-03-20T10:48:24+08:00 ] 127.0.0.1 /linux/zhoukao1/index.php/Home/Index/answer/id/20
INFO: [ app_init ] --START--
INFO: Run Behavior\BuildLiteBehavior [ RunTime:0.000014s ]
INFO: [ app_init ] --END-- [ RunTime:0.000349s ]

[ 2016-03-20T10:51:11+08:00 ] 127.0.0.1 /linux/zhoukao1/index.php/Home/Index/answer/id/20
INFO: [ app_init ] --START--
INFO: Run Behavior\BuildLiteBehavior [ RunTime:0.000095s ]
INFO: [ app_init ] --END-- [ RunTime:0.001239s ]

[ 2016-03-20T10:51:11+08:00 ] 127.0.0.1 /linux/zhoukao1/index.php/Home/Index/answer/id/20
INFO: [ app_init ] --START--
INFO: Run Behavior\BuildLiteBehavior [ RunTime:0.000019s ]
INFO: [ app_init ] --END-- [ RunTime:0.000550s ]

[ 2016-03-20T10:51:37+08:00 ] 127.0.0.1 /linux/zhoukao1/index.php/Home/Index/answer/id/20
INFO: [ app_init ] --START--
INFO: Run Behavior\BuildLiteBehavior [ RunTime:0.000017s ]
INFO: [ app_init ] --END-- [ RunTime:0.000355s ]

[ 2016-03-20T10:52:05+08:00 ] 127.0.0.1 /linux/zhoukao1/index.php/Home/Index/show.html
INFO: [ app_init ] --START--
INFO: Run Behavior\BuildLiteBehavior [ RunTime:0.000018s ]
INFO: [ app_init ] --END-- [ RunTime:0.000412s ]

[ 2016-03-20T10:52:07+08:00 ] 127.0.0.1 /linux/zhoukao1/index.php/Home/Index/answer/id/20
INFO: [ app_init ] --START--
INFO: Run Behavior\BuildLiteBehavior [ RunTime:0.000015s ]
INFO: [ app_init ] --END-- [ RunTime:0.000343s ]

[ 2016-03-20T10:52:11+08:00 ] 127.0.0.1 /linux/zhoukao1/index.php/Home/Index/answer/id/14
INFO: [ app_init ] --START--
INFO: Run Behavior\BuildLiteBehavior [ RunTime:0.000017s ]
INFO: [ app_init ] --END-- [ RunTime:0.000381s ]

[ 2016-03-20T10:52:14+08:00 ] 127.0.0.1 /linux/zhoukao1/index.php/Home/Index/answer/id/15
INFO: [ app_init ] --START--
INFO: Run Behavior\BuildLiteBehavior [ RunTime:0.000019s ]
INFO: [ app_init ] --END-- [ RunTime:0.000910s ]

[ 2016-03-20T10:53:09+08:00 ] 127.0.0.1 /linux/zhoukao1/index.php/Home/Index/show.html
INFO: [ app_init ] --START--
INFO: Run Behavior\BuildLiteBehavior [ RunTime:0.000035s ]
INFO: [ app_init ] --END-- [ RunTime:0.000788s ]

[ 2016-03-20T10:53:15+08:00 ] 127.0.0.1 /linux/zhoukao1/index.php/Home/Index/show.html
INFO: [ app_init ] --START--
INFO: Run Behavior\BuildLiteBehavior [ RunTime:0.000024s ]
INFO: [ app_init ] --END-- [ RunTime:0.000575s ]

[ 2016-03-20T10:53:16+08:00 ] 127.0.0.1 /linux/zhoukao1/index.php/Home/Index/answer/id/15
INFO: [ app_init ] --START--
INFO: Run Behavior\BuildLiteBehavior [ RunTime:0.000014s ]
INFO: [ app_init ] --END-- [ RunTime:0.000325s ]

[ 2016-03-20T10:53:18+08:00 ] 127.0.0.1 /linux/zhoukao1/index.php/Home/Index/answer/id/14
INFO: [ app_init ] --START--
INFO: Run Behavior\BuildLiteBehavior [ RunTime:0.000027s ]
INFO: [ app_init ] --END-- [ RunTime:0.000540s ]

[ 2016-03-20T10:55:57+08:00 ] 127.0.0.1 /linux/zhoukao1/index.php/Home/Index/show.html
INFO: [ app_init ] --START--
INFO: Run Behavior\BuildLiteBehavior [ RunTime:0.000016s ]
INFO: [ app_init ] --END-- [ RunTime:0.000616s ]

[ 2016-03-20T10:55:58+08:00 ] 127.0.0.1 /linux/zhoukao1/index.php/Home/Index/answer/id/14
INFO: [ app_init ] --START--
INFO: Run Behavior\BuildLiteBehavior [ RunTime:0.000016s ]
INFO: [ app_init ] --END-- [ RunTime:0.000376s ]

[ 2016-03-20T10:55:59+08:00 ] 127.0.0.1 /linux/zhoukao1/index.php/Home/Index/answer/id/15
INFO: [ app_init ] --START--
INFO: Run Behavior\BuildLiteBehavior [ RunTime:0.000024s ]
INFO: [ app_init ] --END-- [ RunTime:0.000574s ]

[ 2016-03-20T10:56:24+08:00 ] 127.0.0.1 /linux/zhoukao1/index.php/Home/Index/answer/id/20
INFO: [ app_init ] --START--
INFO: Run Behavior\BuildLiteBehavior [ RunTime:0.000023s ]
INFO: [ app_init ] --END-- [ RunTime:0.000379s ]

[ 2016-03-20T10:56:27+08:00 ] 127.0.0.1 /linux/zhoukao1/index.php/Home/Index/show.html
INFO: [ app_init ] --START--
INFO: Run Behavior\BuildLiteBehavior [ RunTime:0.000015s ]
INFO: [ app_init ] --END-- [ RunTime:0.000316s ]

[ 2016-03-20T10:56:29+08:00 ] 127.0.0.1 /linux/zhoukao1/index.php/Home/Index/answer/sid/17
INFO: [ app_init ] --START--
INFO: Run Behavior\BuildLiteBehavior [ RunTime:0.000015s ]
INFO: [ app_init ] --END-- [ RunTime:0.000366s ]

[ 2016-03-20T10:56:42+08:00 ] 127.0.0.1 /linux/zhoukao1/index.php/Home/Index/show.html
INFO: [ app_init ] --START--
INFO: Run Behavior\BuildLiteBehavior [ RunTime:0.000014s ]
INFO: [ app_init ] --END-- [ RunTime:0.000312s ]

[ 2016-03-20T10:56:43+08:00 ] 127.0.0.1 /linux/zhoukao1/index.php/Home/Index/answer/sid/20
INFO: [ app_init ] --START--
INFO: Run Behavior\BuildLiteBehavior [ RunTime:0.000015s ]
INFO: [ app_init ] --END-- [ RunTime:0.000393s ]

[ 2016-03-20T10:57:08+08:00 ] 127.0.0.1 /linux/zhoukao1/index.php/Home/Index/show.html
INFO: [ app_init ] --START--
INFO: Run Behavior\BuildLiteBehavior [ RunTime:0.000018s ]
INFO: [ app_init ] --END-- [ RunTime:0.000415s ]

[ 2016-03-20T10:57:09+08:00 ] 127.0.0.1 /linux/zhoukao1/index.php/Home/Index/show.html
INFO: [ app_init ] --START--
INFO: Run Behavior\BuildLiteBehavior [ RunTime:0.000014s ]
INFO: [ app_init ] --END-- [ RunTime:0.000339s ]

[ 2016-03-20T10:57:10+08:00 ] 127.0.0.1 /linux/zhoukao1/index.php/Home/Index/answer/id/20
INFO: [ app_init ] --START--
INFO: Run Behavior\BuildLiteBehavior [ RunTime:0.000017s ]
INFO: [ app_init ] --END-- [ RunTime:0.000385s ]

[ 2016-03-20T10:57:22+08:00 ] 127.0.0.1 /linux/zhoukao1/index.php/Home/Index/show.html
INFO: [ app_init ] --START--
INFO: Run Behavior\BuildLiteBehavior [ RunTime:0.000025s ]
INFO: [ app_init ] --END-- [ RunTime:0.000617s ]

[ 2016-03-20T10:57:23+08:00 ] 127.0.0.1 /linux/zhoukao1/index.php/Home/Index/show.html
INFO: [ app_init ] --START--
INFO: Run Behavior\BuildLiteBehavior [ RunTime:0.000016s ]
INFO: [ app_init ] --END-- [ RunTime:0.000401s ]

[ 2016-03-20T10:57:25+08:00 ] 127.0.0.1 /linux/zhoukao1/index.php/Home/Index/answer/id/20
INFO: [ app_init ] --START--
INFO: Run Behavior\BuildLiteBehavior [ RunTime:0.000027s ]
INFO: [ app_init ] --END-- [ RunTime:0.000669s ]

[ 2016-03-20T10:57:38+08:00 ] 127.0.0.1 /linux/zhoukao1/index.php/Home/Index/show.html
INFO: [ app_init ] --START--
INFO: Run Behavior\BuildLiteBehavior [ RunTime:0.000037s ]
INFO: [ app_init ] --END-- [ RunTime:0.000428s ]

[ 2016-03-20T10:57:39+08:00 ] 127.0.0.1 /linux/zhoukao1/index.php/Home/Index/show.html
INFO: [ app_init ] --START--
INFO: Run Behavior\BuildLiteBehavior [ RunTime:0.000027s ]
INFO: [ app_init ] --END-- [ RunTime:0.000553s ]

[ 2016-03-20T10:57:39+08:00 ] 127.0.0.1 /linux/zhoukao1/index.php/Home/Index/show.html
INFO: [ app_init ] --START--
INFO: Run Behavior\BuildLiteBehavior [ RunTime:0.000017s ]
INFO: [ app_init ] --END-- [ RunTime:0.000345s ]

[ 2016-03-20T10:57:41+08:00 ] 127.0.0.1 /linux/zhoukao1/index.php/Home/Index/answer/id/20
INFO: [ app_init ] --START--
INFO: Run Behavior\BuildLiteBehavior [ RunTime:0.000023s ]
INFO: [ app_init ] --END-- [ RunTime:0.000511s ]

[ 2016-03-20T10:58:40+08:00 ] 127.0.0.1 /linux/zhoukao1/index.php/Home/Index/answer/id/20
INFO: [ app_init ] --START--
INFO: Run Behavior\BuildLiteBehavior [ RunTime:0.000015s ]
INFO: [ app_init ] --END-- [ RunTime:0.000424s ]

[ 2016-03-20T10:59:12+08:00 ] 127.0.0.1 /linux/zhoukao1/index.php/Home/Index/show.html
INFO: [ app_init ] --START--
INFO: Run Behavior\BuildLiteBehavior [ RunTime:0.000016s ]
INFO: [ app_init ] --END-- [ RunTime:0.000433s ]

[ 2016-03-20T10:59:12+08:00 ] 127.0.0.1 /linux/zhoukao1/index.php/Home/Index/answer/id/15
INFO: [ app_init ] --START--
INFO: Run Behavior\BuildLiteBehavior [ RunTime:0.000012s ]
INFO: [ app_init ] --END-- [ RunTime:0.000379s ]

[ 2016-03-20T15:25:57+08:00 ] 127.0.0.1 /linux/zhoukao1/index.php/Home/Index/show.html
INFO: [ app_init ] --START--
INFO: Run Behavior\BuildLiteBehavior [ RunTime:0.000032s ]
INFO: [ app_init ] --END-- [ RunTime:0.000744s ]

